=== ENHANCED PHASE 1A TEST REPORT ===
Session ID: SESSION_1756435261657
Timestamp: 2025-08-29T02:41:01.657Z
Environment: win32 x64

=== TEST RESULTS SUMMARY ===
Total Tests: 6
Successful: 6
Failed: 0
Total Duration: 15441ms
Breakpoints Hit: 0
Self-Critic Checks: 0

=== DETAILED RESULTS ===

CONSOLELOGS:
  Status: ‚ùå FAIL

PAGEERRORS:
  Status: ‚ùå FAIL

SYSTEMLOADTEST:
  Status: ‚úÖ PASS
  Duration: 3842ms
  Timestamp: 2025-08-29T02:41:11.425Z

FABFRAMEWORKTEST:
  Status: ‚úÖ PASS
  Duration: 4747ms
  Timestamp: 2025-08-29T02:41:16.173Z

BOOTSTRAPINITTEST:
  Status: ‚úÖ PASS
  Duration: 6744ms
  Timestamp: 2025-08-29T02:41:22.917Z

PERFORMANCEMETRICS:
  Status: ‚úÖ PASS
  Duration: 108ms
  Timestamp: 2025-08-29T02:41:23.025Z

=== SELF-CRITIC ANALYSIS ===

=== CONSOLE OUTPUT ===
[ERROR] Failed to load resource: net::ERR_FILE_NOT_FOUND
[LOG] BaseFAB loaded successfully - version 20250101_004
[LOG] FABManager loaded successfully - version 20250101_004
[LOG] DocsFAB: Registering with FABManager
[LOG] üîç [2025-08-29T02:41:02.846Z] [FABManager] [Register]: Registering FAB type JSHandle@object
[LOG] üîç [2025-08-29T02:41:02.847Z] [FABManager] [Register]: FAB type registered successfully JSHandle@object
[LOG] DocsFAB: Registration complete
[LOG] DocsFAB loaded successfully - version 20250101_004
[LOG] SidebarToggleFAB: Registering with FABManager
[LOG] üîç [2025-08-29T02:41:02.847Z] [FABManager] [Register]: Registering FAB type JSHandle@object
[LOG] üîç [2025-08-29T02:41:02.847Z] [FABManager] [Register]: FAB type registered successfully JSHandle@object
[LOG] SidebarToggleFAB: Registration complete
[LOG] SidebarToggleFAB loaded successfully - version 20250101_004
[LOG] Device: Initializing device context system
[LOG] Device: Current context: JSHandle@object
[LOG] [2025-08-29T02:41:02.849Z] [INFO] [TestRunner]: Test environment initialized
[LOG] [2025-08-29T02:41:08.990Z] [INFO] [TestRunner]: Starting system load test
[LOG] [2025-08-29T02:41:08.991Z] [INFO] [TestRunner]: Script device.js: ‚ùå Not Loaded
[LOG] [2025-08-29T02:41:08.994Z] [INFO] [TestRunner]: Script features.js: ‚ùå Not Loaded
[LOG] [2025-08-29T02:41:08.994Z] [INFO] [TestRunner]: Script BaseFAB.js: ‚úÖ Loaded
[LOG] [2025-08-29T02:41:08.995Z] [INFO] [TestRunner]: Script FABManager.js: ‚úÖ Loaded
[LOG] [2025-08-29T02:41:08.995Z] [INFO] [TestRunner]: Script DocsFAB.js: ‚ùå Not Loaded
[LOG] [2025-08-29T02:41:08.996Z] [INFO] [TestRunner]: Script SidebarToggleFAB.js: ‚ùå Not Loaded
[LOG] [2025-08-29T02:41:08.996Z] [INFO] [TestRunner]: Script bootstrap.js: ‚ùå Not Loaded
[LOG] [2025-08-29T02:41:08.996Z] [INFO] [TestRunner]: Global object DeviceContext: ‚úÖ Available
[LOG] [2025-08-29T02:41:08.996Z] [INFO] [TestRunner]: Global object NativeFeatures: ‚ùå Not Available
[LOG] [2025-08-29T02:41:08.996Z] [INFO] [TestRunner]: Global object BaseFAB: ‚úÖ Available
[LOG] [2025-08-29T02:41:08.996Z] [INFO] [TestRunner]: Global object FABManager: ‚úÖ Available
[LOG] [2025-08-29T02:41:08.997Z] [INFO] [TestRunner]: Global object DocsFAB: ‚ùå Not Available
[LOG] [2025-08-29T02:41:08.997Z] [INFO] [TestRunner]: Global object SidebarToggleFAB: ‚ùå Not Available
[LOG] [2025-08-29T02:41:08.997Z] [INFO] [TestRunner]: Global object AppBootstrap: ‚ùå Not Available
[LOG] [2025-08-29T02:41:12.836Z] [INFO] [TestRunner]: Starting FAB framework test
[LOG] [2025-08-29T02:41:12.837Z] [INFO] [TestRunner]: Testing FAB registration JSHandle@object
[LOG] üîç [2025-08-29T02:41:12.837Z] [FABManager] [Create]: Creating FAB instance JSHandle@object
[LOG] üîç [2025-08-29T02:41:12.837Z] [FABManager] [Create]: Instantiating FAB class JSHandle@object
[LOG] üîç [2025-08-29T02:41:12.838Z] [BaseFAB] [Init]: Initializing BaseFAB JSHandle@object
[LOG] üîç [2025-08-29T02:41:12.838Z] [BaseFAB] [CreateElement]: Creating FAB button element JSHandle@object
[LOG] üîç [2025-08-29T02:41:12.838Z] [BaseFAB] [CreateElement]: FAB button element created and appended JSHandle@object
[LOG] üîç [2025-08-29T02:41:12.838Z] [BaseFAB] [Init]: BaseFAB initialization complete JSHandle@object
[LOG] üîç [2025-08-29T02:41:12.838Z] [FABManager] [Create]: FAB instance created successfully JSHandle@object
[LOG] [2025-08-29T02:41:12.838Z] [INFO] [TestRunner]: DocsFAB created successfully JSHandle@object
[LOG] üîç [2025-08-29T02:41:12.839Z] [FABManager] [Create]: Creating FAB instance JSHandle@object
[LOG] üîç [2025-08-29T02:41:12.839Z] [FABManager] [Create]: Instantiating FAB class JSHandle@object
[LOG] üîç [2025-08-29T02:41:12.840Z] [BaseFAB] [Init]: Initializing BaseFAB JSHandle@object
[LOG] üîç [2025-08-29T02:41:12.840Z] [BaseFAB] [CreateElement]: Creating FAB button element JSHandle@object
[LOG] üîç [2025-08-29T02:41:12.840Z] [BaseFAB] [CreateElement]: FAB button element created and appended JSHandle@object
[LOG] üîç [2025-08-29T02:41:12.840Z] [BaseFAB] [Init]: BaseFAB initialization complete JSHandle@object
[LOG] üîç [2025-08-29T02:41:12.840Z] [FABManager] [Create]: FAB instance created successfully JSHandle@object
[LOG] [2025-08-29T02:41:12.840Z] [INFO] [TestRunner]: SidebarToggleFAB created successfully JSHandle@object
[LOG] [2025-08-29T02:41:17.583Z] [INFO] [TestRunner]: Starting bootstrap initialization test
[LOG] [2025-08-29T02:41:17.583Z] [ERROR] [TestRunner]: AppBootstrap not available

=== PAGE ERRORS ===
ERROR: Duplicate parameter name not allowed in this context
STACK: SyntaxError: Duplicate parameter name not allowed in this context
