<?xml version="1.0" encoding="UTF-8"?>
<coverage generated="1756893664371" clover="3.2.0">
  <project timestamp="1756893664372" name="All files">
    <metrics statements="5938" coveredstatements="1547" conditionals="2783" coveredconditionals="569" methods="1208" coveredmethods="308" elements="9929" coveredelements="2424" complexity="0" loc="5938" ncloc="5938" packages="2" files="35" classes="35"/>
    <package name="components">
      <metrics statements="1330" coveredstatements="1186" conditionals="632" coveredconditionals="429" methods="261" coveredmethods="219"/>
      <file name="ActiveListManager.js" path="D:\mapexp.github.io\js\components\ActiveListManager.js">
        <metrics statements="447" coveredstatements="402" conditionals="207" coveredconditionals="132" methods="89" coveredmethods="72"/>
        <line num="21" count="39" type="stmt"/>
        <line num="35" count="39" type="stmt"/>
        <line num="36" count="39" type="stmt"/>
        <line num="37" count="39" type="stmt"/>
        <line num="38" count="39" type="stmt"/>
        <line num="41" count="39" type="stmt"/>
        <line num="42" count="39" type="stmt"/>
        <line num="43" count="39" type="stmt"/>
        <line num="46" count="39" type="stmt"/>
        <line num="47" count="39" type="stmt"/>
        <line num="50" count="39" type="stmt"/>
        <line num="53" count="39" type="stmt"/>
        <line num="54" count="39" type="stmt"/>
        <line num="55" count="39" type="stmt"/>
        <line num="56" count="39" type="stmt"/>
        <line num="57" count="39" type="stmt"/>
        <line num="58" count="39" type="stmt"/>
        <line num="60" count="39" type="stmt"/>
        <line num="68" count="40" type="stmt"/>
        <line num="69" count="40" type="stmt"/>
        <line num="72" count="40" type="stmt"/>
        <line num="75" count="39" type="stmt"/>
        <line num="78" count="39" type="stmt"/>
        <line num="81" count="39" type="stmt"/>
        <line num="84" count="39" type="cond" truecount="1" falsecount="1"/>
        <line num="85" count="39" type="stmt"/>
        <line num="89" count="39" type="stmt"/>
        <line num="92" count="39" type="stmt"/>
        <line num="95" count="39" type="stmt"/>
        <line num="97" count="39" type="stmt"/>
        <line num="98" count="39" type="stmt"/>
        <line num="100" count="39" type="stmt"/>
        <line num="103" count="1" type="stmt"/>
        <line num="104" count="1" type="stmt"/>
        <line num="114" count="40" type="stmt"/>
        <line num="115" count="40" type="cond" truecount="2" falsecount="0"/>
        <line num="116" count="1" type="stmt"/>
        <line num="120" count="39" type="stmt"/>
        <line num="121" count="39" type="cond" truecount="1" falsecount="1"/>
        <line num="122" count="0" type="stmt"/>
        <line num="125" count="39" type="stmt"/>
        <line num="134" count="39" type="stmt"/>
        <line num="135" count="39" type="stmt"/>
        <line num="137" count="39" type="cond" truecount="1" falsecount="1"/>
        <line num="138" count="39" type="stmt"/>
        <line num="139" count="39" type="stmt"/>
        <line num="142" count="39" type="stmt"/>
        <line num="151" count="39" type="stmt"/>
        <line num="152" count="39" type="stmt"/>
        <line num="153" count="39" type="stmt"/>
        <line num="154" count="39" type="stmt"/>
        <line num="157" count="39" type="stmt"/>
        <line num="159" count="27" type="stmt"/>
        <line num="163" count="39" type="stmt"/>
        <line num="164" count="0" type="cond" truecount="0" falsecount="2"/>
        <line num="165" count="0" type="stmt"/>
        <line num="170" count="39" type="stmt"/>
        <line num="171" count="0" type="cond" truecount="0" falsecount="2"/>
        <line num="172" count="0" type="stmt"/>
        <line num="176" count="39" type="stmt"/>
        <line num="185" count="39" type="cond" truecount="3" falsecount="1"/>
        <line num="186" count="0" type="stmt"/>
        <line num="187" count="0" type="stmt"/>
        <line num="188" count="0" type="stmt"/>
        <line num="198" count="39" type="stmt"/>
        <line num="200" count="39" type="cond" truecount="2" falsecount="0"/>
        <line num="201" count="37" type="stmt"/>
        <line num="202" count="37" type="stmt"/>
        <line num="203" count="37" type="stmt"/>
        <line num="206" count="37" type="stmt"/>
        <line num="213" count="37" type="cond" truecount="1" falsecount="1"/>
        <line num="215" count="37" type="stmt"/>
        <line num="232" count="37" type="stmt"/>
        <line num="233" count="37" type="stmt"/>
        <line num="234" count="37" type="stmt"/>
        <line num="235" count="37" type="stmt"/>
        <line num="236" count="37" type="stmt"/>
        <line num="247" count="37" type="stmt"/>
        <line num="248" count="0" type="stmt"/>
        <line num="251" count="37" type="stmt"/>
        <line num="252" count="37" type="stmt"/>
        <line num="255" count="39" type="stmt"/>
        <line num="263" count="39" type="cond" truecount="1" falsecount="1"/>
        <line num="264" count="39" type="cond" truecount="2" falsecount="0"/>
        <line num="273" count="39" type="stmt"/>
        <line num="274" count="234" type="stmt"/>
        <line num="277" count="39" type="stmt"/>
        <line num="286" count="234" type="cond" truecount="4" falsecount="0"/>
        <line num="287" count="120" type="stmt"/>
        <line num="290" count="114" type="cond" truecount="2" falsecount="0"/>
        <line num="291" count="111" type="stmt"/>
        <line num="294" count="114" type="stmt"/>
        <line num="296" count="114" type="stmt"/>
        <line num="297" count="342" type="stmt"/>
        <line num="298" count="342" type="stmt"/>
        <line num="300" count="342" type="cond" truecount="4" falsecount="0"/>
        <line num="301" count="333" type="stmt"/>
        <line num="302" count="333" type="stmt"/>
        <line num="305" count="333" type="cond" truecount="2" falsecount="0"/>
        <line num="306" count="2" type="stmt"/>
        <line num="320" count="1128" type="stmt"/>
        <line num="321" count="1128" type="stmt"/>
        <line num="323" count="1128" type="cond" truecount="1" falsecount="1"/>
        <line num="324" count="0" type="stmt"/>
        <line num="327" count="1128" type="cond" truecount="1" falsecount="1"/>
        <line num="328" count="1128" type="stmt"/>
        <line num="331" count="0" type="stmt"/>
        <line num="332" count="0" type="cond" truecount="0" falsecount="2"/>
        <line num="333" count="0" type="stmt"/>
        <line num="336" count="0" type="stmt"/>
        <line num="345" count="20" type="stmt"/>
        <line num="346" count="20" type="stmt"/>
        <line num="348" count="20" type="cond" truecount="1" falsecount="1"/>
        <line num="351" count="20" type="stmt"/>
        <line num="352" count="20" type="cond" truecount="1" falsecount="1"/>
        <line num="354" count="20" type="stmt"/>
        <line num="355" count="20" type="stmt"/>
        <line num="357" count="20" type="cond" truecount="1" falsecount="1"/>
        <line num="358" count="0" type="stmt"/>
        <line num="361" count="20" type="stmt"/>
        <line num="363" count="20" type="cond" truecount="2" falsecount="0"/>
        <line num="364" count="18" type="stmt"/>
        <line num="366" count="2" type="stmt"/>
        <line num="370" count="20" type="stmt"/>
        <line num="373" count="20" type="stmt"/>
        <line num="386" count="20" type="cond" truecount="2" falsecount="0"/>
        <line num="387" count="1" type="stmt"/>
        <line num="388" count="1" type="stmt"/>
        <line num="392" count="19" type="stmt"/>
        <line num="393" count="19" type="stmt"/>
        <line num="394" count="9" type="stmt"/>
        <line num="402" count="3" type="stmt"/>
        <line num="403" count="3" type="stmt"/>
        <line num="410" count="3" type="stmt"/>
        <line num="411" count="3" type="stmt"/>
        <line num="412" count="3" type="stmt"/>
        <line num="414" count="3" type="cond" truecount="2" falsecount="0"/>
        <line num="415" count="1" type="stmt"/>
        <line num="418" count="3" type="stmt"/>
        <line num="425" count="54" type="cond" truecount="2" falsecount="0"/>
        <line num="426" count="1" type="stmt"/>
        <line num="427" count="1" type="stmt"/>
        <line num="430" count="53" type="cond" truecount="1" falsecount="1"/>
        <line num="432" count="53" type="stmt"/>
        <line num="434" count="53" type="stmt"/>
        <line num="437" count="53" type="stmt"/>
        <line num="440" count="53" type="stmt"/>
        <line num="441" count="53" type="stmt"/>
        <line num="442" count="318" type="stmt"/>
        <line num="446" count="53" type="stmt"/>
        <line num="449" count="53" type="stmt"/>
        <line num="455" count="53" type="stmt"/>
        <line num="458" count="0" type="stmt"/>
        <line num="467" count="53" type="stmt"/>
        <line num="468" count="53" type="stmt"/>
        <line num="469" count="53" type="stmt"/>
        <line num="481" count="53" type="stmt"/>
        <line num="482" count="53" type="stmt"/>
        <line num="483" count="53" type="stmt"/>
        <line num="486" count="53" type="stmt"/>
        <line num="487" count="53" type="stmt"/>
        <line num="488" count="53" type="stmt"/>
        <line num="489" count="53" type="stmt"/>
        <line num="490" count="53" type="stmt"/>
        <line num="493" count="53" type="stmt"/>
        <line num="499" count="53" type="stmt"/>
        <line num="500" count="159" type="cond" truecount="1" falsecount="1"/>
        <line num="502" count="159" type="stmt"/>
        <line num="503" count="159" type="stmt"/>
        <line num="504" count="159" type="stmt"/>
        <line num="505" count="159" type="stmt"/>
        <line num="506" count="159" type="stmt"/>
        <line num="514" count="159" type="stmt"/>
        <line num="517" count="53" type="stmt"/>
        <line num="527" count="318" type="cond" truecount="4" falsecount="0"/>
        <line num="528" count="165" type="stmt"/>
        <line num="531" count="153" type="cond" truecount="1" falsecount="1"/>
        <line num="532" count="153" type="stmt"/>
        <line num="534" count="153" type="stmt"/>
        <line num="535" count="459" type="stmt"/>
        <line num="536" count="459" type="stmt"/>
        <line num="538" count="459" type="cond" truecount="5" falsecount="0"/>
        <line num="539" count="447" type="stmt"/>
        <line num="542" count="12" type="stmt"/>
        <line num="543" count="12" type="stmt"/>
        <line num="544" count="12" type="stmt"/>
        <line num="547" count="153" type="stmt"/>
        <line num="559" count="12" type="stmt"/>
        <line num="560" count="12" type="stmt"/>
        <line num="561" count="12" type="stmt"/>
        <line num="562" count="12" type="stmt"/>
        <line num="572" count="12" type="stmt"/>
        <line num="573" count="0" type="stmt"/>
        <line num="575" count="12" type="stmt"/>
        <line num="576" count="0" type="stmt"/>
        <line num="580" count="12" type="stmt"/>
        <line num="583" count="12" type="stmt"/>
        <line num="584" count="12" type="stmt"/>
        <line num="586" count="12" type="cond" truecount="1" falsecount="1"/>
        <line num="587" count="12" type="stmt"/>
        <line num="590" count="12" type="cond" truecount="1" falsecount="1"/>
        <line num="591" count="12" type="stmt"/>
        <line num="594" count="12" type="cond" truecount="1" falsecount="1"/>
        <line num="595" count="12" type="stmt"/>
        <line num="598" count="12" type="stmt"/>
        <line num="609" count="12" type="stmt"/>
        <line num="610" count="12" type="cond" truecount="3" falsecount="1"/>
        <line num="611" count="12" type="stmt"/>
        <line num="612" count="12" type="cond" truecount="3" falsecount="1"/>
        <line num="613" count="12" type="stmt"/>
        <line num="614" count="12" type="stmt"/>
        <line num="615" count="12" type="stmt"/>
        <line num="628" count="12" type="stmt"/>
        <line num="629" count="12" type="stmt"/>
        <line num="630" count="12" type="stmt"/>
        <line num="631" count="12" type="stmt"/>
        <line num="632" count="12" type="stmt"/>
        <line num="646" count="12" type="stmt"/>
        <line num="647" count="0" type="stmt"/>
        <line num="649" count="12" type="stmt"/>
        <line num="650" count="0" type="stmt"/>
        <line num="653" count="12" type="stmt"/>
        <line num="654" count="1" type="stmt"/>
        <line num="657" count="12" type="stmt"/>
        <line num="668" count="12" type="stmt"/>
        <line num="669" count="12" type="stmt"/>
        <line num="672" count="12" type="stmt"/>
        <line num="673" count="12" type="stmt"/>
        <line num="674" count="12" type="stmt"/>
        <line num="676" count="12" type="stmt"/>
        <line num="685" count="12" type="cond" truecount="1" falsecount="1"/>
        <line num="686" count="12" type="cond" truecount="1" falsecount="1"/>
        <line num="687" count="12" type="cond" truecount="1" falsecount="1"/>
        <line num="688" count="12" type="stmt"/>
        <line num="690" count="0" type="stmt"/>
        <line num="693" count="12" type="stmt"/>
        <line num="704" count="12" type="cond" truecount="2" falsecount="2"/>
        <line num="705" count="0" type="stmt"/>
        <line num="707" count="12" type="cond" truecount="2" falsecount="2"/>
        <line num="708" count="0" type="stmt"/>
        <line num="710" count="12" type="stmt"/>
        <line num="721" count="12" type="stmt"/>
        <line num="722" count="12" type="stmt"/>
        <line num="725" count="12" type="stmt"/>
        <line num="727" count="12" type="stmt"/>
        <line num="728" count="1" type="stmt"/>
        <line num="731" count="12" type="stmt"/>
        <line num="732" count="12" type="stmt"/>
        <line num="744" count="12" type="stmt"/>
        <line num="745" count="12" type="stmt"/>
        <line num="748" count="12" type="stmt"/>
        <line num="750" count="12" type="stmt"/>
        <line num="751" count="1" type="stmt"/>
        <line num="754" count="12" type="stmt"/>
        <line num="755" count="12" type="stmt"/>
        <line num="758" count="12" type="cond" truecount="1" falsecount="1"/>
        <line num="759" count="12" type="stmt"/>
        <line num="771" count="12" type="stmt"/>
        <line num="772" count="12" type="stmt"/>
        <line num="773" count="12" type="stmt"/>
        <line num="775" count="12" type="stmt"/>
        <line num="776" count="1" type="stmt"/>
        <line num="779" count="12" type="stmt"/>
        <line num="780" count="12" type="stmt"/>
        <line num="789" count="36" type="stmt"/>
        <line num="790" count="36" type="stmt"/>
        <line num="796" count="36" type="stmt"/>
        <line num="806" count="36" type="stmt"/>
        <line num="807" count="36" type="stmt"/>
        <line num="808" count="36" type="stmt"/>
        <line num="809" count="36" type="stmt"/>
        <line num="815" count="36" type="stmt"/>
        <line num="826" count="1" type="cond" truecount="1" falsecount="1"/>
        <line num="827" count="1" type="stmt"/>
        <line num="828" count="1" type="stmt"/>
        <line num="831" count="1" type="stmt"/>
        <line num="847" count="1" type="cond" truecount="1" falsecount="1"/>
        <line num="848" count="0" type="stmt"/>
        <line num="850" count="1" type="stmt"/>
        <line num="853" count="1" type="stmt"/>
        <line num="869" count="12" type="cond" truecount="1" falsecount="1"/>
        <line num="871" count="12" type="stmt"/>
        <line num="872" count="12" type="stmt"/>
        <line num="874" count="12" type="stmt"/>
        <line num="875" count="12" type="cond" truecount="1" falsecount="1"/>
        <line num="876" count="0" type="stmt"/>
        <line num="878" count="12" type="stmt"/>
        <line num="881" count="12" type="cond" truecount="1" falsecount="1"/>
        <line num="882" count="12" type="stmt"/>
        <line num="893" count="1" type="cond" truecount="1" falsecount="1"/>
        <line num="894" count="1" type="stmt"/>
        <line num="907" count="1" type="cond" truecount="1" falsecount="1"/>
        <line num="909" count="1" type="stmt"/>
        <line num="910" count="1" type="cond" truecount="1" falsecount="1"/>
        <line num="911" count="0" type="stmt"/>
        <line num="915" count="1" type="stmt"/>
        <line num="916" count="1" type="stmt"/>
        <line num="917" count="1" type="stmt"/>
        <line num="919" count="1" type="cond" truecount="4" falsecount="1"/>
        <line num="920" count="1" type="stmt"/>
        <line num="922" count="0" type="stmt"/>
        <line num="925" count="0" type="stmt"/>
        <line num="928" count="1" type="stmt"/>
        <line num="943" count="1" type="cond" truecount="1" falsecount="1"/>
        <line num="946" count="1" type="stmt"/>
        <line num="953" count="1" type="stmt"/>
        <line num="956" count="1" type="stmt"/>
        <line num="957" count="0" type="stmt"/>
        <line num="960" count="1" type="stmt"/>
        <line num="961" count="1" type="stmt"/>
        <line num="962" count="1" type="stmt"/>
        <line num="963" count="1" type="stmt"/>
        <line num="965" count="0" type="stmt"/>
        <line num="966" count="0" type="stmt"/>
        <line num="972" count="0" type="stmt"/>
        <line num="973" count="0" type="stmt"/>
        <line num="986" count="4" type="cond" truecount="2" falsecount="2"/>
        <line num="990" count="4" type="stmt"/>
        <line num="991" count="5" type="stmt"/>
        <line num="994" count="4" type="stmt"/>
        <line num="995" count="4" type="stmt"/>
        <line num="996" count="2" type="cond" truecount="1" falsecount="1"/>
        <line num="997" count="2" type="stmt"/>
        <line num="1000" count="2" type="cond" truecount="2" falsecount="0"/>
        <line num="1001" count="1" type="stmt"/>
        <line num="1002" count="1" type="cond" truecount="1" falsecount="1"/>
        <line num="1003" count="1" type="stmt"/>
        <line num="1005" count="1" type="stmt"/>
        <line num="1010" count="6" type="cond" truecount="1" falsecount="1"/>
        <line num="1017" count="3" type="stmt"/>
        <line num="1029" count="2" type="cond" truecount="1" falsecount="1"/>
        <line num="1031" count="2" type="stmt"/>
        <line num="1036" count="2" type="cond" truecount="1" falsecount="1"/>
        <line num="1037" count="2" type="stmt"/>
        <line num="1038" count="2" type="stmt"/>
        <line num="1039" count="5" type="cond" truecount="2" falsecount="2"/>
        <line num="1040" count="5" type="cond" truecount="2" falsecount="2"/>
        <line num="1041" count="5" type="stmt"/>
        <line num="1043" count="2" type="stmt"/>
        <line num="1045" count="0" type="stmt"/>
        <line num="1048" count="2" type="cond" truecount="1" falsecount="1"/>
        <line num="1049" count="0" type="stmt"/>
        <line num="1050" count="0" type="stmt"/>
        <line num="1051" count="0" type="stmt"/>
        <line num="1052" count="0" type="stmt"/>
        <line num="1054" count="0" type="stmt"/>
        <line num="1057" count="2" type="stmt"/>
        <line num="1060" count="2" type="stmt"/>
        <line num="1061" count="0" type="stmt"/>
        <line num="1064" count="2" type="stmt"/>
        <line num="1072" count="1" type="cond" truecount="1" falsecount="1"/>
        <line num="1073" count="1" type="stmt"/>
        <line num="1074" count="1" type="stmt"/>
        <line num="1078" count="1" type="stmt"/>
        <line num="1079" count="0" type="stmt"/>
        <line num="1090" count="1" type="stmt"/>
        <line num="1091" count="1" type="cond" truecount="1" falsecount="1"/>
        <line num="1092" count="1" type="stmt"/>
        <line num="1093" count="1" type="stmt"/>
        <line num="1097" count="1" type="stmt"/>
        <line num="1098" count="1" type="cond" truecount="1" falsecount="1"/>
        <line num="1099" count="1" type="stmt"/>
        <line num="1103" count="1" type="stmt"/>
        <line num="1105" count="1" type="stmt"/>
        <line num="1114" count="53" type="cond" truecount="2" falsecount="0"/>
        <line num="1116" count="43" type="stmt"/>
        <line num="1118" count="43" type="cond" truecount="3" falsecount="1"/>
        <line num="1119" count="43" type="stmt"/>
        <line num="1120" count="43" type="stmt"/>
        <line num="1124" count="10" type="cond" truecount="1" falsecount="1"/>
        <line num="1125" count="10" type="stmt"/>
        <line num="1126" count="10" type="stmt"/>
        <line num="1137" count="2" type="stmt"/>
        <line num="1138" count="0" type="stmt"/>
        <line num="1139" count="0" type="stmt"/>
        <line num="1149" count="0" type="stmt"/>
        <line num="1157" count="1" type="stmt"/>
        <line num="1160" count="1" type="stmt"/>
        <line num="1161" count="6" type="stmt"/>
        <line num="1162" count="6" type="cond" truecount="2" falsecount="0"/>
        <line num="1165" count="1" type="stmt"/>
        <line num="1178" count="1" type="cond" truecount="1" falsecount="1"/>
        <line num="1179" count="1" type="stmt"/>
        <line num="1180" count="1" type="stmt"/>
        <line num="1181" count="2" type="stmt"/>
        <line num="1185" count="1" type="cond" truecount="1" falsecount="1"/>
        <line num="1186" count="1" type="stmt"/>
        <line num="1189" count="1" type="cond" truecount="1" falsecount="1"/>
        <line num="1190" count="0" type="stmt"/>
        <line num="1193" count="1" type="cond" truecount="1" falsecount="1"/>
        <line num="1194" count="1" type="stmt"/>
        <line num="1197" count="1" type="stmt"/>
        <line num="1205" count="1" type="stmt"/>
        <line num="1207" count="1" type="stmt"/>
        <line num="1208" count="3" type="cond" truecount="1" falsecount="1"/>
        <line num="1210" count="3" type="stmt"/>
        <line num="1211" count="2" type="cond" truecount="1" falsecount="1"/>
        <line num="1212" count="2" type="stmt"/>
        <line num="1215" count="2" type="cond" truecount="1" falsecount="1"/>
        <line num="1216" count="2" type="stmt"/>
        <line num="1221" count="1" type="stmt"/>
        <line num="1228" count="1" type="stmt"/>
        <line num="1230" count="1" type="stmt"/>
        <line num="1231" count="1" type="stmt"/>
        <line num="1232" count="3" type="stmt"/>
        <line num="1233" count="2" type="stmt"/>
        <line num="1234" count="2" type="cond" truecount="1" falsecount="1"/>
        <line num="1235" count="2" type="stmt"/>
        <line num="1238" count="3" type="stmt"/>
        <line num="1241" count="1" type="stmt"/>
        <line num="1243" count="1" type="stmt"/>
        <line num="1251" count="43" type="cond" truecount="2" falsecount="0"/>
        <line num="1253" count="38" type="stmt"/>
        <line num="1256" count="38" type="stmt"/>
        <line num="1259" count="38" type="stmt"/>
        <line num="1260" count="38" type="stmt"/>
        <line num="1261" count="38" type="stmt"/>
        <line num="1262" count="38" type="stmt"/>
        <line num="1265" count="38" type="stmt"/>
        <line num="1266" count="228" type="cond" truecount="2" falsecount="0"/>
        <line num="1268" count="108" type="stmt"/>
        <line num="1269" count="324" type="stmt"/>
        <line num="1270" count="324" type="stmt"/>
        <line num="1272" count="324" type="cond" truecount="3" falsecount="1"/>
        <line num="1273" count="324" type="stmt"/>
        <line num="1274" count="324" type="stmt"/>
        <line num="1280" count="38" type="cond" truecount="4" falsecount="0"/>
        <line num="1281" count="37" type="stmt"/>
        <line num="1285" count="38" type="stmt"/>
        <line num="1286" count="38" type="stmt"/>
        <line num="1289" count="38" type="stmt"/>
        <line num="1290" count="38" type="stmt"/>
        <line num="1291" count="38" type="stmt"/>
        <line num="1293" count="38" type="stmt"/>
        <line num="1295" count="38" type="stmt"/>
        <line num="1300" count="2" type="cond" truecount="1" falsecount="1"/>
        <line num="1301" count="2" type="stmt"/>
        <line num="1304" count="2" type="stmt"/>
        <line num="1305" count="1" type="cond" truecount="1" falsecount="1"/>
        <line num="1306" count="1" type="stmt"/>
        <line num="1310" count="2" type="stmt"/>
        <line num="1311" count="1" type="cond" truecount="1" falsecount="1"/>
        <line num="1312" count="1" type="stmt"/>
        <line num="1316" count="2" type="stmt"/>
        <line num="1317" count="1" type="cond" truecount="1" falsecount="1"/>
        <line num="1318" count="1" type="stmt"/>
        <line num="1323" count="2" type="stmt"/>
      </file>
      <file name="CollapsibleManager.js" path="D:\mapexp.github.io\js\components\CollapsibleManager.js">
        <metrics statements="205" coveredstatements="172" conditionals="81" coveredconditionals="49" methods="49" coveredmethods="42"/>
        <line num="29" count="23" type="stmt"/>
        <line num="43" count="23" type="stmt"/>
        <line num="49" count="23" type="stmt"/>
        <line num="55" count="23" type="stmt"/>
        <line num="58" count="23" type="stmt"/>
        <line num="59" count="23" type="stmt"/>
        <line num="60" count="23" type="stmt"/>
        <line num="67" count="23" type="stmt"/>
        <line num="69" count="23" type="stmt"/>
        <line num="71" count="23" type="stmt"/>
        <line num="74" count="23" type="stmt"/>
        <line num="77" count="23" type="cond" truecount="1" falsecount="1"/>
        <line num="78" count="0" type="stmt"/>
        <line num="82" count="23" type="stmt"/>
        <line num="85" count="23" type="stmt"/>
        <line num="88" count="23" type="stmt"/>
        <line num="90" count="23" type="stmt"/>
        <line num="91" count="23" type="stmt"/>
        <line num="94" count="0" type="stmt"/>
        <line num="95" count="0" type="stmt"/>
        <line num="104" count="23" type="stmt"/>
        <line num="106" count="23" type="stmt"/>
        <line num="107" count="92" type="stmt"/>
        <line num="108" count="92" type="stmt"/>
        <line num="109" count="92" type="stmt"/>
        <line num="110" count="92" type="stmt"/>
        <line num="112" count="92" type="cond" truecount="2" falsecount="0"/>
        <line num="113" count="91" type="stmt"/>
        <line num="118" count="91" type="stmt"/>
        <line num="119" count="91" type="stmt"/>
        <line num="121" count="1" type="stmt"/>
        <line num="125" count="23" type="stmt"/>
        <line num="134" count="23" type="stmt"/>
        <line num="135" count="23" type="stmt"/>
        <line num="136" count="23" type="stmt"/>
        <line num="139" count="23" type="stmt"/>
        <line num="140" count="23" type="stmt"/>
        <line num="141" count="23" type="stmt"/>
        <line num="150" count="23" type="cond" truecount="3" falsecount="1"/>
        <line num="151" count="0" type="stmt"/>
        <line num="152" count="0" type="stmt"/>
        <line num="153" count="0" type="stmt"/>
        <line num="157" count="0" type="cond" truecount="0" falsecount="2"/>
        <line num="158" count="0" type="stmt"/>
        <line num="159" count="0" type="stmt"/>
        <line num="170" count="23" type="stmt"/>
        <line num="171" count="91" type="stmt"/>
        <line num="181" count="0" type="cond" truecount="0" falsecount="2"/>
        <line num="183" count="0" type="stmt"/>
        <line num="184" count="0" type="stmt"/>
        <line num="185" count="0" type="stmt"/>
        <line num="187" count="0" type="cond" truecount="0" falsecount="2"/>
        <line num="188" count="0" type="stmt"/>
        <line num="189" count="0" type="stmt"/>
        <line num="192" count="0" type="stmt"/>
        <line num="200" count="4" type="stmt"/>
        <line num="201" count="4" type="cond" truecount="2" falsecount="0"/>
        <line num="202" count="1" type="stmt"/>
        <line num="203" count="1" type="stmt"/>
        <line num="206" count="3" type="stmt"/>
        <line num="208" count="3" type="cond" truecount="1" falsecount="1"/>
        <line num="209" count="0" type="stmt"/>
        <line num="211" count="3" type="stmt"/>
        <line num="220" count="15" type="stmt"/>
        <line num="221" count="15" type="cond" truecount="3" falsecount="1"/>
        <line num="223" count="15" type="stmt"/>
        <line num="225" count="15" type="stmt"/>
        <line num="227" count="15" type="cond" truecount="4" falsecount="0"/>
        <line num="228" count="4" type="stmt"/>
        <line num="232" count="15" type="stmt"/>
        <line num="233" count="15" type="stmt"/>
        <line num="236" count="15" type="stmt"/>
        <line num="239" count="15" type="cond" truecount="1" falsecount="1"/>
        <line num="240" count="0" type="stmt"/>
        <line num="244" count="15" type="stmt"/>
        <line num="245" count="15" type="stmt"/>
        <line num="248" count="15" type="stmt"/>
        <line num="257" count="4" type="stmt"/>
        <line num="258" count="4" type="cond" truecount="4" falsecount="0"/>
        <line num="260" count="3" type="stmt"/>
        <line num="262" count="3" type="stmt"/>
        <line num="263" count="3" type="stmt"/>
        <line num="265" count="3" type="cond" truecount="1" falsecount="1"/>
        <line num="266" count="3" type="stmt"/>
        <line num="270" count="3" type="stmt"/>
        <line num="273" count="3" type="cond" truecount="1" falsecount="1"/>
        <line num="274" count="0" type="stmt"/>
        <line num="278" count="3" type="stmt"/>
        <line num="279" count="3" type="stmt"/>
        <line num="282" count="3" type="stmt"/>
        <line num="292" count="4" type="stmt"/>
        <line num="294" count="4" type="stmt"/>
        <line num="295" count="16" type="cond" truecount="5" falsecount="0"/>
        <line num="296" count="4" type="stmt"/>
        <line num="300" count="4" type="stmt"/>
        <line num="308" count="50" type="cond" truecount="1" falsecount="1"/>
        <line num="311" count="50" type="stmt"/>
        <line num="312" count="46" type="stmt"/>
        <line num="313" count="46" type="stmt"/>
        <line num="315" count="46" type="stmt"/>
        <line num="316" count="100" type="stmt"/>
        <line num="318" count="100" type="cond" truecount="1" falsecount="1"/>
        <line num="320" count="100" type="cond" truecount="2" falsecount="0"/>
        <line num="321" count="8" type="stmt"/>
        <line num="322" count="92" type="cond" truecount="2" falsecount="0"/>
        <line num="323" count="67" type="stmt"/>
        <line num="336" count="43" type="stmt"/>
        <line num="337" count="43" type="stmt"/>
        <line num="338" count="8" type="stmt"/>
        <line num="349" count="0" type="stmt"/>
        <line num="357" count="19" type="stmt"/>
        <line num="362" count="19" type="stmt"/>
        <line num="363" count="72" type="stmt"/>
        <line num="369" count="19" type="stmt"/>
        <line num="377" count="1" type="cond" truecount="1" falsecount="1"/>
        <line num="379" count="1" type="cond" truecount="1" falsecount="1"/>
        <line num="381" count="1" type="cond" truecount="1" falsecount="1"/>
        <line num="382" count="1" type="stmt"/>
        <line num="383" count="3" type="stmt"/>
        <line num="384" count="3" type="cond" truecount="1" falsecount="1"/>
        <line num="385" count="3" type="cond" truecount="2" falsecount="0"/>
        <line num="386" count="2" type="stmt"/>
        <line num="388" count="1" type="stmt"/>
        <line num="394" count="1" type="stmt"/>
        <line num="402" count="0" type="cond" truecount="0" falsecount="2"/>
        <line num="404" count="0" type="stmt"/>
        <line num="405" count="0" type="stmt"/>
        <line num="406" count="0" type="stmt"/>
        <line num="408" count="0" type="stmt"/>
        <line num="417" count="0" type="cond" truecount="0" falsecount="2"/>
        <line num="419" count="0" type="stmt"/>
        <line num="420" count="0" type="stmt"/>
        <line num="421" count="0" type="cond" truecount="0" falsecount="2"/>
        <line num="422" count="0" type="stmt"/>
        <line num="423" count="0" type="stmt"/>
        <line num="426" count="0" type="stmt"/>
        <line num="436" count="5" type="cond" truecount="1" falsecount="1"/>
        <line num="445" count="13" type="stmt"/>
        <line num="446" count="13" type="cond" truecount="1" falsecount="1"/>
        <line num="454" count="25" type="stmt"/>
        <line num="455" count="25" type="stmt"/>
        <line num="456" count="25" type="stmt"/>
        <line num="457" count="25" type="stmt"/>
        <line num="458" count="25" type="stmt"/>
        <line num="459" count="25" type="stmt"/>
        <line num="462" count="91" type="stmt"/>
        <line num="463" count="25" type="stmt"/>
        <line num="466" count="25" type="stmt"/>
        <line num="468" count="25" type="stmt"/>
        <line num="484" count="91" type="stmt"/>
        <line num="485" count="91" type="stmt"/>
        <line num="486" count="91" type="stmt"/>
        <line num="487" count="91" type="stmt"/>
        <line num="488" count="91" type="stmt"/>
        <line num="491" count="91" type="stmt"/>
        <line num="492" count="91" type="stmt"/>
        <line num="500" count="91" type="stmt"/>
        <line num="509" count="2" type="stmt"/>
        <line num="510" count="2" type="stmt"/>
        <line num="518" count="91" type="stmt"/>
        <line num="519" count="91" type="cond" truecount="2" falsecount="0"/>
        <line num="520" count="91" type="stmt"/>
        <line num="521" count="91" type="stmt"/>
        <line num="523" count="91" type="stmt"/>
        <line num="524" count="91" type="stmt"/>
        <line num="527" count="91" type="stmt"/>
        <line num="528" count="2" type="cond" truecount="3" falsecount="1"/>
        <line num="529" count="2" type="stmt"/>
        <line num="530" count="2" type="stmt"/>
        <line num="540" count="235" type="stmt"/>
        <line num="548" count="72" type="stmt"/>
        <line num="556" count="17" type="cond" truecount="1" falsecount="1"/>
        <line num="558" count="17" type="stmt"/>
        <line num="559" count="17" type="stmt"/>
        <line num="562" count="17" type="stmt"/>
        <line num="564" count="17" type="stmt"/>
        <line num="575" count="8" type="cond" truecount="1" falsecount="1"/>
        <line num="578" count="8" type="stmt"/>
        <line num="580" count="8" type="stmt"/>
        <line num="581" count="8" type="stmt"/>
        <line num="583" count="8" type="stmt"/>
        <line num="595" count="17" type="stmt"/>
        <line num="596" count="17" type="stmt"/>
        <line num="599" count="17" type="stmt"/>
        <line num="600" count="17" type="stmt"/>
        <line num="601" count="17" type="stmt"/>
        <line num="602" count="17" type="stmt"/>
        <line num="604" count="17" type="stmt"/>
        <line num="615" count="8" type="stmt"/>
        <line num="616" count="8" type="stmt"/>
        <line num="617" count="8" type="stmt"/>
        <line num="618" count="8" type="stmt"/>
        <line num="620" count="8" type="stmt"/>
        <line num="621" count="8" type="stmt"/>
        <line num="622" count="8" type="stmt"/>
        <line num="623" count="8" type="stmt"/>
        <line num="624" count="8" type="stmt"/>
        <line num="625" count="8" type="stmt"/>
        <line num="634" count="91" type="stmt"/>
        <line num="637" count="91" type="stmt"/>
        <line num="638" count="91" type="stmt"/>
        <line num="639" count="91" type="stmt"/>
        <line num="640" count="91" type="stmt"/>
        <line num="642" count="91" type="stmt"/>
        <line num="643" count="91" type="stmt"/>
      </file>
      <file name="HamburgerMenu.js" path="D:\mapexp.github.io\js\components\HamburgerMenu.js">
        <metrics statements="142" coveredstatements="129" conditionals="90" coveredconditionals="64" methods="28" coveredmethods="25"/>
        <line num="22" count="30" type="stmt"/>
        <line num="23" count="30" type="stmt"/>
        <line num="24" count="30" type="stmt"/>
        <line num="32" count="30" type="stmt"/>
        <line num="34" count="30" type="stmt"/>
        <line num="35" count="30" type="cond" truecount="1" falsecount="1"/>
        <line num="38" count="30" type="stmt"/>
        <line num="39" count="30" type="stmt"/>
        <line num="40" count="30" type="stmt"/>
        <line num="41" count="30" type="stmt"/>
        <line num="42" count="30" type="stmt"/>
        <line num="43" count="30" type="stmt"/>
        <line num="46" count="30" type="cond" truecount="1" falsecount="1"/>
        <line num="47" count="0" type="stmt"/>
        <line num="56" count="30" type="stmt"/>
        <line num="77" count="30" type="stmt"/>
        <line num="108" count="30" type="stmt"/>
        <line num="109" count="30" type="stmt"/>
        <line num="110" count="30" type="stmt"/>
        <line num="113" count="30" type="stmt"/>
        <line num="122" count="37" type="stmt"/>
        <line num="142" count="30" type="stmt"/>
        <line num="316" count="30" type="stmt"/>
        <line num="317" count="30" type="cond" truecount="2" falsecount="0"/>
        <line num="318" count="1" type="stmt"/>
        <line num="319" count="1" type="stmt"/>
        <line num="320" count="1" type="stmt"/>
        <line num="322" count="30" type="stmt"/>
        <line num="329" count="30" type="cond" truecount="1" falsecount="1"/>
        <line num="330" count="30" type="stmt"/>
        <line num="333" count="30" type="cond" truecount="1" falsecount="1"/>
        <line num="334" count="30" type="stmt"/>
        <line num="338" count="30" type="cond" truecount="1" falsecount="1"/>
        <line num="339" count="30" type="stmt"/>
        <line num="342" count="30" type="stmt"/>
        <line num="343" count="30" type="stmt"/>
        <line num="344" count="19" type="stmt"/>
        <line num="349" count="30" type="stmt"/>
        <line num="357" count="4" type="cond" truecount="2" falsecount="0"/>
        <line num="358" count="2" type="stmt"/>
        <line num="361" count="4" type="cond" truecount="2" falsecount="0"/>
        <line num="362" count="2" type="stmt"/>
        <line num="364" count="2" type="stmt"/>
        <line num="372" count="16" type="cond" truecount="1" falsecount="1"/>
        <line num="373" count="0" type="stmt"/>
        <line num="376" count="16" type="stmt"/>
        <line num="377" count="16" type="stmt"/>
        <line num="378" count="16" type="stmt"/>
        <line num="379" count="16" type="stmt"/>
        <line num="380" count="16" type="stmt"/>
        <line num="381" count="16" type="stmt"/>
        <line num="384" count="16" type="stmt"/>
        <line num="385" count="16" type="cond" truecount="2" falsecount="0"/>
        <line num="386" count="6" type="stmt"/>
        <line num="390" count="16" type="cond" truecount="2" falsecount="2"/>
        <line num="391" count="0" type="stmt"/>
        <line num="394" count="16" type="stmt"/>
        <line num="401" count="40" type="cond" truecount="2" falsecount="0"/>
        <line num="402" count="24" type="stmt"/>
        <line num="405" count="16" type="stmt"/>
        <line num="406" count="16" type="stmt"/>
        <line num="407" count="16" type="stmt"/>
        <line num="408" count="16" type="stmt"/>
        <line num="409" count="16" type="stmt"/>
        <line num="410" count="16" type="stmt"/>
        <line num="412" count="16" type="stmt"/>
        <line num="421" count="4" type="cond" truecount="4" falsecount="0"/>
        <line num="422" count="1" type="stmt"/>
        <line num="432" count="6" type="cond" truecount="1" falsecount="1"/>
        <line num="433" count="0" type="stmt"/>
        <line num="436" count="6" type="cond" truecount="4" falsecount="0"/>
        <line num="438" count="1" type="stmt"/>
        <line num="439" count="1" type="stmt"/>
        <line num="440" count="1" type="stmt"/>
        <line num="441" count="1" type="stmt"/>
        <line num="444" count="2" type="stmt"/>
        <line num="445" count="2" type="stmt"/>
        <line num="446" count="2" type="stmt"/>
        <line num="449" count="2" type="stmt"/>
        <line num="450" count="2" type="stmt"/>
        <line num="451" count="2" type="stmt"/>
        <line num="454" count="1" type="cond" truecount="1" falsecount="1"/>
        <line num="455" count="1" type="stmt"/>
        <line num="456" count="1" type="stmt"/>
        <line num="458" count="1" type="stmt"/>
        <line num="468" count="3" type="stmt"/>
        <line num="469" count="3" type="cond" truecount="1" falsecount="1"/>
        <line num="470" count="0" type="stmt"/>
        <line num="473" count="3" type="stmt"/>
        <line num="474" count="3" type="cond" truecount="2" falsecount="0"/>
        <line num="476" count="3" type="cond" truecount="1" falsecount="1"/>
        <line num="478" count="3" type="cond" truecount="3" falsecount="1"/>
        <line num="479" count="3" type="stmt"/>
        <line num="480" count="3" type="stmt"/>
        <line num="484" count="3" type="stmt"/>
        <line num="491" count="3" type="cond" truecount="1" falsecount="1"/>
        <line num="492" count="3" type="stmt"/>
        <line num="502" count="2" type="stmt"/>
        <line num="503" count="2" type="stmt"/>
        <line num="504" count="2" type="stmt"/>
        <line num="505" count="2" type="stmt"/>
        <line num="506" count="2" type="stmt"/>
        <line num="514" count="2" type="stmt"/>
        <line num="515" count="2" type="stmt"/>
        <line num="516" count="2" type="stmt"/>
        <line num="517" count="2" type="cond" truecount="2" falsecount="0"/>
        <line num="518" count="2" type="stmt"/>
        <line num="526" count="7" type="stmt"/>
        <line num="528" count="7" type="stmt"/>
        <line num="529" count="7" type="cond" truecount="1" falsecount="1"/>
        <line num="530" count="7" type="stmt"/>
        <line num="533" count="7" type="cond" truecount="1" falsecount="1"/>
        <line num="534" count="7" type="stmt"/>
        <line num="535" count="7" type="stmt"/>
        <line num="536" count="8" type="stmt"/>
        <line num="541" count="7" type="stmt"/>
        <line num="550" count="0" type="stmt"/>
        <line num="551" count="0" type="stmt"/>
        <line num="555" count="0" type="stmt"/>
        <line num="556" count="0" type="cond" truecount="0" falsecount="2"/>
        <line num="557" count="0" type="stmt"/>
        <line num="561" count="0" type="stmt"/>
        <line num="562" count="0" type="cond" truecount="0" falsecount="2"/>
        <line num="565" count="0" type="stmt"/>
        <line num="573" count="5" type="stmt"/>
        <line num="574" count="5" type="stmt"/>
        <line num="582" count="1" type="cond" truecount="3" falsecount="1"/>
        <line num="583" count="1" type="stmt"/>
        <line num="584" count="1" type="stmt"/>
        <line num="592" count="1" type="stmt"/>
        <line num="593" count="1" type="stmt"/>
        <line num="594" count="1" type="stmt"/>
        <line num="605" count="120" type="stmt"/>
        <line num="606" count="120" type="stmt"/>
        <line num="607" count="120" type="stmt"/>
        <line num="608" count="120" type="stmt"/>
        <line num="609" count="120" type="stmt"/>
        <line num="611" count="120" type="cond" truecount="4" falsecount="0"/>
        <line num="621" count="30" type="stmt"/>
        <line num="622" count="30" type="stmt"/>
        <line num="625" count="30" type="stmt"/>
        <line num="628" count="30" type="stmt"/>
      </file>
      <file name="MobileDocsNavManager.js" path="D:\mapexp.github.io\js\components\MobileDocsNavManager.js">
        <metrics statements="320" coveredstatements="287" conditionals="146" coveredconditionals="107" methods="50" coveredmethods="41"/>
        <line num="27" count="54" type="stmt"/>
        <line num="29" count="54" type="stmt"/>
        <line num="30" count="54" type="stmt"/>
        <line num="31" count="54" type="stmt"/>
        <line num="34" count="54" type="cond" truecount="2" falsecount="0"/>
        <line num="35" count="54" type="stmt"/>
        <line num="36" count="54" type="stmt"/>
        <line num="37" count="54" type="stmt"/>
        <line num="40" count="54" type="stmt"/>
        <line num="41" count="54" type="stmt"/>
        <line num="42" count="54" type="stmt"/>
        <line num="43" count="54" type="stmt"/>
        <line num="44" count="54" type="stmt"/>
        <line num="45" count="54" type="stmt"/>
        <line num="48" count="54" type="stmt"/>
        <line num="49" count="54" type="stmt"/>
        <line num="50" count="54" type="stmt"/>
        <line num="51" count="54" type="stmt"/>
        <line num="52" count="54" type="stmt"/>
        <line num="53" count="54" type="stmt"/>
        <line num="56" count="54" type="stmt"/>
        <line num="67" count="54" type="stmt"/>
        <line num="68" count="54" type="stmt"/>
        <line num="69" count="54" type="stmt"/>
        <line num="70" count="54" type="stmt"/>
        <line num="78" count="56" type="cond" truecount="2" falsecount="0"/>
        <line num="79" count="2" type="stmt"/>
        <line num="80" count="2" type="stmt"/>
        <line num="83" count="54" type="stmt"/>
        <line num="84" count="54" type="stmt"/>
        <line num="87" count="54" type="stmt"/>
        <line num="90" count="54" type="stmt"/>
        <line num="93" count="54" type="stmt"/>
        <line num="96" count="54" type="stmt"/>
        <line num="99" count="54" type="stmt"/>
        <line num="102" count="54" type="cond" truecount="2" falsecount="0"/>
        <line num="103" count="53" type="stmt"/>
        <line num="107" count="54" type="cond" truecount="2" falsecount="0"/>
        <line num="108" count="53" type="stmt"/>
        <line num="112" count="54" type="stmt"/>
        <line num="115" count="54" type="stmt"/>
        <line num="117" count="54" type="stmt"/>
        <line num="120" count="54" type="stmt"/>
        <line num="126" count="54" type="stmt"/>
        <line num="129" count="0" type="stmt"/>
        <line num="130" count="0" type="stmt"/>
        <line num="140" count="54" type="stmt"/>
        <line num="141" count="54" type="cond" truecount="1" falsecount="1"/>
        <line num="142" count="0" type="stmt"/>
        <line num="146" count="54" type="stmt"/>
        <line num="147" count="54" type="cond" truecount="2" falsecount="0"/>
        <line num="148" count="1" type="stmt"/>
        <line num="151" count="54" type="stmt"/>
        <line num="159" count="57" type="stmt"/>
        <line num="161" count="57" type="cond" truecount="2" falsecount="0"/>
        <line num="162" count="1" type="stmt"/>
        <line num="163" count="1" type="stmt"/>
        <line num="167" count="56" type="stmt"/>
        <line num="169" count="56" type="stmt"/>
        <line num="170" count="225" type="stmt"/>
        <line num="171" count="225" type="stmt"/>
        <line num="172" count="225" type="stmt"/>
        <line num="173" count="225" type="stmt"/>
        <line num="175" count="225" type="cond" truecount="3" falsecount="1"/>
        <line num="176" count="225" type="stmt"/>
        <line num="187" count="56" type="stmt"/>
        <line num="188" count="56" type="cond" truecount="1" falsecount="1"/>
        <line num="189" count="56" type="stmt"/>
        <line num="192" count="56" type="stmt"/>
        <line num="195" count="56" type="stmt"/>
        <line num="206" count="57" type="stmt"/>
        <line num="207" count="57" type="stmt"/>
        <line num="209" count="57" type="cond" truecount="2" falsecount="0"/>
        <line num="210" count="45" type="stmt"/>
        <line num="213" count="45" type="stmt"/>
        <line num="227" count="54" type="stmt"/>
        <line num="230" count="54" type="stmt"/>
        <line num="233" count="54" type="stmt"/>
        <line num="236" count="54" type="stmt"/>
        <line num="237" count="54" type="stmt"/>
        <line num="240" count="54" type="cond" truecount="1" falsecount="1"/>
        <line num="241" count="54" type="stmt"/>
        <line num="242" count="54" type="stmt"/>
        <line num="245" count="54" type="stmt"/>
        <line num="253" count="54" type="cond" truecount="1" falsecount="1"/>
        <line num="254" count="54" type="stmt"/>
        <line num="255" count="0" type="stmt"/>
        <line num="256" count="0" type="cond" truecount="0" falsecount="2"/>
        <line num="257" count="0" type="stmt"/>
        <line num="258" count="0" type="stmt"/>
        <line num="263" count="54" type="stmt"/>
        <line num="264" count="54" type="stmt"/>
        <line num="273" count="97" type="cond" truecount="2" falsecount="0"/>
        <line num="276" count="84" type="stmt"/>
        <line num="277" count="84" type="stmt"/>
        <line num="278" count="84" type="stmt"/>
        <line num="279" count="84" type="stmt"/>
        <line num="281" count="84" type="cond" truecount="1" falsecount="1"/>
        <line num="282" count="84" type="stmt"/>
        <line num="283" count="84" type="stmt"/>
        <line num="286" count="84" type="stmt"/>
        <line num="287" count="84" type="stmt"/>
        <line num="288" count="337" type="stmt"/>
        <line num="289" count="337" type="cond" truecount="1" falsecount="1"/>
        <line num="293" count="84" type="stmt"/>
        <line num="301" count="97" type="cond" truecount="2" falsecount="0"/>
        <line num="304" count="84" type="stmt"/>
        <line num="305" count="2" type="stmt"/>
        <line num="306" count="2" type="stmt"/>
        <line num="309" count="84" type="stmt"/>
        <line num="310" count="2" type="stmt"/>
        <line num="311" count="2" type="stmt"/>
        <line num="313" count="2" type="stmt"/>
        <line num="314" count="2" type="stmt"/>
        <line num="317" count="2" type="cond" truecount="3" falsecount="1"/>
        <line num="318" count="2" type="stmt"/>
        <line num="322" count="84" type="stmt"/>
        <line num="330" count="59" type="cond" truecount="1" falsecount="1"/>
        <line num="331" count="0" type="stmt"/>
        <line num="332" count="0" type="stmt"/>
        <line num="336" count="59" type="stmt"/>
        <line num="338" count="59" type="cond" truecount="2" falsecount="0"/>
        <line num="339" count="14" type="stmt"/>
        <line num="340" count="14" type="stmt"/>
        <line num="343" count="45" type="cond" truecount="1" falsecount="1"/>
        <line num="344" count="0" type="stmt"/>
        <line num="345" count="0" type="stmt"/>
        <line num="349" count="45" type="stmt"/>
        <line num="351" count="45" type="stmt"/>
        <line num="354" count="45" type="stmt"/>
        <line num="366" count="45" type="stmt"/>
        <line num="367" count="45" type="cond" truecount="1" falsecount="1"/>
        <line num="368" count="0" type="stmt"/>
        <line num="369" count="0" type="stmt"/>
        <line num="373" count="45" type="stmt"/>
        <line num="374" count="45" type="stmt"/>
        <line num="377" count="45" type="stmt"/>
        <line num="378" count="45" type="stmt"/>
        <line num="379" count="45" type="stmt"/>
        <line num="387" count="45" type="stmt"/>
        <line num="388" count="45" type="stmt"/>
        <line num="391" count="45" type="stmt"/>
        <line num="392" count="45" type="stmt"/>
        <line num="393" count="45" type="stmt"/>
        <line num="396" count="45" type="stmt"/>
        <line num="397" count="45" type="stmt"/>
        <line num="400" count="45" type="stmt"/>
        <line num="401" count="181" type="stmt"/>
        <line num="402" count="181" type="stmt"/>
        <line num="403" count="181" type="stmt"/>
        <line num="404" count="181" type="stmt"/>
        <line num="405" count="181" type="stmt"/>
        <line num="407" count="181" type="cond" truecount="2" falsecount="0"/>
        <line num="408" count="45" type="stmt"/>
        <line num="412" count="181" type="stmt"/>
        <line num="414" count="181" type="stmt"/>
        <line num="418" count="45" type="stmt"/>
        <line num="419" count="45" type="stmt"/>
        <line num="422" count="45" type="stmt"/>
        <line num="423" count="45" type="stmt"/>
        <line num="426" count="45" type="stmt"/>
        <line num="429" count="45" type="stmt"/>
        <line num="432" count="45" type="cond" truecount="2" falsecount="0"/>
        <line num="433" count="44" type="stmt"/>
        <line num="437" count="45" type="cond" truecount="2" falsecount="0"/>
        <line num="438" count="44" type="stmt"/>
        <line num="441" count="45" type="stmt"/>
        <line num="448" count="4" type="cond" truecount="2" falsecount="0"/>
        <line num="449" count="1" type="stmt"/>
        <line num="451" count="3" type="stmt"/>
        <line num="459" count="20" type="cond" truecount="4" falsecount="1"/>
        <line num="461" count="20" type="stmt"/>
        <line num="463" count="20" type="stmt"/>
        <line num="466" count="20" type="stmt"/>
        <line num="467" count="20" type="stmt"/>
        <line num="470" count="20" type="cond" truecount="1" falsecount="1"/>
        <line num="471" count="20" type="stmt"/>
        <line num="472" count="20" type="stmt"/>
        <line num="473" count="20" type="stmt"/>
        <line num="476" count="20" type="stmt"/>
        <line num="477" count="20" type="stmt"/>
        <line num="478" count="80" type="stmt"/>
        <line num="483" count="20" type="cond" truecount="4" falsecount="0"/>
        <line num="484" count="19" type="stmt"/>
        <line num="488" count="20" type="stmt"/>
        <line num="493" count="20" type="stmt"/>
        <line num="494" count="20" type="cond" truecount="4" falsecount="0"/>
        <line num="495" count="2" type="stmt"/>
        <line num="503" count="21" type="cond" truecount="5" falsecount="0"/>
        <line num="505" count="20" type="stmt"/>
        <line num="507" count="20" type="stmt"/>
        <line num="510" count="20" type="stmt"/>
        <line num="511" count="20" type="stmt"/>
        <line num="514" count="20" type="cond" truecount="1" falsecount="1"/>
        <line num="515" count="20" type="stmt"/>
        <line num="516" count="20" type="stmt"/>
        <line num="517" count="20" type="stmt"/>
        <line num="520" count="20" type="stmt"/>
        <line num="521" count="20" type="stmt"/>
        <line num="522" count="80" type="stmt"/>
        <line num="527" count="20" type="stmt"/>
        <line num="535" count="6" type="cond" truecount="2" falsecount="0"/>
        <line num="537" count="5" type="stmt"/>
        <line num="539" count="5" type="stmt"/>
        <line num="542" count="5" type="stmt"/>
        <line num="543" count="20" type="stmt"/>
        <line num="547" count="5" type="cond" truecount="1" falsecount="1"/>
        <line num="548" count="5" type="stmt"/>
        <line num="549" count="5" type="stmt"/>
        <line num="550" count="20" type="stmt"/>
        <line num="551" count="20" type="cond" truecount="2" falsecount="0"/>
        <line num="552" count="5" type="stmt"/>
        <line num="554" count="15" type="stmt"/>
        <line num="560" count="5" type="stmt"/>
        <line num="570" count="3" type="stmt"/>
        <line num="573" count="3" type="stmt"/>
        <line num="576" count="3" type="cond" truecount="2" falsecount="0"/>
        <line num="577" count="2" type="stmt"/>
        <line num="581" count="3" type="stmt"/>
        <line num="592" count="2" type="stmt"/>
        <line num="593" count="2" type="stmt"/>
        <line num="596" count="2" type="cond" truecount="1" falsecount="1"/>
        <line num="597" count="2" type="stmt"/>
        <line num="606" count="4" type="cond" truecount="4" falsecount="0"/>
        <line num="609" count="2" type="cond" truecount="2" falsecount="0"/>
        <line num="610" count="1" type="stmt"/>
        <line num="619" count="4" type="cond" truecount="4" falsecount="1"/>
        <line num="621" count="1" type="cond" truecount="1" falsecount="1"/>
        <line num="622" count="1" type="stmt"/>
        <line num="623" count="1" type="stmt"/>
        <line num="625" count="1" type="cond" truecount="1" falsecount="1"/>
        <line num="626" count="1" type="stmt"/>
        <line num="629" count="1" type="stmt"/>
        <line num="632" count="1" type="cond" truecount="3" falsecount="1"/>
        <line num="633" count="0" type="stmt"/>
        <line num="634" count="0" type="stmt"/>
        <line num="636" count="1" type="stmt"/>
        <line num="639" count="0" type="cond" truecount="0" falsecount="4"/>
        <line num="640" count="0" type="stmt"/>
        <line num="641" count="0" type="stmt"/>
        <line num="643" count="0" type="stmt"/>
        <line num="647" count="2" type="cond" truecount="1" falsecount="1"/>
        <line num="648" count="2" type="stmt"/>
        <line num="649" count="2" type="stmt"/>
        <line num="651" count="2" type="stmt"/>
        <line num="660" count="0" type="stmt"/>
        <line num="661" count="0" type="stmt"/>
        <line num="662" count="0" type="stmt"/>
        <line num="663" count="0" type="stmt"/>
        <line num="671" count="0" type="stmt"/>
        <line num="672" count="0" type="stmt"/>
        <line num="673" count="0" type="cond" truecount="0" falsecount="2"/>
        <line num="674" count="0" type="stmt"/>
        <line num="682" count="2" type="stmt"/>
        <line num="683" count="2" type="stmt"/>
        <line num="684" count="2" type="stmt"/>
        <line num="692" count="2" type="stmt"/>
        <line num="693" count="2" type="stmt"/>
        <line num="695" count="2" type="cond" truecount="1" falsecount="1"/>
        <line num="697" count="2" type="stmt"/>
        <line num="700" count="2" type="stmt"/>
        <line num="703" count="2" type="cond" truecount="3" falsecount="1"/>
        <line num="704" count="2" type="stmt"/>
        <line num="708" count="2" type="stmt"/>
        <line num="720" count="1" type="stmt"/>
        <line num="723" count="1" type="stmt"/>
        <line num="724" count="0" type="stmt"/>
        <line num="725" count="0" type="stmt"/>
        <line num="734" count="1" type="stmt"/>
        <line num="735" count="1" type="stmt"/>
        <line num="744" count="54" type="stmt"/>
        <line num="747" count="54" type="stmt"/>
        <line num="748" count="1" type="stmt"/>
        <line num="749" count="1" type="stmt"/>
        <line num="750" count="0" type="stmt"/>
        <line num="751" count="0" type="stmt"/>
        <line num="752" count="0" type="stmt"/>
        <line num="755" count="54" type="stmt"/>
        <line num="763" count="1" type="stmt"/>
        <line num="768" count="4" type="stmt"/>
        <line num="782" count="1" type="cond" truecount="3" falsecount="1"/>
        <line num="783" count="1" type="stmt"/>
        <line num="786" count="1" type="cond" truecount="3" falsecount="1"/>
        <line num="787" count="1" type="cond" truecount="1" falsecount="1"/>
        <line num="788" count="1" type="stmt"/>
        <line num="790" count="0" type="stmt"/>
        <line num="800" count="114" type="cond" truecount="2" falsecount="0"/>
        <line num="801" count="11" type="stmt"/>
        <line num="805" count="114" type="cond" truecount="2" falsecount="0"/>
        <line num="806" count="44" type="stmt"/>
        <line num="807" count="44" type="stmt"/>
        <line num="808" count="44" type="stmt"/>
        <line num="809" count="44" type="stmt"/>
        <line num="810" count="44" type="stmt"/>
        <line num="814" count="114" type="stmt"/>
        <line num="815" count="114" type="stmt"/>
        <line num="817" count="114" type="stmt"/>
        <line num="824" count="57" type="cond" truecount="2" falsecount="0"/>
        <line num="826" count="53" type="stmt"/>
        <line num="829" count="53" type="stmt"/>
        <line num="832" count="53" type="stmt"/>
        <line num="833" count="53" type="stmt"/>
        <line num="834" count="53" type="stmt"/>
        <line num="835" count="53" type="stmt"/>
        <line num="836" count="53" type="stmt"/>
        <line num="839" count="53" type="cond" truecount="1" falsecount="1"/>
        <line num="840" count="53" type="stmt"/>
        <line num="841" count="53" type="stmt"/>
        <line num="845" count="53" type="cond" truecount="1" falsecount="1"/>
        <line num="846" count="53" type="stmt"/>
        <line num="847" count="53" type="stmt"/>
        <line num="851" count="53" type="stmt"/>
        <line num="852" count="53" type="stmt"/>
        <line num="853" count="53" type="stmt"/>
        <line num="856" count="53" type="cond" truecount="1" falsecount="1"/>
        <line num="857" count="53" type="stmt"/>
        <line num="859" count="53" type="cond" truecount="1" falsecount="1"/>
        <line num="860" count="53" type="stmt"/>
        <line num="864" count="53" type="stmt"/>
        <line num="868" count="53" type="stmt"/>
      </file>
      <file name="SearchManager.js" path="D:\mapexp.github.io\js\components\SearchManager.js">
        <metrics statements="216" coveredstatements="196" conditionals="108" coveredconditionals="77" methods="45" coveredmethods="39"/>
        <line num="29" count="35" type="stmt"/>
        <line num="44" count="35" type="stmt"/>
        <line num="50" count="35" type="stmt"/>
        <line num="56" count="35" type="stmt"/>
        <line num="62" count="35" type="stmt"/>
        <line num="68" count="35" type="stmt"/>
        <line num="74" count="35" type="stmt"/>
        <line num="77" count="35" type="stmt"/>
        <line num="78" count="35" type="stmt"/>
        <line num="79" count="35" type="stmt"/>
        <line num="80" count="35" type="stmt"/>
        <line num="81" count="35" type="stmt"/>
        <line num="82" count="35" type="stmt"/>
        <line num="89" count="33" type="stmt"/>
        <line num="91" count="33" type="stmt"/>
        <line num="93" count="33" type="stmt"/>
        <line num="96" count="31" type="stmt"/>
        <line num="99" count="31" type="stmt"/>
        <line num="102" count="31" type="stmt"/>
        <line num="105" count="31" type="stmt"/>
        <line num="107" count="31" type="stmt"/>
        <line num="108" count="31" type="stmt"/>
        <line num="111" count="2" type="stmt"/>
        <line num="112" count="2" type="stmt"/>
        <line num="121" count="33" type="cond" truecount="3" falsecount="0"/>
        <line num="125" count="33" type="cond" truecount="3" falsecount="0"/>
        <line num="129" count="33" type="cond" truecount="2" falsecount="0"/>
        <line num="130" count="1" type="stmt"/>
        <line num="133" count="32" type="cond" truecount="2" falsecount="0"/>
        <line num="134" count="1" type="stmt"/>
        <line num="137" count="31" type="stmt"/>
        <line num="146" count="31" type="stmt"/>
        <line num="147" count="31" type="stmt"/>
        <line num="148" count="31" type="stmt"/>
        <line num="151" count="31" type="stmt"/>
        <line num="154" count="31" type="stmt"/>
        <line num="155" count="31" type="stmt"/>
        <line num="156" count="31" type="stmt"/>
        <line num="157" count="31" type="stmt"/>
        <line num="158" count="31" type="stmt"/>
        <line num="160" count="31" type="stmt"/>
        <line num="169" count="31" type="cond" truecount="3" falsecount="1"/>
        <line num="170" count="0" type="stmt"/>
        <line num="171" count="0" type="stmt"/>
        <line num="172" count="0" type="stmt"/>
        <line num="176" count="0" type="cond" truecount="0" falsecount="2"/>
        <line num="177" count="0" type="stmt"/>
        <line num="178" count="0" type="stmt"/>
        <line num="190" count="31" type="stmt"/>
        <line num="191" count="31" type="stmt"/>
        <line num="192" count="31" type="stmt"/>
        <line num="193" count="31" type="stmt"/>
        <line num="194" count="31" type="stmt"/>
        <line num="196" count="31" type="stmt"/>
        <line num="197" count="31" type="stmt"/>
        <line num="200" count="31" type="cond" truecount="4" falsecount="0"/>
        <line num="201" count="30" type="stmt"/>
        <line num="210" count="31" type="stmt"/>
        <line num="212" count="31" type="cond" truecount="4" falsecount="0"/>
        <line num="213" count="30" type="stmt"/>
        <line num="216" count="1" type="stmt"/>
        <line num="217" count="0" type="stmt"/>
        <line num="221" count="31" type="stmt"/>
        <line num="224" count="0" type="stmt"/>
        <line num="225" count="0" type="stmt"/>
        <line num="234" count="32" type="stmt"/>
        <line num="236" count="32" type="cond" truecount="4" falsecount="0"/>
        <line num="237" count="1" type="stmt"/>
        <line num="238" count="1" type="stmt"/>
        <line num="241" count="31" type="stmt"/>
        <line num="242" count="93" type="cond" truecount="1" falsecount="1"/>
        <line num="244" count="93" type="stmt"/>
        <line num="245" count="279" type="cond" truecount="3" falsecount="1"/>
        <line num="248" count="279" type="stmt"/>
        <line num="249" count="279" type="cond" truecount="1" falsecount="1"/>
        <line num="251" count="0" type="stmt"/>
        <line num="252" count="0" type="cond" truecount="0" falsecount="2"/>
        <line num="253" count="0" type="cond" truecount="0" falsecount="2"/>
        <line num="254" count="0" type="stmt"/>
        <line num="255" count="0" type="stmt"/>
        <line num="260" count="279" type="cond" truecount="1" falsecount="1"/>
        <line num="261" count="279" type="stmt"/>
        <line num="272" count="31" type="stmt"/>
        <line num="281" count="17" type="stmt"/>
        <line num="282" count="17" type="stmt"/>
        <line num="285" count="17" type="stmt"/>
        <line num="287" count="17" type="cond" truecount="2" falsecount="0"/>
        <line num="288" count="1" type="stmt"/>
        <line num="289" count="1" type="stmt"/>
        <line num="293" count="16" type="stmt"/>
        <line num="294" count="14" type="stmt"/>
        <line num="304" count="4" type="cond" truecount="1" falsecount="1"/>
        <line num="306" count="4" type="stmt"/>
        <line num="308" count="4" type="cond" truecount="4" falsecount="0"/>
        <line num="310" count="1" type="stmt"/>
        <line num="311" count="1" type="stmt"/>
        <line num="312" count="1" type="stmt"/>
        <line num="313" count="1" type="stmt"/>
        <line num="316" count="1" type="stmt"/>
        <line num="317" count="1" type="stmt"/>
        <line num="318" count="1" type="stmt"/>
        <line num="319" count="1" type="stmt"/>
        <line num="322" count="1" type="stmt"/>
        <line num="323" count="1" type="cond" truecount="3" falsecount="1"/>
        <line num="324" count="1" type="stmt"/>
        <line num="326" count="1" type="stmt"/>
        <line num="329" count="1" type="stmt"/>
        <line num="330" count="1" type="stmt"/>
        <line num="331" count="1" type="stmt"/>
        <line num="342" count="0" type="stmt"/>
        <line num="343" count="0" type="stmt"/>
        <line num="353" count="2" type="stmt"/>
        <line num="354" count="2" type="cond" truecount="3" falsecount="1"/>
        <line num="355" count="2" type="stmt"/>
        <line num="365" count="16" type="stmt"/>
        <line num="367" count="16" type="stmt"/>
        <line num="368" count="144" type="stmt"/>
        <line num="371" count="16" type="stmt"/>
        <line num="374" count="16" type="stmt"/>
        <line num="380" count="16" type="stmt"/>
        <line num="390" count="16" type="cond" truecount="2" falsecount="0"/>
        <line num="391" count="1" type="stmt"/>
        <line num="393" count="15" type="stmt"/>
        <line num="394" count="43" type="stmt"/>
        <line num="398" count="16" type="stmt"/>
        <line num="399" count="16" type="stmt"/>
        <line num="411" count="43" type="stmt"/>
        <line num="412" count="43" type="stmt"/>
        <line num="414" count="43" type="stmt"/>
        <line num="429" count="43" type="cond" truecount="3" falsecount="1"/>
        <line num="430" count="43" type="stmt"/>
        <line num="431" count="43" type="cond" truecount="1" falsecount="1"/>
        <line num="432" count="43" type="cond" truecount="1" falsecount="1"/>
        <line num="434" count="0" type="stmt"/>
        <line num="445" count="43" type="cond" truecount="1" falsecount="1"/>
        <line num="447" count="43" type="stmt"/>
        <line num="448" count="43" type="stmt"/>
        <line num="457" count="4" type="stmt"/>
        <line num="458" count="12" type="stmt"/>
        <line num="462" count="4" type="stmt"/>
        <line num="472" count="3" type="stmt"/>
        <line num="473" count="3" type="stmt"/>
        <line num="474" count="3" type="stmt"/>
        <line num="476" count="3" type="stmt"/>
        <line num="477" count="3" type="stmt"/>
        <line num="478" count="3" type="stmt"/>
        <line num="481" count="3" type="stmt"/>
        <line num="492" count="4" type="stmt"/>
        <line num="493" count="4" type="cond" truecount="2" falsecount="0"/>
        <line num="494" count="1" type="stmt"/>
        <line num="495" count="1" type="stmt"/>
        <line num="499" count="3" type="stmt"/>
        <line num="502" count="3" type="stmt"/>
        <line num="504" count="3" type="cond" truecount="3" falsecount="1"/>
        <line num="505" count="3" type="stmt"/>
        <line num="506" count="3" type="stmt"/>
        <line num="510" count="3" type="cond" truecount="1" falsecount="1"/>
        <line num="511" count="3" type="stmt"/>
        <line num="521" count="4" type="stmt"/>
        <line num="522" count="4" type="stmt"/>
        <line num="524" count="4" type="cond" truecount="3" falsecount="1"/>
        <line num="526" count="4" type="stmt"/>
        <line num="527" count="4" type="cond" truecount="2" falsecount="2"/>
        <line num="528" count="0" type="stmt"/>
        <line num="531" count="4" type="stmt"/>
        <line num="543" count="4" type="stmt"/>
        <line num="544" count="4" type="stmt"/>
        <line num="546" count="4" type="cond" truecount="1" falsecount="1"/>
        <line num="547" count="4" type="stmt"/>
        <line num="548" count="4" type="cond" truecount="1" falsecount="2"/>
        <line num="550" count="0" type="stmt"/>
        <line num="551" count="0" type="stmt"/>
        <line num="554" count="4" type="stmt"/>
        <line num="563" count="4" type="cond" truecount="2" falsecount="0"/>
        <line num="564" count="1" type="stmt"/>
        <line num="566" count="1" type="stmt"/>
        <line num="567" count="1" type="stmt"/>
        <line num="568" count="1" type="stmt"/>
        <line num="578" count="16" type="stmt"/>
        <line num="579" count="16" type="stmt"/>
        <line num="580" count="16" type="stmt"/>
        <line num="588" count="28" type="stmt"/>
        <line num="589" count="28" type="stmt"/>
        <line num="590" count="28" type="stmt"/>
        <line num="591" count="28" type="stmt"/>
        <line num="592" count="28" type="stmt"/>
        <line num="593" count="28" type="stmt"/>
        <line num="602" count="8" type="stmt"/>
        <line num="609" count="23" type="stmt"/>
        <line num="610" count="23" type="stmt"/>
        <line num="611" count="23" type="stmt"/>
        <line num="612" count="23" type="stmt"/>
        <line num="619" count="21" type="stmt"/>
        <line num="628" count="4" type="stmt"/>
        <line num="629" count="4" type="stmt"/>
        <line num="630" count="1" type="stmt"/>
        <line num="639" count="1" type="stmt"/>
        <line num="652" count="1" type="cond" truecount="1" falsecount="1"/>
        <line num="654" count="1" type="cond" truecount="1" falsecount="1"/>
        <line num="655" count="1" type="stmt"/>
        <line num="656" count="1" type="stmt"/>
        <line num="659" count="1" type="cond" truecount="3" falsecount="1"/>
        <line num="660" count="1" type="stmt"/>
        <line num="669" count="38" type="stmt"/>
        <line num="670" count="38" type="stmt"/>
        <line num="673" count="38" type="cond" truecount="2" falsecount="0"/>
        <line num="674" count="35" type="stmt"/>
        <line num="675" count="35" type="stmt"/>
        <line num="676" count="35" type="stmt"/>
        <line num="679" count="38" type="cond" truecount="2" falsecount="0"/>
        <line num="680" count="35" type="stmt"/>
        <line num="684" count="38" type="stmt"/>
        <line num="685" count="38" type="stmt"/>
        <line num="686" count="38" type="stmt"/>
        <line num="689" count="38" type="stmt"/>
        <line num="691" count="38" type="stmt"/>
      </file>
    </package>
    <package name="modules">
      <metrics statements="4608" coveredstatements="361" conditionals="2151" coveredconditionals="140" methods="947" coveredmethods="89"/>
      <file name="ActiveListManager.js" path="D:\mapexp.github.io\js\modules\ActiveListManager.js">
        <metrics statements="314" coveredstatements="0" conditionals="135" coveredconditionals="0" methods="56" coveredmethods="0"/>
        <line num="17" count="0" type="stmt"/>
        <line num="18" count="0" type="stmt"/>
        <line num="19" count="0" type="stmt"/>
        <line num="20" count="0" type="stmt"/>
        <line num="21" count="0" type="stmt"/>
        <line num="24" count="0" type="stmt"/>
        <line num="25" count="0" type="stmt"/>
        <line num="26" count="0" type="stmt"/>
        <line num="27" count="0" type="stmt"/>
        <line num="28" count="0" type="stmt"/>
        <line num="29" count="0" type="stmt"/>
        <line num="31" count="0" type="stmt"/>
        <line num="38" count="0" type="cond" truecount="0" falsecount="2"/>
        <line num="39" count="0" type="stmt"/>
        <line num="40" count="0" type="stmt"/>
        <line num="43" count="0" type="stmt"/>
        <line num="44" count="0" type="stmt"/>
        <line num="47" count="0" type="stmt"/>
        <line num="50" count="0" type="stmt"/>
        <line num="53" count="0" type="stmt"/>
        <line num="56" count="0" type="stmt"/>
        <line num="58" count="0" type="stmt"/>
        <line num="59" count="0" type="stmt"/>
        <line num="62" count="0" type="stmt"/>
        <line num="63" count="0" type="stmt"/>
        <line num="71" count="0" type="cond" truecount="0" falsecount="2"/>
        <line num="72" count="0" type="stmt"/>
        <line num="73" count="0" type="stmt"/>
        <line num="83" count="0" type="stmt"/>
        <line num="84" count="0" type="cond" truecount="0" falsecount="2"/>
        <line num="85" count="0" type="stmt"/>
        <line num="90" count="0" type="stmt"/>
        <line num="91" count="0" type="cond" truecount="0" falsecount="2"/>
        <line num="92" count="0" type="stmt"/>
        <line num="97" count="0" type="stmt"/>
        <line num="98" count="0" type="stmt"/>
        <line num="101" count="0" type="stmt"/>
        <line num="102" count="0" type="stmt"/>
        <line num="106" count="0" type="stmt"/>
        <line num="107" count="0" type="stmt"/>
        <line num="110" count="0" type="stmt"/>
        <line num="118" count="0" type="stmt"/>
        <line num="119" count="0" type="stmt"/>
        <line num="123" count="0" type="stmt"/>
        <line num="124" count="0" type="stmt"/>
        <line num="128" count="0" type="stmt"/>
        <line num="129" count="0" type="stmt"/>
        <line num="133" count="0" type="stmt"/>
        <line num="134" count="0" type="stmt"/>
        <line num="137" count="0" type="stmt"/>
        <line num="144" count="0" type="stmt"/>
        <line num="152" count="0" type="stmt"/>
        <line num="159" count="0" type="cond" truecount="0" falsecount="2"/>
        <line num="160" count="0" type="stmt"/>
        <line num="161" count="0" type="stmt"/>
        <line num="165" count="0" type="stmt"/>
        <line num="166" count="0" type="stmt"/>
        <line num="174" count="0" type="stmt"/>
        <line num="175" count="0" type="stmt"/>
        <line num="176" count="0" type="stmt"/>
        <line num="183" count="0" type="stmt"/>
        <line num="186" count="0" type="cond" truecount="0" falsecount="2"/>
        <line num="187" count="0" type="stmt"/>
        <line num="188" count="0" type="stmt"/>
        <line num="191" count="0" type="stmt"/>
        <line num="198" count="0" type="stmt"/>
        <line num="199" count="0" type="cond" truecount="0" falsecount="2"/>
        <line num="200" count="0" type="stmt"/>
        <line num="201" count="0" type="cond" truecount="0" falsecount="2"/>
        <line num="202" count="0" type="stmt"/>
        <line num="203" count="0" type="stmt"/>
        <line num="208" count="0" type="stmt"/>
        <line num="209" count="0" type="stmt"/>
        <line num="210" count="0" type="stmt"/>
        <line num="211" count="0" type="stmt"/>
        <line num="214" count="0" type="stmt"/>
        <line num="216" count="0" type="stmt"/>
        <line num="219" count="0" type="stmt"/>
        <line num="227" count="0" type="stmt"/>
        <line num="228" count="0" type="cond" truecount="0" falsecount="2"/>
        <line num="231" count="0" type="stmt"/>
        <line num="234" count="0" type="stmt"/>
        <line num="236" count="0" type="cond" truecount="0" falsecount="2"/>
        <line num="238" count="0" type="stmt"/>
        <line num="239" count="0" type="stmt"/>
        <line num="243" count="0" type="stmt"/>
        <line num="246" count="0" type="stmt"/>
        <line num="249" count="0" type="stmt"/>
        <line num="250" count="0" type="stmt"/>
        <line num="258" count="0" type="stmt"/>
        <line num="260" count="0" type="stmt"/>
        <line num="261" count="0" type="cond" truecount="0" falsecount="4"/>
        <line num="263" count="0" type="stmt"/>
        <line num="264" count="0" type="stmt"/>
        <line num="265" count="0" type="cond" truecount="0" falsecount="2"/>
        <line num="268" count="0" type="stmt"/>
        <line num="269" count="0" type="cond" truecount="0" falsecount="4"/>
        <line num="271" count="0" type="stmt"/>
        <line num="281" count="0" type="stmt"/>
        <line num="288" count="0" type="stmt"/>
        <line num="289" count="0" type="stmt"/>
        <line num="296" count="0" type="stmt"/>
        <line num="297" count="0" type="stmt"/>
        <line num="299" count="0" type="cond" truecount="0" falsecount="2"/>
        <line num="300" count="0" type="cond" truecount="0" falsecount="2"/>
        <line num="302" count="0" type="stmt"/>
        <line num="303" count="0" type="cond" truecount="0" falsecount="2"/>
        <line num="310" count="0" type="stmt"/>
        <line num="311" count="0" type="stmt"/>
        <line num="312" count="0" type="stmt"/>
        <line num="315" count="0" type="stmt"/>
        <line num="316" count="0" type="stmt"/>
        <line num="317" count="0" type="stmt"/>
        <line num="320" count="0" type="stmt"/>
        <line num="321" count="0" type="stmt"/>
        <line num="322" count="0" type="stmt"/>
        <line num="323" count="0" type="stmt"/>
[...]
        <line num="213" count="0" type="stmt"/>
        <line num="214" count="0" type="stmt"/>
        <line num="223" count="0" type="stmt"/>
        <line num="224" count="0" type="cond" truecount="0" falsecount="4"/>
        <line num="225" count="0" type="stmt"/>
        <line num="230" count="0" type="stmt"/>
        <line num="238" count="0" type="stmt"/>
        <line num="239" count="0" type="stmt"/>
        <line num="243" count="0" type="cond" truecount="0" falsecount="2"/>
        <line num="244" count="0" type="stmt"/>
        <line num="246" count="0" type="stmt"/>
        <line num="253" count="0" type="stmt"/>
        <line num="254" count="0" type="stmt"/>
        <line num="255" count="0" type="cond" truecount="0" falsecount="2"/>
        <line num="256" count="0" type="stmt"/>
        <line num="259" count="0" type="stmt"/>
        <line num="266" count="0" type="stmt"/>
        <line num="269" count="0" type="stmt"/>
        <line num="272" count="0" type="stmt"/>
        <line num="279" count="0" type="stmt"/>
        <line num="286" count="0" type="stmt"/>
        <line num="287" count="0" type="stmt"/>
        <line num="288" count="0" type="stmt"/>
        <line num="290" count="0" type="stmt"/>
        <line num="297" count="0" type="stmt"/>
        <line num="304" count="0" type="stmt"/>
        <line num="311" count="0" type="stmt"/>
        <line num="312" count="0" type="cond" truecount="0" falsecount="4"/>
        <line num="313" count="0" type="stmt"/>
        <line num="322" count="0" type="stmt"/>
        <line num="323" count="0" type="cond" truecount="0" falsecount="4"/>
        <line num="324" count="0" type="stmt"/>
        <line num="333" count="0" type="stmt"/>
        <line num="334" count="0" type="cond" truecount="0" falsecount="4"/>
        <line num="335" count="0" type="stmt"/>
        <line num="344" count="0" type="stmt"/>
        <line num="358" count="0" type="stmt"/>
        <line num="363" count="0" type="stmt"/>
        <line num="366" count="0" type="cond" truecount="0" falsecount="2"/>
        <line num="367" count="0" type="stmt"/>
      </file>
      <file name="app.js" path="D:\mapexp.github.io\js\modules\app.js">
        <metrics statements="323" coveredstatements="16" conditionals="100" coveredconditionals="7" methods="66" coveredmethods="2"/>
        <line num="25" count="1" type="stmt"/>
        <line num="26" count="1" type="stmt"/>
        <line num="27" count="1" type="stmt"/>
        <line num="28" count="1" type="stmt"/>
        <line num="31" count="1" type="stmt"/>
        <line num="32" count="1" type="stmt"/>
        <line num="33" count="1" type="stmt"/>
        <line num="34" count="1" type="stmt"/>
        <line num="36" count="1" type="stmt"/>
        <line num="44" count="0" type="cond" truecount="0" falsecount="2"/>
        <line num="45" count="0" type="stmt"/>
        <line num="46" count="0" type="stmt"/>
        <line num="49" count="0" type="stmt"/>
        <line num="50" count="0" type="stmt"/>
        <line num="53" count="0" type="stmt"/>
        <line num="56" count="0" type="cond" truecount="0" falsecount="2"/>
        <line num="57" count="0" type="stmt"/>
        <line num="61" count="0" type="stmt"/>
        <line num="62" count="0" type="stmt"/>
        <line num="65" count="0" type="stmt"/>
        <line num="68" count="0" type="stmt"/>
        <line num="69" count="0" type="stmt"/>
        <line num="72" count="0" type="stmt"/>
        <line num="75" count="0" type="stmt"/>
        <line num="78" count="0" type="stmt"/>
        <line num="81" count="0" type="stmt"/>
        <line num="82" count="0" type="stmt"/>
        <line num="84" count="0" type="stmt"/>
        <line num="85" count="0" type="stmt"/>
        <line num="88" count="0" type="stmt"/>
        <line num="91" count="0" type="stmt"/>
        <line num="92" count="0" type="stmt"/>
        <line num="95" count="0" type="stmt"/>
        <line num="96" count="0" type="stmt"/>
        <line num="106" count="0" type="stmt"/>
        <line num="107" count="0" type="stmt"/>
        <line num="110" count="0" type="stmt"/>
        <line num="113" count="0" type="cond" truecount="0" falsecount="2"/>
        <line num="114" count="0" type="stmt"/>
        <line num="117" count="0" type="stmt"/>
        <line num="120" count="0" type="stmt"/>
        <line num="121" count="0" type="stmt"/>
        <line num="131" count="0" type="stmt"/>
        <line num="133" count="0" type="stmt"/>
        <line num="142" count="0" type="stmt"/>
        <line num="143" count="0" type="cond" truecount="0" falsecount="2"/>
        <line num="144" count="0" type="stmt"/>
        <line num="145" count="0" type="stmt"/>
        <line num="151" count="0" type="cond" truecount="0" falsecount="4"/>
        <line num="152" count="0" type="stmt"/>
        <line num="153" count="0" type="stmt"/>
        <line num="156" count="0" type="stmt"/>
        <line num="157" count="0" type="stmt"/>
        <line num="160" count="0" type="stmt"/>
        <line num="161" count="0" type="stmt"/>
        <line num="171" count="0" type="stmt"/>
        <line num="172" count="0" type="stmt"/>
        <line num="173" count="0" type="stmt"/>
        <line num="180" count="0" type="stmt"/>
        <line num="184" count="0" type="stmt"/>
        <line num="185" count="0" type="stmt"/>
        <line num="186" count="0" type="stmt"/>
        <line num="196" count="0" type="stmt"/>
        <line num="197" count="0" type="cond" truecount="0" falsecount="4"/>
        <line num="198" count="0" type="stmt"/>
        <line num="199" count="0" type="stmt"/>
        <line num="210" count="0" type="cond" truecount="0" falsecount="2"/>
        <line num="211" count="0" type="stmt"/>
        <line num="212" count="0" type="stmt"/>
        <line num="223" count="0" type="stmt"/>
        <line num="225" count="0" type="stmt"/>
        <line num="231" count="0" type="stmt"/>
        <line num="233" count="0" type="stmt"/>
        <line num="234" count="0" type="stmt"/>
        <line num="235" count="0" type="stmt"/>
        <line num="237" count="0" type="stmt"/>
        <line num="251" count="0" type="stmt"/>
        <line num="252" count="0" type="cond" truecount="0" falsecount="2"/>
        <line num="253" count="0" type="stmt"/>
        <line num="254" count="0" type="stmt"/>
        <line num="257" count="0" type="stmt"/>
        <line num="258" count="0" type="stmt"/>
        <line num="260" count="0" type="stmt"/>
        <line num="261" count="0" type="cond" truecount="0" falsecount="2"/>
        <line num="262" count="0" type="stmt"/>
        <line num="263" count="0" type="stmt"/>
        <line num="264" count="0" type="cond" truecount="0" falsecount="2"/>
        <line num="265" count="0" type="stmt"/>
        <line num="267" count="0" type="stmt"/>
        <line num="271" count="0" type="stmt"/>
        <line num="280" count="0" type="stmt"/>
        <line num="282" count="0" type="stmt"/>
        <line num="286" count="0" type="stmt"/>
        <line num="287" count="0" type="stmt"/>
        <line num="291" count="0" type="stmt"/>
        <line num="292" count="0" type="stmt"/>
        <line num="295" count="0" type="stmt"/>
        <line num="296" count="0" type="stmt"/>
        <line num="299" count="0" type="stmt"/>
        <line num="300" count="0" type="stmt"/>
        <line num="309" count="0" type="stmt"/>
        <line num="311" count="0" type="stmt"/>
        <line num="312" count="0" type="stmt"/>
        <line num="315" count="0" type="stmt"/>
        <line num="317" count="0" type="stmt"/>
        <line num="320" count="0" type="stmt"/>
        <line num="331" count="0" type="cond" truecount="0" falsecount="2"/>
        <line num="333" count="0" type="stmt"/>
        <line num="334" count="0" type="stmt"/>
        <line num="335" count="0" type="stmt"/>
        <line num="337" count="0" type="stmt"/>
        <line num="338" count="0" type="stmt"/>
        <line num="341" count="0" type="stmt"/>
        <line num="342" count="0" type="stmt"/>
        <line num="344" count="0" type="stmt"/>
        <line num="346" count="0" type="stmt"/>
        <line num="347" count="0" type="stmt"/>
        <line num="348" count="0" type="stmt"/>
        <line num="354" count="0" type="stmt"/>
        <line num="355" count="0" type="stmt"/>
        <line num="356" count="0" type="stmt"/>
        <line num="360" count="0" type="stmt"/>
        <line num="361" count="0" type="cond" truecount="0" falsecount="2"/>
        <line num="362" count="0" type="stmt"/>
        <line num="363" count="0" type="stmt"/>
        <line num="364" count="0" type="stmt"/>
        <line num="374" count="0" type="stmt"/>
        <line num="376" count="0" type="stmt"/>
        <line num="377" count="0" type="cond" truecount="0" falsecount="2"/>
        <line num="378" count="0" type="stmt"/>
        <line num="379" count="0" type="stmt"/>
        <line num="380" count="0" type="stmt"/>
        <line num="383" count="0" type="stmt"/>
        <line num="390" count="0" type="stmt"/>
        <line num="391" count="0" type="stmt"/>
        <line num="395" count="0" type="stmt"/>
        <line num="404" count="0" type="stmt"/>
        <line num="406" count="0" type="stmt"/>
        <line num="408" count="0" type="stmt"/>
        <line num="411" count="0" type="stmt"/>
        <line num="414" count="0" type="stmt"/>
        <line num="417" count="0" type="stmt"/>
        <line num="420" count="0" type="stmt"/>
        <line num="423" count="0" type="stmt"/>
        <line num="425" count="0" type="stmt"/>
        <line num="426" count="0" type="stmt"/>
        <line num="429" count="0" type="stmt"/>
        <line num="439" count="0" type="stmt"/>
        <line num="441" count="0" type="stmt"/>
        <line num="442" count="0" type="stmt"/>
        <line num="445" count="0" type="stmt"/>
        <line num="446" count="0" type="stmt"/>
        <line num="450" count="0" type="stmt"/>
        <line num="453" count="0" type="stmt"/>
        <line num="462" count="0" type="stmt"/>
        <line num="463" count="0" type="stmt"/>
        <line num="464" count="0" type="cond" truecount="0" falsecount="2"/>
        <line num="465" count="0" type="stmt"/>
        <line num="466" count="0" type="stmt"/>
        <line num="469" count="0" type="stmt"/>
        <line num="476" count="0" type="stmt"/>
        <line num="478" count="0" type="stmt"/>
        <line num="479" count="0" type="stmt"/>
        <line num="482" count="0" type="stmt"/>
        <line num="492" count="0" type="stmt"/>
        <line num="493" count="0" type="cond" truecount="0" falsecount="2"/>
        <line num="496" count="0" type="cond" truecount="0" falsecount="2"/>
        <line num="497" count="0" type="stmt"/>
        <line num="498" count="0" type="stmt"/>
        <line num="501" count="0" type="stmt"/>
        <line num="508" count="0" type="stmt"/>
        <line num="510" count="0" type="stmt"/>
        <line num="511" count="0" type="stmt"/>
        <line num="514" count="0" type="stmt"/>
        <line num="515" count="0" type="cond" truecount="0" falsecount="2"/>
        <line num="517" count="0" type="stmt"/>
        <line num="518" count="0" type="stmt"/>
        <line num="523" count="0" type="stmt"/>
        <line num="533" count="0" type="stmt"/>
        <line num="534" count="0" type="stmt"/>
        <line num="537" count="0" type="stmt"/>
        <line num="538" count="0" type="cond" truecount="0" falsecount="2"/>
        <line num="539" count="0" type="stmt"/>
        <line num="540" count="0" type="stmt"/>
        <line num="544" count="0" type="stmt"/>
        <line num="553" count="0" type="stmt"/>
        <line num="556" count="0" type="stmt"/>
        <line num="557" count="0" type="stmt"/>
        <line num="560" count="0" type="stmt"/>
        <line num="561" count="0" type="stmt"/>
        <line num="565" count="0" type="stmt"/>
        <line num="575" count="0" type="stmt"/>
        <line num="576" count="0" type="stmt"/>
        <line num="579" count="0" type="cond" truecount="0" falsecount="2"/>
        <line num="582" count="0" type="stmt"/>
        <line num="591" count="0" type="stmt"/>
        <line num="594" count="0" type="stmt"/>
        <line num="595" count="0" type="stmt"/>
        <line num="598" count="0" type="stmt"/>
        <line num="599" count="0" type="stmt"/>
        <line num="603" count="0" type="stmt"/>
        <line num="614" count="0" type="stmt"/>
        <line num="615" count="0" type="stmt"/>
        <line num="619" count="0" type="stmt"/>
        <line num="620" count="0" type="stmt"/>
        <line num="630" count="0" type="stmt"/>
        <line num="632" count="0" type="stmt"/>
        <line num="633" count="0" type="cond" truecount="0" falsecount="4"/>
        <line num="634" count="0" type="stmt"/>
        <line num="643" count="0" type="stmt"/>
        <line num="644" count="0" type="cond" truecount="0" falsecount="4"/>
        <line num="645" count="0" type="stmt"/>
        <line num="648" count="0" type="stmt"/>
        <line num="650" count="0" type="cond" truecount="0" falsecount="2"/>
        <line num="651" count="0" type="stmt"/>
        <line num="652" count="0" type="stmt"/>
        <line num="655" count="0" type="stmt"/>
        <line num="656" count="0" type="cond" truecount="0" falsecount="2"/>
        <line num="657" count="0" type="stmt"/>
        <line num="658" count="0" type="stmt"/>
        <line num="661" count="0" type="stmt"/>
        <line num="664" count="0" type="stmt"/>
        <line num="665" count="0" type="cond" truecount="0" falsecount="2"/>
        <line num="666" count="0" type="stmt"/>
        <line num="667" count="0" type="stmt"/>
        <line num="671" count="0" type="stmt"/>
        <line num="672" count="0" type="stmt"/>
        <line num="673" count="0" type="stmt"/>
        <line num="680" count="0" type="stmt"/>
        <line num="683" count="0" type="stmt"/>
        <line num="693" count="0" type="stmt"/>
        <line num="696" count="0" type="cond" truecount="0" falsecount="2"/>
        <line num="697" count="0" type="stmt"/>
        <line num="699" count="0" type="stmt"/>
        <line num="700" count="0" type="stmt"/>
        <line num="706" count="0" type="stmt"/>
        <line num="709" count="0" type="stmt"/>
        <line num="710" count="0" type="stmt"/>
        <line num="713" count="0" type="cond" truecount="0" falsecount="4"/>
        <line num="714" count="0" type="stmt"/>
        <line num="718" count="0" type="stmt"/>
        <line num="721" count="0" type="stmt"/>
        <line num="731" count="0" type="stmt"/>
        <line num="732" count="0" type="stmt"/>
        <line num="734" count="0" type="stmt"/>
        <line num="735" count="0" type="stmt"/>
        <line num="736" count="0" type="stmt"/>
        <line num="737" count="0" type="stmt"/>
        <line num="739" count="0" type="stmt"/>
        <line num="746" count="0" type="stmt"/>
        <line num="751" count="0" type="stmt"/>
        <line num="752" count="0" type="stmt"/>
        <line num="761" count="0" type="stmt"/>
        <line num="762" count="0" type="stmt"/>
        <line num="763" count="0" type="stmt"/>
        <line num="764" count="0" type="stmt"/>
        <line num="768" count="0" type="cond" truecount="0" falsecount="4"/>
        <line num="769" count="0" type="stmt"/>
        <line num="780" count="0" type="stmt"/>
        <line num="781" count="0" type="stmt"/>
        <line num="782" count="0" type="stmt"/>
        <line num="783" count="0" type="cond" truecount="0" falsecount="2"/>
        <line num="784" count="0" type="cond" truecount="0" falsecount="2"/>
        <line num="785" count="0" type="stmt"/>
        <line num="787" count="0" type="stmt"/>
        <line num="795" count="0" type="stmt"/>
        <line num="796" count="0" type="stmt"/>
        <line num="797" count="0" type="stmt"/>
        <line num="798" count="0" type="stmt"/>
        <line num="802" count="0" type="stmt"/>
        <line num="803" count="0" type="stmt"/>
        <line num="813" count="0" type="stmt"/>
        <line num="816" count="0" type="stmt"/>
        <line num="823" count="0" type="stmt"/>
        <line num="826" count="0" type="cond" truecount="0" falsecount="2"/>
        <line num="827" count="0" type="stmt"/>
        <line num="837" count="0" type="stmt"/>
        <line num="839" count="0" type="stmt"/>
        <line num="841" count="0" type="stmt"/>
        <line num="844" count="0" type="stmt"/>
        <line num="847" count="0" type="cond" truecount="0" falsecount="2"/>
        <line num="848" count="0" type="stmt"/>
        <line num="849" count="0" type="stmt"/>
        <line num="850" count="0" type="stmt"/>
        <line num="851" count="0" type="stmt"/>
        <line num="853" count="0" type="stmt"/>
        <line num="854" count="0" type="stmt"/>
        <line num="856" count="0" type="stmt"/>
        <line num="859" count="0" type="stmt"/>
        <line num="863" count="0" type="stmt"/>
        <line num="873" count="1" type="cond" truecount="3" falsecount="1"/>
        <line num="874" count="0" type="stmt"/>
        <line num="876" count="1" type="stmt"/>
        <line num="885" count="0" type="cond" truecount="0" falsecount="2"/>
        <line num="894" count="0" type="stmt"/>
        <line num="895" count="0" type="stmt"/>
        <line num="903" count="0" type="stmt"/>
        <line num="910" count="0" type="cond" truecount="0" falsecount="2"/>
        <line num="911" count="0" type="stmt"/>
        <line num="914" count="0" type="stmt"/>
        <line num="917" count="0" type="stmt"/>
        <line num="918" count="0" type="stmt"/>
        <line num="919" count="0" type="cond" truecount="0" falsecount="2"/>
        <line num="920" count="0" type="stmt"/>
        <line num="923" count="0" type="stmt"/>
        <line num="927" count="0" type="stmt"/>
        <line num="930" count="0" type="cond" truecount="0" falsecount="2"/>
        <line num="931" count="0" type="stmt"/>
        <line num="935" count="0" type="cond" truecount="0" falsecount="2"/>
        <line num="936" count="0" type="stmt"/>
        <line num="940" count="0" type="cond" truecount="0" falsecount="2"/>
        <line num="941" count="0" type="stmt"/>
        <line num="944" count="0" type="stmt"/>
        <line num="946" count="0" type="stmt"/>
        <line num="951" count="1" type="stmt"/>
        <line num="954" count="1" type="cond" truecount="3" falsecount="1"/>
        <line num="955" count="0" type="stmt"/>
        <line num="956" count="0" type="stmt"/>
        <line num="957" count="0" type="stmt"/>
        <line num="961" count="0" type="stmt"/>
        <line num="966" count="1" type="cond" truecount="1" falsecount="1"/>
        <line num="967" count="1" type="stmt"/>
        <line num="970" count="1" type="stmt"/>
      </file>
      <file name="main.js" path="D:\mapexp.github.io\js\modules\main.js">
        <metrics statements="14" coveredstatements="0" conditionals="8" coveredconditionals="0" methods="1" coveredmethods="0"/>
        <line num="15" count="0" type="stmt"/>
        <line num="17" count="0" type="stmt"/>
        <line num="19" count="0" type="stmt"/>
        <line num="21" count="0" type="stmt"/>
        <line num="24" count="0" type="stmt"/>
        <line num="27" count="0" type="cond" truecount="0" falsecount="4"/>
        <line num="28" count="0" type="stmt"/>
        <line num="32" count="0" type="stmt"/>
        <line num="35" count="0" type="stmt"/>
        <line num="38" count="0" type="stmt"/>
        <line num="43" count="0" type="cond" truecount="0" falsecount="2"/>
        <line num="45" count="0" type="cond" truecount="0" falsecount="2"/>
        <line num="46" count="0" type="stmt"/>
        <line num="48" count="0" type="stmt"/>
      </file>
    </package>
  </project>
</coverage>
