TN:
SF:js\components\ActiveListManager.js
FN:20,(anonymous_0)
FN:67,(anonymous_1)
FN:112,(anonymous_2)
FN:132,(anonymous_3)
FN:149,(anonymous_4)
FN:157,(anonymous_5)
FN:159,(anonymous_6)
FN:163,(anonymous_7)
FN:170,(anonymous_8)
FN:183,(anonymous_9)
FN:187,(anonymous_10)
FN:188,(anonymous_11)
FN:197,(anonymous_12)
FN:247,(anonymous_13)
FN:262,(anonymous_14)
FN:272,(anonymous_15)
FN:273,(anonymous_16)
FN:285,(anonymous_17)
FN:296,(anonymous_18)
FN:319,(anonymous_19)
FN:344,(anonymous_20)
FN:385,(anonymous_21)
FN:393,(anonymous_22)
FN:401,(anonymous_23)
FN:409,(anonymous_24)
FN:424,(anonymous_25)
FN:441,(anonymous_26)
FN:466,(anonymous_27)
FN:499,(anonymous_28)
FN:526,(anonymous_29)
FN:534,(anonymous_30)
FN:558,(anonymous_31)
FN:572,(anonymous_32)
FN:575,(anonymous_33)
FN:608,(anonymous_34)
FN:627,(anonymous_35)
FN:646,(anonymous_36)
FN:649,(anonymous_37)
FN:653,(anonymous_38)
FN:667,(anonymous_39)
FN:703,(anonymous_40)
FN:720,(anonymous_41)
FN:727,(anonymous_42)
FN:743,(anonymous_43)
FN:750,(anonymous_44)
FN:770,(anonymous_45)
FN:775,(anonymous_46)
FN:788,(anonymous_47)
FN:805,(anonymous_48)
FN:825,(anonymous_49)
FN:846,(anonymous_50)
FN:868,(anonymous_51)
FN:892,(anonymous_52)
FN:906,(anonymous_53)
FN:909,(anonymous_54)
FN:942,(anonymous_55)
FN:956,(anonymous_56)
FN:972,(anonymous_57)
FN:985,(anonymous_58)
FN:990,(anonymous_59)
FN:1010,(anonymous_60)
FN:1028,(anonymous_61)
FN:1038,(anonymous_62)
FN:1051,(anonymous_63)
FN:1060,(anonymous_64)
FN:1071,(anonymous_65)
FN:1078,(anonymous_66)
FN:1089,(anonymous_67)
FN:1113,(anonymous_68)
FN:1135,(anonymous_69)
FN:1137,(anonymous_70)
FN:1147,(anonymous_71)
FN:1156,(anonymous_72)
FN:1160,(anonymous_73)
FN:1177,(anonymous_74)
FN:1180,(anonymous_75)
FN:1204,(anonymous_76)
FN:1207,(anonymous_77)
FN:1210,(anonymous_78)
FN:1212,(anonymous_79)
FN:1227,(anonymous_80)
FN:1231,(anonymous_81)
FN:1232,(anonymous_82)
FN:1250,(anonymous_83)
FN:1265,(anonymous_84)
FN:1268,(anonymous_85)
FN:1304,(anonymous_86)
FN:1310,(anonymous_87)
FN:1316,(anonymous_88)
FNF:89
FNH:72
FNDA:39,(anonymous_0)
FNDA:40,(anonymous_1)
FNDA:40,(anonymous_2)
FNDA:39,(anonymous_3)
FNDA:39,(anonymous_4)
FNDA:27,(anonymous_5)
FNDA:0,(anonymous_6)
FNDA:0,(anonymous_7)
FNDA:0,(anonymous_8)
FNDA:39,(anonymous_9)
FNDA:0,(anonymous_10)
FNDA:0,(anonymous_11)
FNDA:39,(anonymous_12)
FNDA:0,(anonymous_13)
FNDA:39,(anonymous_14)
FNDA:39,(anonymous_15)
FNDA:234,(anonymous_16)
FNDA:234,(anonymous_17)
FNDA:342,(anonymous_18)
FNDA:1128,(anonymous_19)
FNDA:20,(anonymous_20)
FNDA:20,(anonymous_21)
FNDA:9,(anonymous_22)
FNDA:3,(anonymous_23)
FNDA:3,(anonymous_24)
FNDA:54,(anonymous_25)
FNDA:318,(anonymous_26)
FNDA:53,(anonymous_27)
FNDA:159,(anonymous_28)
FNDA:318,(anonymous_29)
FNDA:459,(anonymous_30)
FNDA:12,(anonymous_31)
FNDA:0,(anonymous_32)
FNDA:0,(anonymous_33)
FNDA:12,(anonymous_34)
FNDA:12,(anonymous_35)
FNDA:0,(anonymous_36)
FNDA:0,(anonymous_37)
FNDA:1,(anonymous_38)
FNDA:12,(anonymous_39)
FNDA:12,(anonymous_40)
FNDA:12,(anonymous_41)
FNDA:1,(anonymous_42)
FNDA:12,(anonymous_43)
FNDA:1,(anonymous_44)
FNDA:12,(anonymous_45)
FNDA:1,(anonymous_46)
FNDA:36,(anonymous_47)
FNDA:36,(anonymous_48)
FNDA:1,(anonymous_49)
FNDA:1,(anonymous_50)
FNDA:12,(anonymous_51)
FNDA:1,(anonymous_52)
FNDA:1,(anonymous_53)
FNDA:1,(anonymous_54)
FNDA:1,(anonymous_55)
FNDA:0,(anonymous_56)
FNDA:0,(anonymous_57)
FNDA:4,(anonymous_58)
FNDA:5,(anonymous_59)
FNDA:6,(anonymous_60)
FNDA:2,(anonymous_61)
FNDA:5,(anonymous_62)
FNDA:0,(anonymous_63)
FNDA:0,(anonymous_64)
FNDA:1,(anonymous_65)
FNDA:0,(anonymous_66)
FNDA:1,(anonymous_67)
FNDA:53,(anonymous_68)
FNDA:2,(anonymous_69)
FNDA:0,(anonymous_70)
FNDA:0,(anonymous_71)
FNDA:1,(anonymous_72)
FNDA:6,(anonymous_73)
FNDA:1,(anonymous_74)
FNDA:2,(anonymous_75)
FNDA:1,(anonymous_76)
FNDA:3,(anonymous_77)
FNDA:2,(anonymous_78)
FNDA:2,(anonymous_79)
FNDA:1,(anonymous_80)
FNDA:3,(anonymous_81)
FNDA:2,(anonymous_82)
FNDA:43,(anonymous_83)
FNDA:228,(anonymous_84)
FNDA:324,(anonymous_85)
FNDA:1,(anonymous_86)
FNDA:1,(anonymous_87)
FNDA:1,(anonymous_88)
DA:21,39
DA:35,39
DA:36,39
DA:37,39
DA:38,39
DA:41,39
DA:42,39
DA:43,39
DA:46,39
DA:47,39
DA:50,39
DA:53,39
DA:54,39
DA:55,39
DA:56,39
DA:57,39
DA:58,39
DA:60,39
DA:68,40
DA:69,40
DA:72,40
DA:75,39
DA:78,39
DA:81,39
DA:84,39
DA:85,39
DA:89,39
DA:92,39
DA:95,39
DA:97,39
DA:98,39
DA:100,39
DA:103,1
DA:104,1
DA:114,40
DA:115,40
DA:116,1
DA:120,39
DA:121,39
DA:122,0
DA:125,39
DA:134,39
DA:135,39
DA:137,39
DA:138,39
DA:139,39
DA:142,39
DA:151,39
DA:152,39
DA:153,39
DA:154,39
DA:157,39
DA:159,27
DA:163,39
DA:164,0
DA:165,0
DA:170,39
DA:171,0
DA:172,0
DA:176,39
DA:185,39
DA:186,0
DA:187,0
DA:188,0
DA:198,39
DA:200,39
DA:201,37
DA:202,37
DA:203,37
DA:206,37
DA:213,37
DA:215,37
DA:232,37
DA:233,37
DA:234,37
DA:235,37
DA:236,37
DA:247,37
DA:248,0
DA:251,37
DA:252,37
DA:255,39
DA:263,39
DA:264,39
DA:273,39
DA:274,234
DA:277,39
DA:286,234
DA:287,120
DA:290,114
DA:291,111
DA:294,114
DA:296,114
DA:297,342
DA:298,342
DA:300,342
DA:301,333
DA:302,333
DA:305,333
DA:306,2
DA:320,1128
DA:321,1128
DA:323,1128
DA:324,0
DA:327,1128
DA:328,1128
DA:331,0
DA:332,0
DA:333,0
DA:336,0
DA:345,20
DA:346,20
DA:348,20
DA:351,20
DA:352,20
DA:354,20
DA:355,20
DA:357,20
DA:358,0
DA:361,20
DA:363,20
DA:364,18
DA:366,2
DA:370,20
DA:373,20
DA:386,20
DA:387,1
DA:388,1
DA:392,19
DA:393,19
DA:394,9
DA:402,3
DA:403,3
DA:410,3
DA:411,3
DA:412,3
DA:414,3
DA:415,1
DA:418,3
DA:425,54
DA:426,1
DA:427,1
DA:430,53
DA:432,53
DA:434,53
DA:437,53
DA:440,53
DA:441,53
DA:442,318
DA:446,53
DA:449,53
DA:455,53
DA:458,0
DA:467,53
DA:468,53
DA:469,53
DA:481,53
DA:482,53
DA:483,53
DA:486,53
DA:487,53
DA:488,53
DA:489,53
DA:490,53
DA:493,53
DA:499,53
DA:500,159
DA:502,159
DA:503,159
DA:504,159
DA:505,159
DA:506,159
DA:514,159
DA:517,53
DA:527,318
DA:528,165
DA:531,153
DA:532,153
DA:534,153
DA:535,459
DA:536,459
DA:538,459
DA:539,447
DA:542,12
DA:543,12
DA:544,12
DA:547,153
DA:559,12
DA:560,12
DA:561,12
DA:562,12
DA:572,12
DA:573,0
DA:575,12
DA:576,0
DA:580,12
DA:583,12
DA:584,12
DA:586,12
DA:587,12
DA:590,12
DA:591,12
DA:594,12
DA:595,12
DA:598,12
DA:609,12
DA:610,12
DA:611,12
DA:612,12
DA:613,12
DA:614,12
DA:615,12
DA:628,12
DA:629,12
DA:630,12
DA:631,12
DA:632,12
DA:646,12
DA:647,0
DA:649,12
DA:650,0
DA:653,12
DA:654,1
DA:657,12
DA:668,12
DA:669,12
DA:672,12
DA:673,12
DA:674,12
DA:676,12
DA:685,12
DA:686,12
DA:687,12
DA:688,12
DA:690,0
DA:693,12
DA:704,12
DA:705,0
DA:707,12
DA:708,0
DA:710,12
DA:721,12
DA:722,12
DA:725,12
DA:727,12
DA:728,1
DA:731,12
DA:732,12
DA:744,12
DA:745,12
DA:748,12
DA:750,12
DA:751,1
DA:754,12
DA:755,12
DA:758,12
DA:759,12
DA:771,12
DA:772,12
DA:773,12
DA:775,12
DA:776,1
DA:779,12
DA:780,12
DA:789,36
DA:790,36
DA:796,36
DA:806,36
DA:807,36
DA:808,36
DA:809,36
DA:815,36
DA:826,1
DA:827,1
DA:828,1
DA:831,1
DA:847,1
DA:848,0
DA:850,1
DA:853,1
DA:869,12
DA:871,12
DA:872,12
DA:874,12
DA:875,12
DA:876,0
DA:878,12
DA:881,12
DA:882,12
DA:893,1
DA:894,1
DA:907,1
DA:909,1
DA:910,1
DA:911,0
DA:915,1
DA:916,1
DA:917,1
DA:919,1
DA:920,1
DA:922,0
DA:925,0
DA:928,1
DA:943,1
DA:946,1
DA:953,1
DA:956,1
DA:957,0
DA:960,1
DA:961,1
DA:962,1
DA:963,1
DA:965,0
DA:966,0
DA:972,0
DA:973,0
DA:986,4
DA:990,4
DA:991,5
DA:994,4
DA:995,4
DA:996,2
DA:997,2
DA:1000,2
DA:1001,1
DA:1002,1
DA:1003,1
DA:1005,1
DA:1010,6
DA:1017,3
DA:1029,2
DA:1031,2
DA:1036,2
DA:1037,2
DA:1038,2
DA:1039,5
DA:1040,5
DA:1041,5
DA:1043,2
DA:1045,0
DA:1048,2
DA:1049,0
DA:1050,0
DA:1051,0
DA:1052,0
DA:1054,0
DA:1057,2
DA:1060,2
DA:1061,0
DA:1064,2
DA:1072,1
DA:1073,1
DA:1074,1
DA:1078,1
DA:1079,0
DA:1090,1
DA:1091,1
DA:1092,1
DA:1093,1
DA:1097,1
DA:1098,1
DA:1099,1
DA:1103,1
DA:1105,1
DA:1114,53
DA:1116,43
DA:1118,43
DA:1119,43
DA:1120,43
DA:1124,10
DA:1125,10
DA:1126,10
DA:1137,2
DA:1138,0
DA:1139,0
DA:1149,0
DA:1157,1
DA:1160,1
DA:1161,6
DA:1162,6
DA:1165,1
DA:1178,1
DA:1179,1
DA:1180,1
DA:1181,2
DA:1185,1
DA:1186,1
DA:1189,1
DA:1190,0
DA:1193,1
DA:1194,1
DA:1197,1
DA:1205,1
DA:1207,1
DA:1208,3
DA:1210,3
DA:1211,2
DA:1212,2
DA:1215,2
DA:1216,2
DA:1221,1
DA:1228,1
DA:1230,1
DA:1231,1
DA:1232,3
DA:1233,2
DA:1234,2
DA:1235,2
DA:1238,3
DA:1241,1
DA:1243,1
DA:1251,43
DA:1253,38
DA:1256,38
DA:1259,38
DA:1260,38
DA:1261,38
DA:1262,38
DA:1265,38
DA:1266,228
DA:1268,108
DA:1269,324
DA:1270,324
DA:1272,324
DA:1273,324
DA:1274,324
DA:1280,38
DA:1281,37
DA:1285,38
DA:1286,38
DA:1289,38
DA:1290,38
DA:1291,38
DA:1293,38
DA:1295,38
DA:1300,2
DA:1301,2
DA:1304,2
DA:1305,1
DA:1306,1
DA:1310,2
DA:1311,1
DA:1312,1
DA:1316,2
DA:1317,1
DA:1318,1
DA:1323,2
LF:447
LH:402
BRDA:20,0,0,1
BRDA:84,1,0,39
BRDA:84,1,1,0
BRDA:115,2,0,1
BRDA:115,2,1,39
BRDA:121,3,0,0
BRDA:121,3,1,39
BRDA:137,4,0,39
BRDA:137,4,1,0
BRDA:164,5,0,0
BRDA:164,5,1,0
BRDA:171,6,0,0
BRDA:171,6,1,0
BRDA:185,7,0,0
BRDA:185,7,1,39
BRDA:185,8,0,39
BRDA:185,8,1,39
BRDA:200,9,0,37
BRDA:200,9,1,2
BRDA:213,10,0,37
BRDA:213,10,1,0
BRDA:263,11,0,39
BRDA:263,11,1,0
BRDA:264,12,0,39
BRDA:264,12,1,39
BRDA:286,13,0,120
BRDA:286,13,1,114
BRDA:286,14,0,234
BRDA:286,14,1,114
BRDA:290,15,0,111
BRDA:290,15,1,3
BRDA:300,16,0,333
BRDA:300,16,1,9
BRDA:300,17,0,342
BRDA:300,17,1,342
BRDA:305,18,0,2
BRDA:305,18,1,331
BRDA:323,19,0,0
BRDA:323,19,1,1128
BRDA:327,20,0,1128
BRDA:327,20,1,0
BRDA:332,21,0,0
BRDA:332,21,1,0
BRDA:348,22,0,0
BRDA:348,22,1,20
BRDA:352,23,0,0
BRDA:352,23,1,20
BRDA:357,24,0,0
BRDA:357,24,1,20
BRDA:363,25,0,18
BRDA:363,25,1,2
BRDA:386,26,0,1
BRDA:386,26,1,19
BRDA:414,27,0,1
BRDA:414,27,1,2
BRDA:425,28,0,1
BRDA:425,28,1,53
BRDA:430,29,0,0
BRDA:430,29,1,53
BRDA:500,30,0,0
BRDA:500,30,1,159
BRDA:527,31,0,165
BRDA:527,31,1,153
BRDA:527,32,0,318
BRDA:527,32,1,153
BRDA:531,33,0,153
BRDA:531,33,1,0
BRDA:538,34,0,447
BRDA:538,34,1,12
BRDA:538,35,0,459
BRDA:538,35,1,459
BRDA:538,35,2,12
BRDA:586,36,0,12
BRDA:586,36,1,0
BRDA:590,37,0,12
BRDA:590,37,1,0
BRDA:594,38,0,12
BRDA:594,38,1,0
BRDA:610,39,0,12
BRDA:610,39,1,0
BRDA:610,40,0,12
BRDA:610,40,1,12
BRDA:612,41,0,12
BRDA:612,41,1,0
BRDA:612,42,0,12
BRDA:612,42,1,12
BRDA:685,43,0,12
BRDA:685,43,1,0
BRDA:686,44,0,12
BRDA:686,44,1,0
BRDA:687,45,0,12
BRDA:687,45,1,0
BRDA:704,46,0,0
BRDA:704,46,1,12
BRDA:704,47,0,12
BRDA:704,47,1,0
BRDA:707,48,0,0
BRDA:707,48,1,12
BRDA:707,49,0,12
BRDA:707,49,1,0
BRDA:758,50,0,12
BRDA:758,50,1,0
BRDA:826,51,0,1
BRDA:826,51,1,0
BRDA:847,52,0,0
BRDA:847,52,1,1
BRDA:869,53,0,0
BRDA:869,53,1,12
BRDA:875,54,0,0
BRDA:875,54,1,12
BRDA:881,55,0,12
BRDA:881,55,1,0
BRDA:893,56,0,1
BRDA:893,56,1,0
BRDA:907,57,0,1
BRDA:907,57,1,0
BRDA:910,58,0,0
BRDA:910,58,1,1
BRDA:919,59,0,1
BRDA:919,59,1,0
BRDA:919,60,0,1
BRDA:919,60,1,1
BRDA:919,60,2,1
BRDA:932,61,0,1
BRDA:932,61,1,0
BRDA:943,62,0,0
BRDA:943,62,1,1
BRDA:986,63,0,4
BRDA:986,63,1,0
BRDA:986,64,0,4
BRDA:986,64,1,0
BRDA:996,65,0,0
BRDA:996,65,1,2
BRDA:1000,66,0,1
BRDA:1000,66,1,1
BRDA:1002,67,0,0
BRDA:1002,67,1,1
BRDA:1010,68,0,3
BRDA:1010,68,1,0
BRDA:1012,69,0,6
BRDA:1012,69,1,0
BRDA:1029,70,0,0
BRDA:1029,70,1,2
BRDA:1036,71,0,2
BRDA:1036,71,1,0
BRDA:1039,72,0,0
BRDA:1039,72,1,5
BRDA:1039,73,0,5
BRDA:1039,73,1,0
BRDA:1040,74,0,0
BRDA:1040,74,1,5
BRDA:1040,75,0,5
BRDA:1040,75,1,0
BRDA:1048,76,0,0
BRDA:1048,76,1,2
BRDA:1072,77,0,1
BRDA:1072,77,1,0
BRDA:1091,78,0,1
BRDA:1091,78,1,0
BRDA:1098,79,0,1
BRDA:1098,79,1,0
BRDA:1114,80,0,43
BRDA:1114,80,1,10
BRDA:1118,81,0,43
BRDA:1118,81,1,0
BRDA:1118,82,0,43
BRDA:1118,82,1,43
BRDA:1124,83,0,10
BRDA:1124,83,1,0
BRDA:1162,84,0,3
BRDA:1162,84,1,3
BRDA:1178,85,0,1
BRDA:1178,85,1,0
BRDA:1185,86,0,1
BRDA:1185,86,1,0
BRDA:1189,87,0,0
BRDA:1189,87,1,1
BRDA:1193,88,0,1
BRDA:1193,88,1,0
BRDA:1208,89,0,0
BRDA:1208,89,1,3
BRDA:1211,90,0,2
BRDA:1211,90,1,0
BRDA:1215,91,0,2
BRDA:1215,91,1,0
BRDA:1234,92,0,2
BRDA:1234,92,1,0
BRDA:1251,93,0,5
BRDA:1251,93,1,38
BRDA:1266,94,0,120
BRDA:1266,94,1,108
BRDA:1272,95,0,324
BRDA:1272,95,1,0
BRDA:1272,96,0,324
BRDA:1272,96,1,324
BRDA:1280,97,0,37
BRDA:1280,97,1,1
BRDA:1280,98,0,38
BRDA:1280,98,1,38
BRDA:1300,99,0,2
BRDA:1300,99,1,0
BRDA:1305,100,0,1
BRDA:1305,100,1,0
BRDA:1311,101,0,1
BRDA:1311,101,1,0
BRDA:1317,102,0,1
BRDA:1317,102,1,0
BRF:207
BRH:132
end_of_record
TN:
SF:js\components\CollapsibleManager.js
FN:28,(anonymous_0)
FN:66,(anonymous_1)
FN:103,(anonymous_2)
FN:132,(anonymous_3)
FN:148,(anonymous_4)
FN:152,(anonymous_5)
FN:153,(anonymous_6)
FN:158,(anonymous_7)
FN:169,(anonymous_8)
FN:170,(anonymous_9)
FN:180,(anonymous_10)
FN:199,(anonymous_11)
FN:219,(anonymous_12)
FN:256,(anonymous_13)
FN:291,(anonymous_14)
FN:294,(anonymous_15)
FN:307,(anonymous_16)
FN:311,(anonymous_17)
FN:313,(anonymous_18)
FN:315,(anonymous_19)
FN:334,(anonymous_20)
FN:337,(anonymous_21)
FN:348,(anonymous_22)
FN:356,(anonymous_23)
FN:362,(anonymous_24)
FN:376,(anonymous_25)
FN:382,(anonymous_26)
FN:401,(anonymous_27)
FN:416,(anonymous_28)
FN:435,(anonymous_29)
FN:444,(anonymous_30)
FN:452,(anonymous_31)
FN:462,(anonymous_32)
FN:483,(anonymous_33)
FN:499,(anonymous_34)
FN:508,(anonymous_35)
FN:516,(anonymous_36)
FN:527,(anonymous_37)
FN:539,(anonymous_38)
FN:547,(anonymous_39)
FN:555,(anonymous_40)
FN:574,(anonymous_41)
FN:594,(anonymous_42)
FN:595,(anonymous_43)
FN:599,(anonymous_44)
FN:614,(anonymous_45)
FN:615,(anonymous_46)
FN:620,(anonymous_47)
FN:633,(anonymous_48)
FNF:49
FNH:42
FNDA:23,(anonymous_0)
FNDA:23,(anonymous_1)
FNDA:23,(anonymous_2)
FNDA:23,(anonymous_3)
FNDA:23,(anonymous_4)
FNDA:0,(anonymous_5)
FNDA:0,(anonymous_6)
FNDA:0,(anonymous_7)
FNDA:23,(anonymous_8)
FNDA:91,(anonymous_9)
FNDA:0,(anonymous_10)
FNDA:4,(anonymous_11)
FNDA:15,(anonymous_12)
FNDA:4,(anonymous_13)
FNDA:4,(anonymous_14)
FNDA:16,(anonymous_15)
FNDA:49,(anonymous_16)
FNDA:45,(anonymous_17)
FNDA:32,(anonymous_18)
FNDA:96,(anonymous_19)
FNDA:43,(anonymous_20)
FNDA:7,(anonymous_21)
FNDA:0,(anonymous_22)
FNDA:19,(anonymous_23)
FNDA:72,(anonymous_24)
FNDA:1,(anonymous_25)
FNDA:3,(anonymous_26)
FNDA:0,(anonymous_27)
FNDA:0,(anonymous_28)
FNDA:5,(anonymous_29)
FNDA:13,(anonymous_30)
FNDA:25,(anonymous_31)
FNDA:91,(anonymous_32)
FNDA:91,(anonymous_33)
FNDA:91,(anonymous_34)
FNDA:2,(anonymous_35)
FNDA:91,(anonymous_36)
FNDA:2,(anonymous_37)
FNDA:235,(anonymous_38)
FNDA:72,(anonymous_39)
FNDA:17,(anonymous_40)
FNDA:8,(anonymous_41)
FNDA:17,(anonymous_42)
FNDA:17,(anonymous_43)
FNDA:17,(anonymous_44)
FNDA:8,(anonymous_45)
FNDA:8,(anonymous_46)
FNDA:8,(anonymous_47)
FNDA:91,(anonymous_48)
DA:29,23
DA:43,23
DA:49,23
DA:55,23
DA:58,23
DA:59,23
DA:60,23
DA:67,23
DA:69,23
DA:71,23
DA:74,23
DA:77,23
DA:78,0
DA:82,23
DA:85,23
DA:88,23
DA:90,23
DA:91,23
DA:94,0
DA:95,0
DA:104,23
DA:106,23
DA:107,92
DA:108,92
DA:109,92
DA:110,92
DA:112,92
DA:113,91
DA:118,91
DA:119,91
DA:121,1
DA:125,23
DA:134,23
DA:135,23
DA:136,23
DA:139,23
DA:140,23
DA:141,23
DA:150,23
DA:151,0
DA:152,0
DA:153,0
DA:157,0
DA:158,0
DA:159,0
DA:170,23
DA:171,91
DA:181,0
DA:183,0
DA:184,0
DA:185,0
DA:187,0
DA:188,0
DA:189,0
DA:192,0
DA:200,4
DA:201,4
DA:202,1
DA:203,1
DA:206,3
DA:208,3
DA:209,0
DA:211,3
DA:220,15
DA:221,15
DA:223,15
DA:225,15
DA:227,15
DA:228,4
DA:232,15
DA:233,15
DA:236,15
DA:239,15
DA:240,0
DA:244,15
DA:245,15
DA:248,15
DA:257,4
DA:258,4
DA:260,3
DA:262,3
DA:263,3
DA:265,3
DA:266,3
DA:270,3
DA:273,3
DA:274,0
DA:278,3
DA:279,3
DA:282,3
DA:292,4
DA:294,4
DA:295,16
DA:296,4
DA:300,4
DA:308,49
DA:311,49
DA:312,45
DA:313,45
DA:315,45
DA:316,96
DA:318,96
DA:320,96
DA:321,8
DA:322,88
DA:323,64
DA:336,43
DA:337,43
DA:338,7
DA:349,0
DA:357,19
DA:362,19
DA:363,72
DA:369,19
DA:377,1
DA:379,1
DA:381,1
DA:382,1
DA:383,3
DA:384,3
DA:385,3
DA:386,2
DA:388,1
DA:394,1
DA:402,0
DA:404,0
DA:405,0
DA:406,0
DA:408,0
DA:417,0
DA:419,0
DA:420,0
DA:421,0
DA:422,0
DA:423,0
DA:426,0
DA:436,5
DA:445,13
DA:446,13
DA:454,25
DA:455,25
DA:456,25
DA:457,25
DA:458,25
DA:459,25
DA:462,91
DA:463,25
DA:466,25
DA:468,25
DA:484,91
DA:485,91
DA:486,91
DA:487,91
DA:488,91
DA:491,91
DA:492,91
DA:500,91
DA:509,2
DA:510,2
DA:518,91
DA:519,91
DA:520,91
DA:521,91
DA:523,91
DA:524,91
DA:527,91
DA:528,2
DA:529,2
DA:530,2
DA:540,235
DA:548,72
DA:556,17
DA:558,17
DA:559,17
DA:562,17
DA:564,17
DA:575,8
DA:578,8
DA:580,8
DA:581,8
DA:583,8
DA:595,17
DA:596,17
DA:599,17
DA:600,17
DA:601,17
DA:602,17
DA:604,17
DA:615,8
DA:616,8
DA:617,8
DA:618,8
DA:620,8
DA:621,8
DA:622,8
DA:623,8
DA:624,8
DA:625,8
DA:634,91
DA:637,91
DA:638,91
DA:639,91
DA:640,91
DA:642,91
DA:643,91
LF:205
LH:172
BRDA:28,0,0,0
BRDA:77,1,0,0
BRDA:77,1,1,23
BRDA:112,2,0,91
BRDA:112,2,1,1
BRDA:150,3,0,0
BRDA:150,3,1,23
BRDA:150,4,0,23
BRDA:150,4,1,23
BRDA:157,5,0,0
BRDA:157,5,1,0
BRDA:181,6,0,0
BRDA:181,6,1,0
BRDA:187,7,0,0
BRDA:187,7,1,0
BRDA:201,8,0,1
BRDA:201,8,1,3
BRDA:208,9,0,0
BRDA:208,9,1,3
BRDA:221,10,0,0
BRDA:221,10,1,15
BRDA:221,11,0,15
BRDA:221,11,1,15
BRDA:227,12,0,4
BRDA:227,12,1,11
BRDA:227,13,0,15
BRDA:227,13,1,15
BRDA:239,14,0,0
BRDA:239,14,1,15
BRDA:258,15,0,1
BRDA:258,15,1,3
BRDA:258,16,0,4
BRDA:258,16,1,4
BRDA:265,17,0,3
BRDA:265,17,1,0
BRDA:273,18,0,0
BRDA:273,18,1,3
BRDA:295,19,0,4
BRDA:295,19,1,12
BRDA:295,20,0,16
BRDA:295,20,1,12
BRDA:295,20,2,8
BRDA:308,21,0,0
BRDA:308,21,1,49
BRDA:318,22,0,0
BRDA:318,22,1,96
BRDA:320,23,0,8
BRDA:320,23,1,88
BRDA:322,24,0,64
BRDA:322,24,1,24
BRDA:377,25,0,0
BRDA:377,25,1,1
BRDA:379,26,0,1
BRDA:379,26,1,0
BRDA:381,27,0,1
BRDA:381,27,1,0
BRDA:384,28,0,3
BRDA:384,28,1,0
BRDA:385,29,0,2
BRDA:385,29,1,1
BRDA:402,30,0,0
BRDA:402,30,1,0
BRDA:417,31,0,0
BRDA:417,31,1,0
BRDA:421,32,0,0
BRDA:421,32,1,0
BRDA:436,33,0,5
BRDA:436,33,1,0
BRDA:446,34,0,13
BRDA:446,34,1,0
BRDA:483,35,0,0
BRDA:519,36,0,23
BRDA:519,36,1,68
BRDA:528,37,0,2
BRDA:528,37,1,0
BRDA:528,38,0,2
BRDA:528,38,1,1
BRDA:556,39,0,0
BRDA:556,39,1,17
BRDA:575,40,0,0
BRDA:575,40,1,8
BRF:81
BRH:49
end_of_record
TN:
SF:js\components\HamburgerMenu.js
FN:21,(anonymous_0)
FN:31,(anonymous_1)
FN:55,(anonymous_2)
FN:76,(anonymous_3)
FN:121,(anonymous_4)
FN:122,(anonymous_5)
FN:141,(anonymous_6)
FN:328,(anonymous_7)
FN:343,(anonymous_8)
FN:356,(anonymous_9)
FN:371,(anonymous_10)
FN:400,(anonymous_11)
FN:420,(anonymous_12)
FN:431,(anonymous_13)
FN:467,(anonymous_14)
FN:474,(anonymous_15)
FN:501,(anonymous_16)
FN:513,(anonymous_17)
FN:525,(anonymous_18)
FN:535,(anonymous_19)
FN:548,(anonymous_20)
FN:550,(anonymous_21)
FN:561,(anonymous_22)
FN:572,(anonymous_23)
FN:581,(anonymous_24)
FN:591,(anonymous_25)
FN:604,(anonymous_26)
FN:619,(anonymous_27)
FNF:28
FNH:25
FNDA:30,(anonymous_0)
FNDA:30,(anonymous_1)
FNDA:30,(anonymous_2)
FNDA:30,(anonymous_3)
FNDA:37,(anonymous_4)
FNDA:27,(anonymous_5)
FNDA:30,(anonymous_6)
FNDA:30,(anonymous_7)
FNDA:19,(anonymous_8)
FNDA:4,(anonymous_9)
FNDA:16,(anonymous_10)
FNDA:40,(anonymous_11)
FNDA:4,(anonymous_12)
FNDA:6,(anonymous_13)
FNDA:3,(anonymous_14)
FNDA:3,(anonymous_15)
FNDA:2,(anonymous_16)
FNDA:2,(anonymous_17)
FNDA:7,(anonymous_18)
FNDA:8,(anonymous_19)
FNDA:0,(anonymous_20)
FNDA:0,(anonymous_21)
FNDA:0,(anonymous_22)
FNDA:5,(anonymous_23)
FNDA:1,(anonymous_24)
FNDA:1,(anonymous_25)
FNDA:120,(anonymous_26)
FNDA:30,(anonymous_27)
DA:22,30
DA:23,30
DA:24,30
DA:32,30
DA:34,30
DA:35,30
DA:38,30
DA:39,30
DA:40,30
DA:41,30
DA:42,30
DA:43,30
DA:46,30
DA:47,0
DA:56,30
DA:77,30
DA:108,30
DA:109,30
DA:110,30
DA:113,30
DA:122,37
DA:142,30
DA:316,30
DA:317,30
DA:318,1
DA:319,1
DA:320,1
DA:322,30
DA:329,30
DA:330,30
DA:333,30
DA:334,30
DA:338,30
DA:339,30
DA:342,30
DA:343,30
DA:344,19
DA:349,30
DA:357,4
DA:358,2
DA:361,4
DA:362,2
DA:364,2
DA:372,16
DA:373,0
DA:376,16
DA:377,16
DA:378,16
DA:379,16
DA:380,16
DA:381,16
DA:384,16
DA:385,16
DA:386,6
DA:390,16
DA:391,0
DA:394,16
DA:401,40
DA:402,24
DA:405,16
DA:406,16
DA:407,16
DA:408,16
DA:409,16
DA:410,16
DA:412,16
DA:421,4
DA:422,1
DA:432,6
DA:433,0
DA:436,6
DA:438,1
DA:439,1
DA:440,1
DA:441,1
DA:444,2
DA:445,2
DA:446,2
DA:449,2
DA:450,2
DA:451,2
DA:454,1
DA:455,1
DA:456,1
DA:458,1
DA:468,3
DA:469,3
DA:470,0
DA:473,3
DA:474,3
DA:476,3
DA:478,3
DA:479,3
DA:480,3
DA:484,3
DA:491,3
DA:492,3
DA:502,2
DA:503,2
DA:504,2
DA:505,2
DA:506,2
DA:514,2
DA:515,2
DA:516,2
DA:517,2
DA:518,2
DA:526,7
DA:528,7
DA:529,7
DA:530,7
DA:533,7
DA:534,7
DA:535,7
DA:536,8
DA:541,7
DA:550,0
DA:551,0
DA:555,0
DA:556,0
DA:557,0
DA:561,0
DA:562,0
DA:565,0
DA:573,5
DA:574,5
DA:582,1
DA:583,1
DA:584,1
DA:592,1
DA:593,1
DA:594,1
DA:605,120
DA:606,120
DA:607,120
DA:608,120
DA:609,120
DA:611,120
DA:621,30
DA:622,30
DA:625,30
DA:628,30
LF:142
LH:129
BRDA:21,0,0,20
BRDA:31,1,0,0
BRDA:35,2,0,30
BRDA:35,2,1,0
BRDA:46,3,0,0
BRDA:46,3,1,30
BRDA:124,4,0,27
BRDA:124,4,1,26
BRDA:125,5,0,0
BRDA:125,5,1,27
BRDA:126,6,0,27
BRDA:126,6,1,27
BRDA:129,7,0,1
BRDA:129,7,1,26
BRDA:131,8,0,1
BRDA:131,8,1,26
BRDA:132,9,0,27
BRDA:132,9,1,0
BRDA:317,10,0,1
BRDA:317,10,1,29
BRDA:329,11,0,30
BRDA:329,11,1,0
BRDA:333,12,0,30
BRDA:333,12,1,0
BRDA:338,13,0,30
BRDA:338,13,1,0
BRDA:357,14,0,2
BRDA:357,14,1,2
BRDA:361,15,0,2
BRDA:361,15,1,2
BRDA:372,16,0,0
BRDA:372,16,1,16
BRDA:385,17,0,6
BRDA:385,17,1,10
BRDA:390,18,0,0
BRDA:390,18,1,16
BRDA:390,19,0,16
BRDA:390,19,1,0
BRDA:401,20,0,24
BRDA:401,20,1,16
BRDA:421,21,0,1
BRDA:421,21,1,3
BRDA:421,22,0,4
BRDA:421,22,1,1
BRDA:432,23,0,0
BRDA:432,23,1,6
BRDA:436,24,0,1
BRDA:436,24,1,2
BRDA:436,24,2,2
BRDA:436,24,3,1
BRDA:454,25,0,1
BRDA:454,25,1,0
BRDA:469,26,0,0
BRDA:469,26,1,3
BRDA:474,27,0,3
BRDA:474,27,1,3
BRDA:476,28,0,3
BRDA:476,28,1,0
BRDA:478,29,0,3
BRDA:478,29,1,0
BRDA:478,30,0,3
BRDA:478,30,1,3
BRDA:491,31,0,3
BRDA:491,31,1,0
BRDA:517,32,0,1
BRDA:517,32,1,1
BRDA:529,33,0,7
BRDA:529,33,1,0
BRDA:533,34,0,7
BRDA:533,34,1,0
BRDA:556,35,0,0
BRDA:556,35,1,0
BRDA:562,36,0,0
BRDA:562,36,1,0
BRDA:582,37,0,1
BRDA:582,37,1,0
BRDA:582,38,0,1
BRDA:582,38,1,1
BRDA:611,39,0,90
BRDA:611,39,1,30
BRDA:611,40,0,60
BRDA:611,40,1,30
BRDA:612,41,0,90
BRDA:612,41,1,30
BRDA:612,42,0,0
BRDA:612,42,1,90
BRDA:613,43,0,90
BRDA:613,43,1,30
BRDA:613,44,0,0
BRDA:613,44,1,90
BRF:90
BRH:64
end_of_record
TN:
SF:js\components\MobileDocsNavManager.js
FN:26,(anonymous_0)
FN:77,(anonymous_1)
FN:138,(anonymous_2)
FN:158,(anonymous_3)
FN:169,(anonymous_4)
FN:187,(anonymous_5)
FN:205,(anonymous_6)
FN:225,(anonymous_7)
FN:252,(anonymous_8)
FN:254,(anonymous_9)
FN:272,(anonymous_10)
FN:287,(anonymous_11)
FN:300,(anonymous_12)
FN:304,(anonymous_13)
FN:309,(anonymous_14)
FN:329,(anonymous_15)
FN:364,(anonymous_16)
FN:400,(anonymous_17)
FN:447,(anonymous_18)
FN:458,(anonymous_19)
FN:477,(anonymous_20)
FN:495,(anonymous_21)
FN:502,(anonymous_22)
FN:521,(anonymous_23)
FN:534,(anonymous_24)
FN:542,(anonymous_25)
FN:549,(anonymous_26)
FN:569,(anonymous_27)
FN:591,(anonymous_28)
FN:605,(anonymous_29)
FN:618,(anonymous_30)
FN:659,(anonymous_31)
FN:670,(anonymous_32)
FN:681,(anonymous_33)
FN:691,(anonymous_34)
FN:719,(anonymous_35)
FN:723,(anonymous_36)
FN:733,(anonymous_37)
FN:742,(anonymous_38)
FN:748,(anonymous_39)
FN:749,(anonymous_40)
FN:750,(anonymous_41)
FN:751,(anonymous_42)
FN:752,(anonymous_43)
FN:762,(anonymous_44)
FN:768,(anonymous_45)
FN:781,(anonymous_46)
FN:798,(anonymous_47)
FN:815,(anonymous_48)
FN:823,(anonymous_49)
FNF:50
FNH:41
FNDA:54,(anonymous_0)
FNDA:56,(anonymous_1)
FNDA:54,(anonymous_2)
FNDA:57,(anonymous_3)
FNDA:225,(anonymous_4)
FNDA:56,(anonymous_5)
FNDA:57,(anonymous_6)
FNDA:54,(anonymous_7)
FNDA:54,(anonymous_8)
FNDA:0,(anonymous_9)
FNDA:97,(anonymous_10)
FNDA:337,(anonymous_11)
FNDA:97,(anonymous_12)
FNDA:2,(anonymous_13)
FNDA:2,(anonymous_14)
FNDA:59,(anonymous_15)
FNDA:45,(anonymous_16)
FNDA:181,(anonymous_17)
FNDA:4,(anonymous_18)
FNDA:20,(anonymous_19)
FNDA:80,(anonymous_20)
FNDA:0,(anonymous_21)
FNDA:21,(anonymous_22)
FNDA:80,(anonymous_23)
FNDA:6,(anonymous_24)
FNDA:20,(anonymous_25)
FNDA:20,(anonymous_26)
FNDA:3,(anonymous_27)
FNDA:2,(anonymous_28)
FNDA:4,(anonymous_29)
FNDA:4,(anonymous_30)
FNDA:0,(anonymous_31)
FNDA:0,(anonymous_32)
FNDA:2,(anonymous_33)
FNDA:2,(anonymous_34)
FNDA:1,(anonymous_35)
FNDA:0,(anonymous_36)
FNDA:1,(anonymous_37)
FNDA:54,(anonymous_38)
FNDA:1,(anonymous_39)
FNDA:1,(anonymous_40)
FNDA:0,(anonymous_41)
FNDA:0,(anonymous_42)
FNDA:0,(anonymous_43)
FNDA:1,(anonymous_44)
FNDA:4,(anonymous_45)
FNDA:1,(anonymous_46)
FNDA:114,(anonymous_47)
FNDA:0,(anonymous_48)
FNDA:57,(anonymous_49)
DA:27,54
DA:29,54
DA:30,54
DA:31,54
DA:34,54
DA:35,54
DA:36,54
DA:37,54
DA:40,54
DA:41,54
DA:42,54
DA:43,54
DA:44,54
DA:45,54
DA:48,54
DA:49,54
DA:50,54
DA:51,54
DA:52,54
DA:53,54
DA:56,54
DA:67,54
DA:68,54
DA:69,54
DA:70,54
DA:78,56
DA:79,2
DA:80,2
DA:83,54
DA:84,54
DA:87,54
DA:90,54
DA:93,54
DA:96,54
DA:99,54
DA:102,54
DA:103,53
DA:107,54
DA:108,53
DA:112,54
DA:115,54
DA:117,54
DA:120,54
DA:126,54
DA:129,0
DA:130,0
DA:140,54
DA:141,54
DA:142,0
DA:146,54
DA:147,54
DA:148,1
DA:151,54
DA:159,57
DA:161,57
DA:162,1
DA:163,1
DA:167,56
DA:169,56
DA:170,225
DA:171,225
DA:172,225
DA:173,225
DA:175,225
DA:176,225
DA:187,56
DA:188,56
DA:189,56
DA:192,56
DA:195,56
DA:206,57
DA:207,57
DA:209,57
DA:210,45
DA:213,45
DA:227,54
DA:230,54
DA:233,54
DA:236,54
DA:237,54
DA:240,54
DA:241,54
DA:242,54
DA:245,54
DA:253,54
DA:254,54
DA:255,0
DA:256,0
DA:257,0
DA:258,0
DA:263,54
DA:264,54
DA:273,97
DA:276,84
DA:277,84
DA:278,84
DA:279,84
DA:281,84
DA:282,84
DA:283,84
DA:286,84
DA:287,84
DA:288,337
DA:289,337
DA:293,84
DA:301,97
DA:304,84
DA:305,2
DA:306,2
DA:309,84
DA:310,2
DA:311,2
DA:313,2
DA:314,2
DA:317,2
DA:318,2
DA:322,84
DA:330,59
DA:331,0
DA:332,0
DA:336,59
DA:338,59
DA:339,14
DA:340,14
DA:343,45
DA:344,0
DA:345,0
DA:349,45
DA:351,45
DA:354,45
DA:366,45
DA:367,45
DA:368,0
DA:369,0
DA:373,45
DA:374,45
DA:377,45
DA:378,45
DA:379,45
DA:387,45
DA:388,45
DA:391,45
DA:392,45
DA:393,45
DA:396,45
DA:397,45
DA:400,45
DA:401,181
DA:402,181
DA:403,181
DA:404,181
DA:405,181
DA:407,181
DA:408,45
DA:412,181
DA:414,181
DA:418,45
DA:419,45
DA:422,45
DA:423,45
DA:426,45
DA:429,45
DA:432,45
DA:433,44
DA:437,45
DA:438,44
DA:441,45
DA:448,4
DA:449,1
DA:451,3
DA:459,20
DA:461,20
DA:463,20
DA:466,20
DA:467,20
DA:470,20
DA:471,20
DA:472,20
DA:473,20
DA:476,20
DA:477,20
DA:478,80
DA:483,20
DA:484,19
DA:488,20
DA:493,20
DA:494,20
DA:495,2
DA:503,21
DA:505,20
DA:507,20
DA:510,20
DA:511,20
DA:514,20
DA:515,20
DA:516,20
DA:517,20
DA:520,20
DA:521,20
DA:522,80
DA:527,20
DA:535,6
DA:537,5
DA:539,5
DA:542,5
DA:543,20
DA:547,5
DA:548,5
DA:549,5
DA:550,20
DA:551,20
DA:552,5
DA:554,15
DA:560,5
DA:570,3
DA:573,3
DA:576,3
DA:577,2
DA:581,3
DA:592,2
DA:593,2
DA:596,2
DA:597,2
DA:606,4
DA:609,2
DA:610,1
DA:619,4
DA:621,1
DA:622,1
DA:623,1
DA:625,1
DA:626,1
DA:629,1
DA:632,1
DA:633,0
DA:634,0
DA:636,1
DA:639,0
DA:640,0
DA:641,0
DA:643,0
DA:647,2
DA:648,2
DA:649,2
DA:651,2
DA:660,0
DA:661,0
DA:662,0
DA:663,0
DA:671,0
DA:672,0
DA:673,0
DA:674,0
DA:682,2
DA:683,2
DA:684,2
DA:692,2
DA:693,2
DA:695,2
DA:697,2
DA:700,2
DA:703,2
DA:704,2
DA:708,2
DA:720,1
DA:723,1
DA:724,0
DA:725,0
DA:734,1
DA:735,1
DA:744,54
DA:747,54
DA:748,1
DA:749,1
DA:750,0
DA:751,0
DA:752,0
DA:755,54
DA:763,1
DA:768,4
DA:782,1
DA:783,1
DA:786,1
DA:787,1
DA:788,1
DA:790,0
DA:800,114
DA:801,11
DA:805,114
DA:806,44
DA:807,44
DA:808,44
DA:809,44
DA:810,44
DA:814,114
DA:815,114
DA:817,114
DA:824,57
DA:826,53
DA:829,53
DA:832,53
DA:833,53
DA:834,53
DA:835,53
DA:836,53
DA:839,53
DA:840,53
DA:841,53
DA:845,53
DA:846,53
DA:847,53
DA:851,53
DA:852,53
DA:853,53
DA:856,53
DA:857,53
DA:859,53
DA:860,53
DA:864,53
DA:868,53
LF:320
LH:287
BRDA:26,0,0,0
BRDA:34,1,0,54
BRDA:34,1,1,3
BRDA:78,2,0,2
BRDA:78,2,1,54
BRDA:102,3,0,53
BRDA:102,3,1,1
BRDA:107,4,0,53
BRDA:107,4,1,1
BRDA:141,5,0,0
BRDA:141,5,1,54
BRDA:147,6,0,1
BRDA:147,6,1,53
BRDA:161,7,0,1
BRDA:161,7,1,56
BRDA:175,8,0,225
BRDA:175,8,1,0
BRDA:175,9,0,225
BRDA:175,9,1,225
BRDA:188,10,0,56
BRDA:188,10,1,0
BRDA:209,11,0,45
BRDA:209,11,1,12
BRDA:240,12,0,54
BRDA:240,12,1,0
BRDA:253,13,0,54
BRDA:253,13,1,0
BRDA:256,14,0,0
BRDA:256,14,1,0
BRDA:273,15,0,13
BRDA:273,15,1,84
BRDA:281,16,0,84
BRDA:281,16,1,0
BRDA:289,17,0,0
BRDA:289,17,1,337
BRDA:301,18,0,13
BRDA:301,18,1,84
BRDA:317,19,0,2
BRDA:317,19,1,0
BRDA:317,20,0,2
BRDA:317,20,1,2
BRDA:330,21,0,0
BRDA:330,21,1,59
BRDA:338,22,0,14
BRDA:338,22,1,45
BRDA:343,23,0,0
BRDA:343,23,1,45
BRDA:367,24,0,0
BRDA:367,24,1,45
BRDA:407,25,0,45
BRDA:407,25,1,136
BRDA:432,26,0,44
BRDA:432,26,1,1
BRDA:437,27,0,44
BRDA:437,27,1,1
BRDA:448,28,0,1
BRDA:448,28,1,3
BRDA:459,29,0,0
BRDA:459,29,1,20
BRDA:459,30,0,20
BRDA:459,30,1,20
BRDA:459,30,2,20
BRDA:470,31,0,20
BRDA:470,31,1,0
BRDA:483,32,0,19
BRDA:483,32,1,1
BRDA:483,33,0,20
BRDA:483,33,1,19
BRDA:494,34,0,2
BRDA:494,34,1,18
BRDA:494,35,0,20
BRDA:494,35,1,20
BRDA:503,36,0,1
BRDA:503,36,1,20
BRDA:503,37,0,21
BRDA:503,37,1,20
BRDA:503,37,2,20
BRDA:514,38,0,20
BRDA:514,38,1,0
BRDA:535,39,0,1
BRDA:535,39,1,5
BRDA:547,40,0,5
BRDA:547,40,1,0
BRDA:551,41,0,5
BRDA:551,41,1,15
BRDA:576,42,0,2
BRDA:576,42,1,1
BRDA:596,43,0,2
BRDA:596,43,1,0
BRDA:606,44,0,2
BRDA:606,44,1,2
BRDA:606,45,0,4
BRDA:606,45,1,2
BRDA:609,46,0,1
BRDA:609,46,1,1
BRDA:619,47,0,1
BRDA:619,47,1,1
BRDA:619,47,2,0
BRDA:619,47,3,1
BRDA:619,47,4,2
BRDA:621,48,0,1
BRDA:621,48,1,0
BRDA:625,49,0,1
BRDA:625,49,1,0
BRDA:632,50,0,0
BRDA:632,50,1,1
BRDA:632,51,0,1
BRDA:632,51,1,1
BRDA:639,52,0,0
BRDA:639,52,1,0
BRDA:639,53,0,0
BRDA:639,53,1,0
BRDA:647,54,0,2
BRDA:647,54,1,0
BRDA:673,55,0,0
BRDA:673,55,1,0
BRDA:695,56,0,2
BRDA:695,56,1,0
BRDA:703,57,0,2
BRDA:703,57,1,0
BRDA:703,58,0,2
BRDA:703,58,1,2
BRDA:782,59,0,1
BRDA:782,59,1,0
BRDA:782,60,0,1
BRDA:782,60,1,1
BRDA:786,61,0,1
BRDA:786,61,1,0
BRDA:786,62,0,1
BRDA:786,62,1,1
BRDA:787,63,0,1
BRDA:787,63,1,0
BRDA:800,64,0,11
BRDA:800,64,1,103
BRDA:805,65,0,44
BRDA:805,65,1,70
BRDA:824,66,0,4
BRDA:824,66,1,53
BRDA:839,67,0,53
BRDA:839,67,1,0
BRDA:845,68,0,53
BRDA:845,68,1,0
BRDA:856,69,0,53
BRDA:856,69,1,0
BRDA:859,70,0,53
BRDA:859,70,1,0
BRF:146
BRH:107
end_of_record
TN:
SF:js\components\SearchManager.js
FN:28,(anonymous_0)
FN:88,(anonymous_1)
FN:120,(anonymous_2)
FN:144,(anonymous_3)
FN:167,(anonymous_4)
FN:171,(anonymous_5)
FN:172,(anonymous_6)
FN:177,(anonymous_7)
FN:188,(anonymous_8)
FN:209,(anonymous_9)
FN:216,(anonymous_10)
FN:233,(anonymous_11)
FN:241,(anonymous_12)
FN:244,(anonymous_13)
FN:280,(anonymous_14)
FN:293,(anonymous_15)
FN:303,(anonymous_16)
FN:340,(anonymous_17)
FN:342,(anonymous_18)
FN:352,(anonymous_19)
FN:364,(anonymous_20)
FN:368,(anonymous_21)
FN:389,(anonymous_22)
FN:393,(anonymous_23)
FN:409,(anonymous_24)
FN:428,(anonymous_25)
FN:444,(anonymous_26)
FN:456,(anonymous_27)
FN:457,(anonymous_28)
FN:471,(anonymous_29)
FN:491,(anonymous_30)
FN:520,(anonymous_31)
FN:542,(anonymous_32)
FN:562,(anonymous_33)
FN:567,(anonymous_34)
FN:577,(anonymous_35)
FN:587,(anonymous_36)
FN:601,(anonymous_37)
FN:608,(anonymous_38)
FN:618,(anonymous_39)
FN:626,(anonymous_40)
FN:629,(anonymous_41)
FN:638,(anonymous_42)
FN:651,(anonymous_43)
FN:667,(anonymous_44)
FNF:45
FNH:39
FNDA:35,(anonymous_0)
FNDA:33,(anonymous_1)
FNDA:33,(anonymous_2)
FNDA:31,(anonymous_3)
FNDA:31,(anonymous_4)
FNDA:0,(anonymous_5)
FNDA:0,(anonymous_6)
FNDA:0,(anonymous_7)
FNDA:31,(anonymous_8)
FNDA:31,(anonymous_9)
FNDA:0,(anonymous_10)
FNDA:32,(anonymous_11)
FNDA:93,(anonymous_12)
FNDA:279,(anonymous_13)
FNDA:17,(anonymous_14)
FNDA:14,(anonymous_15)
FNDA:4,(anonymous_16)
FNDA:0,(anonymous_17)
FNDA:0,(anonymous_18)
FNDA:2,(anonymous_19)
FNDA:16,(anonymous_20)
FNDA:144,(anonymous_21)
FNDA:16,(anonymous_22)
FNDA:43,(anonymous_23)
FNDA:43,(anonymous_24)
FNDA:43,(anonymous_25)
FNDA:43,(anonymous_26)
FNDA:4,(anonymous_27)
FNDA:12,(anonymous_28)
FNDA:3,(anonymous_29)
FNDA:4,(anonymous_30)
FNDA:4,(anonymous_31)
FNDA:4,(anonymous_32)
FNDA:4,(anonymous_33)
FNDA:1,(anonymous_34)
FNDA:16,(anonymous_35)
FNDA:28,(anonymous_36)
FNDA:8,(anonymous_37)
FNDA:23,(anonymous_38)
FNDA:21,(anonymous_39)
FNDA:4,(anonymous_40)
FNDA:1,(anonymous_41)
FNDA:1,(anonymous_42)
FNDA:1,(anonymous_43)
FNDA:38,(anonymous_44)
DA:29,35
DA:44,35
DA:50,35
DA:56,35
DA:62,35
DA:68,35
DA:74,35
DA:77,35
DA:78,35
DA:79,35
DA:80,35
DA:81,35
DA:82,35
DA:89,33
DA:91,33
DA:93,33
DA:96,31
DA:99,31
DA:102,31
DA:105,31
DA:107,31
DA:108,31
DA:111,2
DA:112,2
DA:121,33
DA:125,33
DA:129,33
DA:130,1
DA:133,32
DA:134,1
DA:137,31
DA:146,31
DA:147,31
DA:148,31
DA:151,31
DA:154,31
DA:155,31
DA:156,31
DA:157,31
DA:158,31
DA:160,31
DA:169,31
DA:170,0
DA:171,0
DA:172,0
DA:176,0
DA:177,0
DA:178,0
DA:190,31
DA:191,31
DA:192,31
DA:193,31
DA:194,31
DA:196,31
DA:197,31
DA:200,31
DA:201,30
DA:210,31
DA:212,31
DA:213,30
DA:216,1
DA:217,0
DA:221,31
DA:224,0
DA:225,0
DA:234,32
DA:236,32
DA:237,1
DA:238,1
DA:241,31
DA:242,93
DA:244,93
DA:245,279
DA:248,279
DA:249,279
DA:251,0
DA:252,0
DA:253,0
DA:254,0
DA:255,0
DA:260,279
DA:261,279
DA:272,31
DA:281,17
DA:282,17
DA:285,17
DA:287,17
DA:288,1
DA:289,1
DA:293,16
DA:294,14
DA:304,4
DA:306,4
DA:308,4
DA:310,1
DA:311,1
DA:312,1
DA:313,1
DA:316,1
DA:317,1
DA:318,1
DA:319,1
DA:322,1
DA:323,1
DA:324,1
DA:326,1
DA:329,1
DA:330,1
DA:331,1
DA:342,0
DA:343,0
DA:353,2
DA:354,2
DA:355,2
DA:365,16
DA:367,16
DA:368,144
DA:371,16
DA:374,16
DA:380,16
DA:390,16
DA:391,1
DA:393,15
DA:394,43
DA:398,16
DA:399,16
DA:411,43
DA:412,43
DA:414,43
DA:429,43
DA:430,43
DA:431,43
DA:432,43
DA:434,0
DA:445,43
DA:447,43
DA:448,43
DA:457,4
DA:458,12
DA:462,4
DA:472,3
DA:473,3
DA:474,3
DA:476,3
DA:477,3
DA:478,3
DA:481,3
DA:492,4
DA:493,4
DA:494,1
DA:495,1
DA:499,3
DA:502,3
DA:504,3
DA:505,3
DA:506,3
DA:510,3
DA:511,3
DA:521,4
DA:522,4
DA:524,4
DA:526,4
DA:527,4
DA:528,0
DA:531,4
DA:543,4
DA:544,4
DA:546,4
DA:547,4
DA:548,4
DA:550,0
DA:551,0
DA:554,4
DA:563,4
DA:564,1
DA:566,1
DA:567,1
DA:568,1
DA:578,16
DA:579,16
DA:580,16
DA:588,28
DA:589,28
DA:590,28
DA:591,28
DA:592,28
DA:593,28
DA:602,8
DA:609,23
DA:610,23
DA:611,23
DA:612,23
DA:619,21
DA:628,4
DA:629,4
DA:630,1
DA:639,1
DA:652,1
DA:654,1
DA:655,1
DA:656,1
DA:659,1
DA:660,1
DA:669,38
DA:670,38
DA:673,38
DA:674,35
DA:675,35
DA:676,35
DA:679,38
DA:680,35
DA:684,38
DA:685,38
DA:686,38
DA:689,38
DA:691,38
LF:216
LH:196
BRDA:28,0,0,0
BRDA:121,1,0,33
BRDA:121,1,1,1
BRDA:121,1,2,1
BRDA:125,2,0,33
BRDA:125,2,1,1
BRDA:125,2,2,1
BRDA:129,3,0,1
BRDA:129,3,1,32
BRDA:133,4,0,1
BRDA:133,4,1,31
BRDA:169,5,0,0
BRDA:169,5,1,31
BRDA:169,6,0,31
BRDA:169,6,1,31
BRDA:176,7,0,0
BRDA:176,7,1,0
BRDA:200,8,0,30
BRDA:200,8,1,1
BRDA:200,9,0,31
BRDA:200,9,1,30
BRDA:212,10,0,30
BRDA:212,10,1,1
BRDA:212,11,0,31
BRDA:212,11,1,30
BRDA:236,12,0,1
BRDA:236,12,1,31
BRDA:236,13,0,32
BRDA:236,13,1,31
BRDA:242,14,0,0
BRDA:242,14,1,93
BRDA:245,15,0,0
BRDA:245,15,1,279
BRDA:245,16,0,279
BRDA:245,16,1,279
BRDA:249,17,0,0
BRDA:249,17,1,279
BRDA:252,18,0,0
BRDA:252,18,1,0
BRDA:253,19,0,0
BRDA:253,19,1,0
BRDA:260,20,0,279
BRDA:260,20,1,0
BRDA:287,21,0,1
BRDA:287,21,1,16
BRDA:304,22,0,0
BRDA:304,22,1,4
BRDA:308,23,0,1
BRDA:308,23,1,1
BRDA:308,23,2,1
BRDA:308,23,3,1
BRDA:323,24,0,1
BRDA:323,24,1,0
BRDA:323,25,0,1
BRDA:323,25,1,1
BRDA:354,26,0,2
BRDA:354,26,1,0
BRDA:354,27,0,2
BRDA:354,27,1,2
BRDA:390,28,0,1
BRDA:390,28,1,15
BRDA:429,29,0,43
BRDA:429,29,1,0
BRDA:429,30,0,43
BRDA:429,30,1,43
BRDA:431,31,0,43
BRDA:431,31,1,0
BRDA:432,32,0,43
BRDA:432,32,1,0
BRDA:445,33,0,0
BRDA:445,33,1,43
BRDA:463,34,0,4
BRDA:463,34,1,0
BRDA:493,35,0,1
BRDA:493,35,1,3
BRDA:504,36,0,3
BRDA:504,36,1,0
BRDA:504,37,0,3
BRDA:504,37,1,3
BRDA:510,38,0,3
BRDA:510,38,1,0
BRDA:524,39,0,4
BRDA:524,39,1,0
BRDA:524,40,0,4
BRDA:524,40,1,4
BRDA:527,41,0,0
BRDA:527,41,1,4
BRDA:527,42,0,4
BRDA:527,42,1,0
BRDA:546,43,0,4
BRDA:546,43,1,0
BRDA:548,44,0,4
BRDA:548,44,1,0
BRDA:548,44,2,0
BRDA:563,45,0,1
BRDA:563,45,1,3
BRDA:652,46,0,0
BRDA:652,46,1,1
BRDA:654,47,0,1
BRDA:654,47,1,0
BRDA:659,48,0,1
BRDA:659,48,1,0
BRDA:659,49,0,1
BRDA:659,49,1,1
BRDA:673,50,0,35
BRDA:673,50,1,3
BRDA:679,51,0,35
BRDA:679,51,1,3
BRF:108
BRH:77
end_of_record
TN:
SF:js\modules\ComponentBase.js
FN:20,(anonymous_0)
FN:55,(anonymous_1)
FN:70,(anonymous_2)
FN:72,(anonymous_3)
FN:81,(anonymous_4)
FN:118,(anonymous_5)
FN:127,(anonymous_6)
FN:136,(anonymous_7)
FN:144,(anonymous_8)
FN:153,(anonymous_9)
FN:178,(anonymous_10)
FN:185,(anonymous_11)
FN:196,(anonymous_12)
FN:207,(anonymous_13)
FN:221,(anonymous_14)
FN:230,(anonymous_15)
FN:239,(anonymous_16)
FN:247,(anonymous_17)
FN:257,(anonymous_18)
FN:268,(anonymous_19)
FN:280,(anonymous_20)
FN:289,(anonymous_21)
FN:325,(anonymous_22)
FN:340,(anonymous_23)
FNF:24
FNH:23
FNDA:198,(anonymous_0)
FNDA:197,(anonymous_1)
FNDA:4,(anonymous_2)
FNDA:4,(anonymous_3)
FNDA:34,(anonymous_4)
FNDA:33,(anonymous_5)
FNDA:33,(anonymous_6)
FNDA:0,(anonymous_7)
FNDA:3,(anonymous_8)
FNDA:2,(anonymous_9)
FNDA:2,(anonymous_10)
FNDA:2,(anonymous_11)
FNDA:3,(anonymous_12)
FNDA:2,(anonymous_13)
FNDA:2,(anonymous_14)
FNDA:112,(anonymous_15)
FNDA:45,(anonymous_16)
FNDA:1,(anonymous_17)
FNDA:1,(anonymous_18)
FNDA:1,(anonymous_19)
FNDA:274,(anonymous_20)
FNDA:109,(anonymous_21)
FNDA:1,(anonymous_22)
FNDA:1,(anonymous_23)
DA:21,198
DA:24,198
DA:28,198
DA:29,1
DA:33,197
DA:36,197
DA:37,197
DA:38,197
DA:41,197
DA:42,197
DA:43,197
DA:46,197
DA:48,197
DA:56,197
DA:72,4
DA:73,4
DA:82,34
DA:83,1
DA:86,33
DA:87,33
DA:90,33
DA:93,33
DA:96,33
DA:99,33
DA:101,33
DA:102,33
DA:104,33
DA:107,0
DA:108,0
DA:109,0
DA:137,0
DA:154,2
DA:155,0
DA:158,2
DA:159,2
DA:161,2
DA:168,2
DA:186,2
DA:187,2
DA:188,2
DA:189,2
DA:197,3
DA:198,3
DA:199,3
DA:208,2
DA:209,2
DA:210,1
DA:212,1
DA:214,2
DA:222,2
DA:231,112
DA:240,45
DA:248,1
DA:249,1
DA:258,1
DA:259,1
DA:269,1
DA:270,1
DA:272,0
DA:281,274
DA:282,274
DA:290,109
DA:291,5
DA:294,104
DA:297,104
DA:300,104
DA:302,104
DA:305,104
DA:306,104
DA:311,104
DA:312,104
DA:314,104
DA:316,104
DA:326,1
DA:328,1
DA:329,1
DA:332,1
DA:341,1
LF:78
LH:72
BRDA:20,0,0,11
BRDA:24,1,0,2
BRDA:24,1,1,196
BRDA:28,2,0,1
BRDA:28,2,1,197
BRDA:70,3,0,4
BRDA:82,4,0,1
BRDA:82,4,1,33
BRDA:82,5,0,34
BRDA:82,5,1,33
BRDA:153,6,0,0
BRDA:154,7,0,0
BRDA:154,7,1,2
BRDA:186,8,0,2
BRDA:186,8,1,0
BRDA:197,9,0,3
BRDA:197,9,1,0
BRDA:209,10,0,1
BRDA:209,10,1,1
BRDA:222,11,0,2
BRDA:222,11,1,2
BRDA:231,12,0,112
BRDA:231,12,1,0
BRDA:240,13,0,45
BRDA:240,13,1,0
BRDA:248,14,0,1
BRDA:248,14,1,0
BRDA:258,15,0,1
BRDA:258,15,1,0
BRDA:269,16,0,1
BRDA:269,16,1,0
BRDA:281,17,0,274
BRDA:281,17,1,0
BRDA:290,18,0,5
BRDA:290,18,1,104
BRDA:300,19,0,104
BRDA:300,19,1,0
BRDA:305,20,0,104
BRDA:305,20,1,0
BRDA:325,21,0,1
BRDA:328,22,0,1
BRDA:328,22,1,0
BRDA:341,23,0,1
BRDA:341,23,1,0
BRDA:341,24,0,1
BRDA:341,24,1,1
BRF:46
BRH:32
end_of_record
TN:
SF:js\modules\EventBus.js
FN:13,(anonymous_0)
FN:27,(anonymous_1)
FN:51,(anonymous_2)
FN:59,(anonymous_3)
FN:69,(anonymous_4)
FN:78,(anonymous_5)
FN:86,(anonymous_6)
FN:108,(anonymous_7)
FN:134,(anonymous_8)
FN:141,(anonymous_9)
FN:156,(anonymous_10)
FN:158,(anonymous_11)
FN:169,(anonymous_12)
FN:177,(anonymous_13)
FN:190,(anonymous_14)
FN:198,(anonymous_15)
FN:207,(anonymous_16)
FN:215,(anonymous_17)
FN:225,(anonymous_18)
FN:229,(anonymous_19)
FN:230,(anonymous_20)
FN:231,(anonymous_21)
FN:232,(anonymous_22)
FN:233,(anonymous_23)
FN:244,(anonymous_24)
FN:245,(anonymous_25)
FN:246,(anonymous_26)
FN:247,(anonymous_27)
FN:248,(anonymous_28)
FNF:29
FNH:8
FNDA:211,(anonymous_0)
FNDA:579,(anonymous_1)
FNDA:3375,(anonymous_2)
FNDA:0,(anonymous_3)
FNDA:1,(anonymous_4)
FNDA:416,(anonymous_5)
FNDA:607,(anonymous_6)
FNDA:389,(anonymous_7)
FNDA:0,(anonymous_8)
FNDA:0,(anonymous_9)
FNDA:0,(anonymous_10)
FNDA:0,(anonymous_11)
FNDA:0,(anonymous_12)
FNDA:104,(anonymous_13)
FNDA:0,(anonymous_14)
FNDA:0,(anonymous_15)
FNDA:0,(anonymous_16)
FNDA:0,(anonymous_17)
FNDA:0,(anonymous_18)
FNDA:0,(anonymous_19)
FNDA:0,(anonymous_20)
FNDA:0,(anonymous_21)
FNDA:0,(anonymous_22)
FNDA:0,(anonymous_23)
FNDA:0,(anonymous_24)
FNDA:0,(anonymous_25)
FNDA:0,(anonymous_26)
FNDA:0,(anonymous_27)
FNDA:0,(anonymous_28)
DA:14,211
DA:15,211
DA:28,579
DA:29,0
DA:32,579
DA:33,242
DA:36,579
DA:39,579
DA:40,0
DA:43,579
DA:51,3375
DA:52,579
DA:53,579
DA:55,0
DA:59,579
DA:70,1
DA:79,416
DA:80,24
DA:83,392
DA:86,392
DA:87,607
DA:90,392
DA:91,379
DA:94,379
DA:95,221
DA:109,389
DA:110,301
DA:113,88
DA:114,88
DA:115,88
DA:118,88
DA:119,88
DA:120,166
DA:121,166
DA:122,166
DA:125,166
DA:126,0
DA:129,0
DA:134,88
DA:136,88
DA:140,0
DA:142,0
DA:143,0
DA:146,0
DA:147,0
DA:150,0
DA:152,0
DA:153,0
DA:158,0
DA:159,0
DA:170,0
DA:178,104
DA:179,0
DA:181,104
DA:191,0
DA:199,0
DA:208,0
DA:216,0
DA:226,0
DA:228,0
DA:229,0
DA:230,0
DA:231,0
DA:232,0
DA:233,0
DA:239,7
DA:244,7
DA:245,7
DA:246,7
DA:247,7
DA:248,7
LF:71
LH:43
BRDA:27,0,0,574
BRDA:28,1,0,0
BRDA:28,1,1,579
BRDA:32,2,0,242
BRDA:32,2,1,337
BRDA:39,3,0,0
BRDA:39,3,1,579
BRDA:45,4,0,579
BRDA:45,4,1,578
BRDA:46,5,0,579
BRDA:46,5,1,579
BRDA:52,6,0,579
BRDA:52,6,1,0
BRDA:69,7,0,1
BRDA:79,8,0,24
BRDA:79,8,1,392
BRDA:87,9,0,607
BRDA:87,9,1,228
BRDA:90,10,0,379
BRDA:90,10,1,13
BRDA:94,11,0,221
BRDA:94,11,1,158
BRDA:108,12,0,389
BRDA:109,13,0,301
BRDA:109,13,1,88
BRDA:110,14,0,0
BRDA:110,14,1,301
BRDA:118,15,0,88
BRDA:118,15,1,0
BRDA:125,16,0,0
BRDA:125,16,1,166
BRDA:146,17,0,0
BRDA:146,17,1,0
BRDA:178,18,0,0
BRDA:178,18,1,104
BRDA:191,19,0,0
BRDA:191,19,1,0
BRF:37
BRH:26
end_of_record
TN:
SF:js\modules\LegacyBridge.js
FN:12,(anonymous_0)
FN:24,(anonymous_1)
FN:43,(anonymous_2)
FN:67,(anonymous_3)
FN:75,(anonymous_4)
FN:81,(anonymous_5)
FN:88,(anonymous_6)
FN:95,(anonymous_7)
FN:107,(anonymous_8)
FN:111,(anonymous_9)
FN:130,(anonymous_10)
FN:172,(anonymous_11)
FN:177,(anonymous_12)
FN:185,(anonymous_13)
FN:205,(anonymous_14)
FN:240,(anonymous_15)
FN:243,(anonymous_16)
FN:246,(anonymous_17)
FN:261,(anonymous_18)
FN:271,(anonymous_19)
FN:273,(anonymous_20)
FN:278,(anonymous_21)
FN:284,(anonymous_22)
FN:294,(anonymous_23)
FN:297,(anonymous_24)
FN:308,(anonymous_25)
FN:311,(anonymous_26)
FN:322,(anonymous_27)
FN:335,(anonymous_28)
FN:351,(anonymous_29)
FN:382,(anonymous_30)
FN:383,(anonymous_31)
FN:384,(anonymous_32)
FN:398,(anonymous_33)
FN:402,(anonymous_34)
FN:408,(anonymous_35)
FN:428,(anonymous_36)
FN:431,(anonymous_37)
FN:444,(anonymous_38)
FN:453,(anonymous_39)
FN:461,(anonymous_40)
FN:463,(anonymous_41)
FN:467,(anonymous_42)
FN:476,(anonymous_43)
FN:485,(anonymous_44)
FNF:45
FNH:1
FNDA:1,(anonymous_0)
FNDA:0,(anonymous_1)
FNDA:0,(anonymous_2)
FNDA:0,(anonymous_3)
FNDA:0,(anonymous_4)
FNDA:0,(anonymous_5)
FNDA:0,(anonymous_6)
FNDA:0,(anonymous_7)
FNDA:0,(anonymous_8)
FNDA:0,(anonymous_9)
FNDA:0,(anonymous_10)
FNDA:0,(anonymous_11)
FNDA:0,(anonymous_12)
FNDA:0,(anonymous_13)
FNDA:0,(anonymous_14)
FNDA:0,(anonymous_15)
FNDA:0,(anonymous_16)
FNDA:0,(anonymous_17)
FNDA:0,(anonymous_18)
FNDA:0,(anonymous_19)
FNDA:0,(anonymous_20)
FNDA:0,(anonymous_21)
FNDA:0,(anonymous_22)
FNDA:0,(anonymous_23)
FNDA:0,(anonymous_24)
FNDA:0,(anonymous_25)
FNDA:0,(anonymous_26)
FNDA:0,(anonymous_27)
FNDA:0,(anonymous_28)
FNDA:0,(anonymous_29)
FNDA:0,(anonymous_30)
FNDA:0,(anonymous_31)
FNDA:0,(anonymous_32)
FNDA:0,(anonymous_33)
FNDA:0,(anonymous_34)
FNDA:0,(anonymous_35)
FNDA:0,(anonymous_36)
FNDA:0,(anonymous_37)
FNDA:0,(anonymous_38)
FNDA:0,(anonymous_39)
FNDA:0,(anonymous_40)
FNDA:0,(anonymous_41)
FNDA:0,(anonymous_42)
FNDA:0,(anonymous_43)
FNDA:0,(anonymous_44)
DA:13,1
DA:14,1
DA:15,1
DA:17,1
DA:26,0
DA:29,0
DA:32,0
DA:34,0
DA:44,0
DA:47,0
DA:54,0
DA:57,0
DA:59,0
DA:68,0
DA:70,0
DA:76,0
DA:77,0
DA:82,0
DA:83,0
DA:88,0
DA:89,0
DA:90,0
DA:95,0
DA:96,0
DA:99,0
DA:108,0
DA:109,0
DA:111,0
DA:112,0
DA:116,0
DA:120,0
DA:131,0
DA:134,0
DA:135,0
DA:136,0
DA:137,0
DA:141,0
DA:144,0
DA:151,0
DA:154,0
DA:161,0
DA:163,0
DA:173,0
DA:176,0
DA:177,0
DA:178,0
DA:179,0
DA:184,0
DA:185,0
DA:186,0
DA:187,0
DA:188,0
DA:193,0
DA:195,0
DA:207,0
DA:212,0
DA:221,0
DA:224,0
DA:225,0
DA:229,0
DA:231,0
DA:242,0
DA:243,0
DA:244,0
DA:246,0
DA:247,0
DA:250,0
DA:251,0
DA:255,0
DA:261,0
DA:262,0
DA:263,0
DA:273,0
DA:274,0
DA:275,0
DA:278,0
DA:279,0
DA:280,0
DA:284,0
DA:285,0
DA:286,0
DA:296,0
DA:297,0
DA:298,0
DA:299,0
DA:310,0
DA:311,0
DA:312,0
DA:313,0
DA:324,0
DA:326,0
DA:327,0
DA:337,0
DA:340,0
DA:343,0
DA:345,0
DA:352,0
DA:354,0
DA:356,0
DA:359,0
DA:362,0
DA:363,0
DA:364,0
DA:365,0
DA:369,0
DA:377,0
DA:380,0
DA:382,0
DA:383,0
DA:384,0
DA:387,0
DA:390,0
DA:399,0
DA:400,0
DA:402,0
DA:403,0
DA:410,0
DA:413,0
DA:414,0
DA:420,0
DA:422,0
DA:430,0
DA:431,0
DA:434,0
DA:435,0
DA:438,0
DA:446,0
DA:453,0
DA:454,0
DA:462,0
DA:463,0
DA:465,0
DA:466,0
DA:467,0
DA:477,0
DA:486,0
DA:487,0
DA:492,1
LF:138
LH:5
BRDA:43,0,0,0
BRDA:75,1,0,0
BRDA:75,1,1,0
BRDA:77,2,0,0
BRDA:77,2,1,0
BRDA:81,3,0,0
BRDA:81,3,1,0
BRDA:83,4,0,0
BRDA:83,4,1,0
BRDA:89,5,0,0
BRDA:89,5,1,0
BRDA:112,6,0,0
BRDA:112,6,1,0
BRDA:112,7,0,0
BRDA:112,7,1,0
BRDA:112,7,2,0
BRDA:112,7,3,0
BRDA:130,8,0,0
BRDA:135,9,0,0
BRDA:135,9,1,0
BRDA:178,10,0,0
BRDA:178,10,1,0
BRDA:184,11,0,0
BRDA:184,11,1,0
BRDA:187,12,0,0
BRDA:187,12,1,0
BRDA:207,13,0,0
BRDA:207,13,1,0
BRDA:207,13,2,0
BRDA:224,14,0,0
BRDA:224,14,1,0
BRDA:242,15,0,0
BRDA:242,15,1,0
BRDA:250,16,0,0
BRDA:250,16,1,0
BRDA:262,17,0,0
BRDA:262,17,1,0
BRDA:262,18,0,0
BRDA:262,18,1,0
BRDA:298,19,0,0
BRDA:298,19,1,0
BRDA:312,20,0,0
BRDA:312,20,1,0
BRDA:326,21,0,0
BRDA:326,21,1,0
BRDA:340,22,0,0
BRDA:340,22,1,0
BRDA:340,22,2,0
BRDA:345,23,0,0
BRDA:345,23,1,0
BRDA:345,23,2,0
BRDA:363,24,0,0
BRDA:363,24,1,0
BRDA:413,25,0,0
BRDA:413,25,1,0
BRDA:434,26,0,0
BRDA:434,26,1,0
BRDA:463,27,0,0
BRDA:463,27,1,0
BRDA:465,28,0,0
BRDA:465,28,1,0
BRDA:477,29,0,0
BRDA:477,29,1,0
BRDA:487,30,0,0
BRDA:487,30,1,0
BRF:65
BRH:0
end_of_record
TN:
SF:js\modules\Router.js
FN:15,(anonymous_0)
FN:38,(anonymous_1)
FN:57,(anonymous_2)
FN:74,(anonymous_3)
FN:122,(anonymous_4)
FN:134,(anonymous_5)
FN:146,(anonymous_6)
FN:158,(anonymous_7)
FN:167,(anonymous_8)
FN:174,(anonymous_9)
FN:181,(anonymous_10)
FN:189,(anonymous_11)
FN:196,(anonymous_12)
FN:204,(anonymous_13)
FN:216,(anonymous_14)
FN:227,(anonymous_15)
FN:236,(anonymous_16)
FN:237,(anonymous_17)
FN:249,(anonymous_18)
FN:292,(anonymous_19)
FN:294,(anonymous_20)
FN:305,(anonymous_21)
FN:321,(anonymous_22)
FNF:23
FNH:5
FNDA:2,(anonymous_0)
FNDA:5,(anonymous_1)
FNDA:0,(anonymous_2)
FNDA:0,(anonymous_3)
FNDA:0,(anonymous_4)
FNDA:0,(anonymous_5)
FNDA:0,(anonymous_6)
FNDA:0,(anonymous_7)
FNDA:0,(anonymous_8)
FNDA:0,(anonymous_9)
FNDA:0,(anonymous_10)
FNDA:0,(anonymous_11)
FNDA:0,(anonymous_12)
FNDA:0,(anonymous_13)
FNDA:1,(anonymous_14)
FNDA:1,(anonymous_15)
FNDA:5,(anonymous_16)
FNDA:0,(anonymous_17)
FNDA:0,(anonymous_18)
FNDA:0,(anonymous_19)
FNDA:0,(anonymous_20)
FNDA:0,(anonymous_21)
FNDA:0,(anonymous_22)
DA:16,2
DA:18,2
DA:19,2
DA:20,2
DA:21,2
DA:24,2
DA:25,2
DA:28,2
DA:29,2
DA:39,5
DA:58,0
DA:60,0
DA:61,0
DA:63,0
DA:66,0
DA:75,0
DA:77,0
DA:79,0
DA:80,0
DA:81,0
DA:83,0
DA:84,0
DA:89,0
DA:90,0
DA:91,0
DA:94,0
DA:95,0
DA:98,0
DA:100,0
DA:102,0
DA:105,0
DA:106,0
DA:109,0
DA:112,0
DA:113,0
DA:123,0
DA:124,0
DA:125,0
DA:135,0
DA:136,0
DA:137,0
DA:147,0
DA:148,0
DA:149,0
DA:151,0
DA:159,0
DA:168,0
DA:175,0
DA:182,0
DA:190,0
DA:197,0
DA:198,0
DA:205,0
DA:206,0
DA:207,0
DA:217,1
DA:220,1
DA:228,1
DA:236,1
DA:237,5
DA:238,0
DA:250,0
DA:251,0
DA:253,0
DA:254,0
DA:255,0
DA:258,0
DA:259,0
DA:262,0
DA:263,0
DA:264,0
DA:268,0
DA:270,0
DA:273,0
DA:274,0
DA:277,0
DA:278,0
DA:279,0
DA:294,0
DA:295,0
DA:299,0
DA:300,0
DA:301,0
DA:305,0
DA:306,0
DA:309,0
DA:310,0
DA:311,0
DA:322,0
DA:339,1
DA:340,1
LF:91
LH:17
BRDA:38,0,0,0
BRDA:42,1,0,5
BRDA:42,1,1,0
BRDA:43,2,0,5
BRDA:43,2,1,5
BRDA:44,3,0,5
BRDA:44,3,1,5
BRDA:57,4,0,0
BRDA:60,5,0,0
BRDA:60,5,1,0
BRDA:61,6,0,0
BRDA:61,6,1,0
BRDA:63,7,0,0
BRDA:63,7,1,0
BRDA:77,8,0,0
BRDA:77,8,1,0
BRDA:79,9,0,0
BRDA:79,9,1,0
BRDA:79,10,0,0
BRDA:79,10,1,0
BRDA:89,11,0,0
BRDA:89,11,1,0
BRDA:89,12,0,0
BRDA:89,12,1,0
BRDA:105,13,0,0
BRDA:105,13,1,0
BRDA:124,14,0,0
BRDA:124,14,1,0
BRDA:136,15,0,0
BRDA:136,15,1,0
BRDA:148,16,0,0
BRDA:148,16,1,0
BRDA:149,17,0,0
BRDA:149,17,1,0
BRDA:197,18,0,0
BRDA:197,18,1,0
BRDA:254,19,0,0
BRDA:254,19,1,0
BRDA:263,20,0,0
BRDA:263,20,1,0
BRDA:278,21,0,0
BRDA:278,21,1,0
BRDA:300,22,0,0
BRDA:300,22,1,0
BRDA:310,23,0,0
BRDA:310,23,1,0
BRF:46
BRH:5
end_of_record
TN:
SF:js\modules\StateManager.js
FN:15,(anonymous_0)
FN:26,(anonymous_1)
FN:34,(anonymous_2)
FN:63,(anonymous_3)
FN:79,(anonymous_4)
FN:106,(anonymous_5)
FN:114,(anonymous_6)
FN:132,(anonymous_7)
FN:142,(anonymous_8)
FN:155,(anonymous_9)
FN:163,(anonymous_10)
FN:185,(anonymous_11)
FN:194,(anonymous_12)
FN:195,(anonymous_13)
FN:210,(anonymous_14)
FN:211,(anonymous_15)
FN:225,(anonymous_16)
FN:245,(anonymous_17)
FN:248,(anonymous_18)
FN:283,(anonymous_19)
FN:285,(anonymous_20)
FN:290,(anonymous_21)
FN:306,(anonymous_22)
FN:309,(anonymous_23)
FN:329,(anonymous_24)
FN:336,(anonymous_25)
FN:341,(anonymous_26)
FN:358,(anonymous_27)
FN:360,(anonymous_28)
FNF:29
FNH:4
FNDA:4,(anonymous_0)
FNDA:0,(anonymous_1)
FNDA:0,(anonymous_2)
FNDA:0,(anonymous_3)
FNDA:0,(anonymous_4)
FNDA:4,(anonymous_5)
FNDA:32,(anonymous_6)
FNDA:0,(anonymous_7)
FNDA:0,(anonymous_8)
FNDA:0,(anonymous_9)
FNDA:0,(anonymous_10)
FNDA:0,(anonymous_11)
FNDA:0,(anonymous_12)
FNDA:0,(anonymous_13)
FNDA:0,(anonymous_14)
FNDA:0,(anonymous_15)
FNDA:4,(anonymous_16)
FNDA:0,(anonymous_17)
FNDA:0,(anonymous_18)
FNDA:0,(anonymous_19)
FNDA:0,(anonymous_20)
FNDA:0,(anonymous_21)
FNDA:0,(anonymous_22)
FNDA:0,(anonymous_23)
FNDA:0,(anonymous_24)
FNDA:0,(anonymous_25)
FNDA:0,(anonymous_26)
FNDA:0,(anonymous_27)
FNDA:0,(anonymous_28)
DA:16,4
DA:19,4
DA:20,4
DA:21,4
DA:22,4
DA:25,4
DA:28,0
DA:29,0
DA:31,0
DA:35,0
DA:38,0
DA:39,0
DA:40,0
DA:41,0
DA:46,0
DA:47,0
DA:50,0
DA:58,0
DA:61,0
DA:62,0
DA:63,0
DA:64,0
DA:65,0
DA:67,0
DA:73,0
DA:76,0
DA:80,0
DA:81,0
DA:82,0
DA:84,0
DA:92,0
DA:94,0
DA:99,4
DA:108,4
DA:109,4
DA:114,4
DA:115,32
DA:116,0
DA:121,4
DA:122,4
DA:123,4
DA:124,4
DA:133,0
DA:134,0
DA:143,0
DA:144,0
DA:145,0
DA:156,0
DA:157,0
DA:160,0
DA:163,0
DA:164,0
DA:165,0
DA:166,0
DA:167,0
DA:168,0
DA:172,0
DA:173,0
DA:186,0
DA:194,0
DA:195,0
DA:196,0
DA:197,0
DA:198,0
DA:199,0
DA:211,0
DA:212,0
DA:213,0
DA:214,0
DA:226,4
DA:227,4
DA:229,4
DA:230,4
DA:231,0
DA:233,4
DA:237,0
DA:246,0
DA:248,0
DA:249,0
DA:253,0
DA:254,0
DA:257,0
DA:258,0
DA:259,0
DA:260,0
DA:262,0
DA:266,0
DA:267,0
DA:270,0
DA:284,0
DA:285,0
DA:286,0
DA:290,0
DA:291,0
DA:295,0
DA:298,0
DA:307,0
DA:308,0
DA:310,0
DA:311,0
DA:313,0
DA:317,0
DA:318,0
DA:320,0
DA:330,0
DA:331,0
DA:332,0
DA:333,0
DA:335,0
DA:336,0
DA:337,0
DA:340,0
DA:341,0
DA:342,0
DA:346,0
DA:349,0
DA:359,0
DA:360,0
DA:361,0
DA:362,0
DA:364,0
DA:368,0
DA:373,4
DA:376,4
LF:124
LH:22
BRDA:28,0,0,0
BRDA:28,0,1,0
BRDA:40,1,0,0
BRDA:40,1,1,0
BRDA:46,2,0,0
BRDA:46,2,1,0
BRDA:61,3,0,0
BRDA:61,3,1,0
BRDA:80,4,0,0
BRDA:80,4,1,0
BRDA:108,5,0,4
BRDA:108,5,1,0
BRDA:115,6,0,0
BRDA:115,6,1,32
BRDA:121,7,0,4
BRDA:121,7,1,4
BRDA:122,8,0,4
BRDA:122,8,1,4
BRDA:123,9,0,4
BRDA:123,9,1,4
BRDA:124,10,0,4
BRDA:124,10,1,4
BRDA:133,11,0,0
BRDA:133,11,1,0
BRDA:144,12,0,0
BRDA:144,12,1,0
BRDA:156,13,0,0
BRDA:156,13,1,0
BRDA:165,14,0,0
BRDA:165,14,1,0
BRDA:167,15,0,0
BRDA:167,15,1,0
BRDA:172,16,0,0
BRDA:172,16,1,0
BRDA:185,17,0,0
BRDA:197,18,0,0
BRDA:197,18,1,0
BRDA:212,19,0,0
BRDA:212,19,1,0
BRDA:225,20,0,4
BRDA:230,21,0,0
BRDA:230,21,1,4
BRDA:230,22,0,4
BRDA:230,22,1,4
BRDA:230,22,2,4
BRDA:246,23,0,0
BRDA:246,23,1,0
BRDA:259,24,0,0
BRDA:259,24,1,0
BRDA:259,25,0,0
BRDA:259,25,1,0
BRDA:284,26,0,0
BRDA:284,26,1,0
BRDA:306,27,0,0
BRDA:308,28,0,0
BRDA:308,28,1,0
BRDA:310,29,0,0
BRDA:310,29,1,0
BRDA:329,30,0,0
BRDA:329,31,0,0
BRDA:332,32,0,0
BRDA:332,32,1,0
BRDA:335,33,0,0
BRDA:335,33,1,0
BRDA:359,34,0,0
BRDA:359,34,1,0
BRDA:361,35,0,0
BRDA:361,35,1,0
BRF:68
BRH:15
end_of_record
TN:
SF:js\modules\app.js
FN:23,(anonymous_0)
FN:42,(anonymous_1)
FN:101,(anonymous_2)
FN:140,(anonymous_3)
FN:142,(anonymous_4)
FN:155,(anonymous_5)
FN:167,(anonymous_6)
FN:180,(anonymous_7)
FN:182,(anonymous_8)
FN:193,(anonymous_9)
FN:202,(anonymous_10)
FN:221,(anonymous_11)
FN:222,(anonymous_12)
FN:231,(anonymous_13)
FN:250,(anonymous_14)
FN:257,(anonymous_15)
FN:262,(anonymous_16)
FN:279,(anonymous_17)
FN:300,(anonymous_18)
FN:305,(anonymous_19)
FN:325,(anonymous_20)
FN:331,(anonymous_21)
FN:344,(anonymous_22)
FN:374,(anonymous_23)
FN:409,(anonymous_24)
FN:412,(anonymous_25)
FN:416,(anonymous_26)
FN:432,(anonymous_27)
FN:462,(anonymous_28)
FN:488,(anonymous_29)
FN:503,(anonymous_30)
FN:527,(anonymous_31)
FN:531,(anonymous_32)
FN:545,(anonymous_33)
FN:565,(anonymous_34)
FN:569,(anonymous_35)
FN:583,(anonymous_36)
FN:585,(anonymous_37)
FN:590,(anonymous_38)
FN:591,(anonymous_39)
FN:600,(anonymous_40)
FN:613,(anonymous_41)
FN:669,(anonymous_42)
FN:680,(anonymous_43)
FN:701,(anonymous_44)
FN:705,(anonymous_45)
FN:715,(anonymous_46)
FN:730,(anonymous_47)
FN:733,(anonymous_48)
FN:748,(anonymous_49)
FN:751,(anonymous_50)
FN:753,(anonymous_51)
FN:766,(anonymous_52)
FN:773,(anonymous_53)
FN:783,(anonymous_54)
FN:807,(anonymous_55)
FN:821,(anonymous_56)
FN:824,(anonymous_57)
FN:842,(anonymous_58)
FN:855,(anonymous_59)
FN:864,(anonymous_60)
FN:873,(anonymous_61)
FN:880,(anonymous_62)
FN:888,(anonymous_63)
FN:927,(anonymous_64)
FNF:65
FNH:2
FNDA:1,(anonymous_0)
FNDA:0,(anonymous_1)
FNDA:0,(anonymous_2)
FNDA:0,(anonymous_3)
FNDA:0,(anonymous_4)
FNDA:0,(anonymous_5)
FNDA:0,(anonymous_6)
FNDA:0,(anonymous_7)
FNDA:0,(anonymous_8)
FNDA:0,(anonymous_9)
FNDA:0,(anonymous_10)
FNDA:0,(anonymous_11)
FNDA:0,(anonymous_12)
FNDA:0,(anonymous_13)
FNDA:0,(anonymous_14)
FNDA:0,(anonymous_15)
FNDA:0,(anonymous_16)
FNDA:0,(anonymous_17)
FNDA:0,(anonymous_18)
FNDA:0,(anonymous_19)
FNDA:0,(anonymous_20)
FNDA:0,(anonymous_21)
FNDA:0,(anonymous_22)
FNDA:0,(anonymous_23)
FNDA:0,(anonymous_24)
FNDA:0,(anonymous_25)
FNDA:0,(anonymous_26)
FNDA:0,(anonymous_27)
FNDA:0,(anonymous_28)
FNDA:0,(anonymous_29)
FNDA:0,(anonymous_30)
FNDA:0,(anonymous_31)
FNDA:0,(anonymous_32)
FNDA:0,(anonymous_33)
FNDA:0,(anonymous_34)
FNDA:0,(anonymous_35)
FNDA:0,(anonymous_36)
FNDA:0,(anonymous_37)
FNDA:0,(anonymous_38)
FNDA:0,(anonymous_39)
FNDA:0,(anonymous_40)
FNDA:0,(anonymous_41)
FNDA:0,(anonymous_42)
FNDA:0,(anonymous_43)
FNDA:0,(anonymous_44)
FNDA:0,(anonymous_45)
FNDA:0,(anonymous_46)
FNDA:0,(anonymous_47)
FNDA:0,(anonymous_48)
FNDA:0,(anonymous_49)
FNDA:0,(anonymous_50)
FNDA:0,(anonymous_51)
FNDA:0,(anonymous_52)
FNDA:0,(anonymous_53)
FNDA:0,(anonymous_54)
FNDA:0,(anonymous_55)
FNDA:0,(anonymous_56)
FNDA:0,(anonymous_57)
FNDA:1,(anonymous_58)
FNDA:0,(anonymous_59)
FNDA:0,(anonymous_60)
FNDA:0,(anonymous_61)
FNDA:0,(anonymous_62)
FNDA:0,(anonymous_63)
FNDA:0,(anonymous_64)
DA:24,1
DA:25,1
DA:26,1
DA:27,1
DA:30,1
DA:31,1
DA:32,1
DA:33,1
DA:35,1
DA:43,0
DA:44,0
DA:45,0
DA:48,0
DA:49,0
DA:52,0
DA:55,0
DA:56,0
DA:60,0
DA:61,0
DA:64,0
DA:65,0
DA:68,0
DA:71,0
DA:74,0
DA:77,0
DA:78,0
DA:80,0
DA:81,0
DA:84,0
DA:87,0
DA:88,0
DA:91,0
DA:92,0
DA:102,0
DA:104,0
DA:113,0
DA:114,0
DA:115,0
DA:116,0
DA:122,0
DA:123,0
DA:124,0
DA:127,0
DA:128,0
DA:131,0
DA:132,0
DA:142,0
DA:143,0
DA:144,0
DA:151,0
DA:155,0
DA:156,0
DA:157,0
DA:167,0
DA:168,0
DA:169,0
DA:170,0
DA:181,0
DA:182,0
DA:183,0
DA:194,0
DA:196,0
DA:202,0
DA:204,0
DA:205,0
DA:206,0
DA:208,0
DA:222,0
DA:223,0
DA:224,0
DA:225,0
DA:228,0
DA:229,0
DA:231,0
DA:232,0
DA:233,0
DA:234,0
DA:235,0
DA:236,0
DA:238,0
DA:242,0
DA:251,0
DA:253,0
DA:257,0
DA:258,0
DA:262,0
DA:263,0
DA:266,0
DA:267,0
DA:270,0
DA:271,0
DA:280,0
DA:282,0
DA:283,0
DA:286,0
DA:288,0
DA:291,0
DA:302,0
DA:304,0
DA:305,0
DA:306,0
DA:308,0
DA:309,0
DA:312,0
DA:313,0
DA:315,0
DA:317,0
DA:318,0
DA:319,0
DA:325,0
DA:326,0
DA:327,0
DA:331,0
DA:332,0
DA:333,0
DA:334,0
DA:335,0
DA:345,0
DA:347,0
DA:348,0
DA:349,0
DA:350,0
DA:351,0
DA:354,0
DA:361,0
DA:362,0
DA:366,0
DA:375,0
DA:377,0
DA:379,0
DA:382,0
DA:385,0
DA:388,0
DA:391,0
DA:394,0
DA:396,0
DA:397,0
DA:400,0
DA:410,0
DA:412,0
DA:413,0
DA:416,0
DA:417,0
DA:421,0
DA:424,0
DA:433,0
DA:434,0
DA:435,0
DA:436,0
DA:437,0
DA:440,0
DA:447,0
DA:449,0
DA:450,0
DA:453,0
DA:463,0
DA:464,0
DA:467,0
DA:468,0
DA:469,0
DA:472,0
DA:479,0
DA:481,0
DA:482,0
DA:485,0
DA:486,0
DA:488,0
DA:489,0
DA:494,0
DA:504,0
DA:505,0
DA:508,0
DA:509,0
DA:510,0
DA:511,0
DA:515,0
DA:524,0
DA:527,0
DA:528,0
DA:531,0
DA:532,0
DA:536,0
DA:546,0
DA:547,0
DA:550,0
DA:553,0
DA:562,0
DA:565,0
DA:566,0
DA:569,0
DA:570,0
DA:574,0
DA:585,0
DA:586,0
DA:590,0
DA:591,0
DA:601,0
DA:603,0
DA:604,0
DA:605,0
DA:614,0
DA:615,0
DA:616,0
DA:619,0
DA:621,0
DA:622,0
DA:623,0
DA:626,0
DA:627,0
DA:628,0
DA:629,0
DA:632,0
DA:635,0
DA:636,0
DA:637,0
DA:638,0
DA:642,0
DA:643,0
DA:644,0
DA:651,0
DA:654,0
DA:664,0
DA:667,0
DA:668,0
DA:670,0
DA:671,0
DA:677,0
DA:680,0
DA:681,0
DA:684,0
DA:685,0
DA:689,0
DA:692,0
DA:702,0
DA:703,0
DA:705,0
DA:706,0
DA:707,0
DA:708,0
DA:710,0
DA:717,0
DA:722,0
DA:723,0
DA:732,0
DA:733,0
DA:734,0
DA:735,0
DA:739,0
DA:740,0
DA:751,0
DA:752,0
DA:753,0
DA:754,0
DA:755,0
DA:756,0
DA:758,0
DA:766,0
DA:767,0
DA:768,0
DA:769,0
DA:773,0
DA:774,0
DA:784,0
DA:787,0
DA:794,0
DA:797,0
DA:798,0
DA:808,0
DA:810,0
DA:812,0
DA:815,0
DA:818,0
DA:819,0
DA:820,0
DA:821,0
DA:822,0
DA:824,0
DA:825,0
DA:827,0
DA:830,0
DA:834,0
DA:844,1
DA:845,0
DA:847,1
DA:856,0
DA:865,0
DA:866,0
DA:874,0
DA:881,0
DA:882,0
DA:885,0
DA:888,0
DA:889,0
DA:890,0
DA:891,0
DA:894,0
DA:898,0
DA:901,0
DA:902,0
DA:906,0
DA:907,0
DA:911,0
DA:912,0
DA:915,0
DA:917,0
DA:922,1
DA:925,1
DA:926,0
DA:927,0
DA:928,0
DA:932,0
DA:937,1
DA:938,1
DA:941,1
LF:314
LH:16
BRDA:43,0,0,0
BRDA:43,0,1,0
BRDA:55,1,0,0
BRDA:55,1,1,0
BRDA:114,2,0,0
BRDA:114,2,1,0
BRDA:122,3,0,0
BRDA:122,3,1,0
BRDA:122,4,0,0
BRDA:122,4,1,0
BRDA:168,5,0,0
BRDA:168,5,1,0
BRDA:168,6,0,0
BRDA:168,6,1,0
BRDA:181,7,0,0
BRDA:181,7,1,0
BRDA:221,8,0,0
BRDA:221,9,0,0
BRDA:223,10,0,0
BRDA:223,10,1,0
BRDA:232,11,0,0
BRDA:232,11,1,0
BRDA:235,12,0,0
BRDA:235,12,1,0
BRDA:302,13,0,0
BRDA:302,13,1,0
BRDA:332,14,0,0
BRDA:332,14,1,0
BRDA:348,15,0,0
BRDA:348,15,1,0
BRDA:356,16,0,0
BRDA:356,16,1,0
BRDA:435,17,0,0
BRDA:435,17,1,0
BRDA:464,18,0,0
BRDA:464,18,1,0
BRDA:467,19,0,0
BRDA:467,19,1,0
BRDA:486,20,0,0
BRDA:486,20,1,0
BRDA:509,21,0,0
BRDA:509,21,1,0
BRDA:550,22,0,0
BRDA:550,22,1,0
BRDA:604,23,0,0
BRDA:604,23,1,0
BRDA:604,24,0,0
BRDA:604,24,1,0
BRDA:615,25,0,0
BRDA:615,25,1,0
BRDA:615,26,0,0
BRDA:615,26,1,0
BRDA:621,27,0,0
BRDA:621,27,1,0
BRDA:627,28,0,0
BRDA:627,28,1,0
BRDA:636,29,0,0
BRDA:636,29,1,0
BRDA:667,30,0,0
BRDA:667,30,1,0
BRDA:684,31,0,0
BRDA:684,31,1,0
BRDA:684,32,0,0
BRDA:684,32,1,0
BRDA:739,33,0,0
BRDA:739,33,1,0
BRDA:739,34,0,0
BRDA:739,34,1,0
BRDA:754,35,0,0
BRDA:754,35,1,0
BRDA:755,36,0,0
BRDA:755,36,1,0
BRDA:797,37,0,0
BRDA:797,37,1,0
BRDA:818,38,0,0
BRDA:818,38,1,0
BRDA:844,39,0,0
BRDA:844,39,1,1
BRDA:844,40,0,1
BRDA:844,40,1,1
BRDA:856,41,0,0
BRDA:856,41,1,0
BRDA:881,42,0,0
BRDA:881,42,1,0
BRDA:890,43,0,0
BRDA:890,43,1,0
BRDA:901,44,0,0
BRDA:901,44,1,0
BRDA:906,45,0,0
BRDA:906,45,1,0
BRDA:911,46,0,0
BRDA:911,46,1,0
BRDA:925,47,0,0
BRDA:925,47,1,1
BRDA:925,48,0,1
BRDA:925,48,1,1
BRDA:937,49,0,1
BRDA:937,49,1,0
BRF:98
BRH:7
end_of_record
